[0.553s] Invoking command in '/home/sameer/ros2_ws/src/turtle_control': PYTHONPATH=/home/sameer/ros2_ws/build/turtle_control/prefix_override:/usr/lib/python3/dist-packages/colcon_core/task/python/colcon_distutils_commands:/home/sameer/ros2_ws/install/turtle_control/lib/python3.10/site-packages:${PYTHONPATH} /usr/bin/python3 -W ignore:setup.py install is deprecated -W ignore:easy_install command is deprecated setup.py egg_info --egg-base ../../build/turtle_control build --build-base /home/sameer/ros2_ws/build/turtle_control/build install --record /home/sameer/ros2_ws/build/turtle_control/install.log --single-version-externally-managed install_data
[0.685s] /home/sameer/.local/lib/python3.10/site-packages/setuptools/_distutils/dist.py:289: UserWarning: Unknown distribution option: 'tests_require'
[0.685s]   warnings.warn(msg)
[0.766s] running egg_info
[0.779s] writing ../../build/turtle_control/turtle_control.egg-info/PKG-INFO
[0.780s] writing dependency_links to ../../build/turtle_control/turtle_control.egg-info/dependency_links.txt
[0.780s] writing entry points to ../../build/turtle_control/turtle_control.egg-info/entry_points.txt
[0.781s] writing requirements to ../../build/turtle_control/turtle_control.egg-info/requires.txt
[0.781s] writing top-level names to ../../build/turtle_control/turtle_control.egg-info/top_level.txt
[0.808s] reading manifest file '../../build/turtle_control/turtle_control.egg-info/SOURCES.txt'
[0.809s] writing manifest file '../../build/turtle_control/turtle_control.egg-info/SOURCES.txt'
[0.809s] running build
[0.810s] running build_py
[0.810s] running install
[0.814s] running install_lib
[0.828s] running install_data
[0.828s] creating /home/sameer/ros2_ws/install/turtle_control/share/turtle_control/launch
[0.829s] copying launch/bringup.launch.py -> /home/sameer/ros2_ws/install/turtle_control/share/turtle_control/launch
[0.829s] running install_egg_info
[0.846s] removing '/home/sameer/ros2_ws/install/turtle_control/lib/python3.10/site-packages/turtle_control-0.0.0-py3.10.egg-info' (and everything under it)
[0.846s] Copying ../../build/turtle_control/turtle_control.egg-info to /home/sameer/ros2_ws/install/turtle_control/lib/python3.10/site-packages/turtle_control-0.0.0-py3.10.egg-info
[0.847s] running install_scripts
[0.874s] Installing figure8_driver script to /home/sameer/ros2_ws/install/turtle_control/lib/turtle_control
[0.875s] Installing trace_toggle script to /home/sameer/ros2_ws/install/turtle_control/lib/turtle_control
[0.875s] writing list of installed files to '/home/sameer/ros2_ws/build/turtle_control/install.log'
[0.892s] Invoked command in '/home/sameer/ros2_ws/src/turtle_control' returned '0': PYTHONPATH=/home/sameer/ros2_ws/build/turtle_control/prefix_override:/usr/lib/python3/dist-packages/colcon_core/task/python/colcon_distutils_commands:/home/sameer/ros2_ws/install/turtle_control/lib/python3.10/site-packages:${PYTHONPATH} /usr/bin/python3 -W ignore:setup.py install is deprecated -W ignore:easy_install command is deprecated setup.py egg_info --egg-base ../../build/turtle_control build --build-base /home/sameer/ros2_ws/build/turtle_control/build install --record /home/sameer/ros2_ws/build/turtle_control/install.log --single-version-externally-managed install_data
