[0.013s] Invoking command in '/home/hp/turtlebot3_ws/build/turtlebot3_node': CMAKE_PREFIX_PATH=/home/hp/turtlebot3_ws/install/turtlebot3_msgs:/home/hp/turtlebot3_ws/install/turtlebot3:/home/hp/turtlebot3_ws/install/turtlebot3_simulations:/home/hp/turtlebot3_ws/install/turtlebot3_bringup:/home/hp/turtlebot3_ws/install/turtlebot3_node:/home/hp/turtlebot3_ws/install/turtlebot3_navigation2:/home/hp/turtlebot3_ws/install/turtlebot3_fake_node:/home/hp/turtlebot3_ws/install/turtlebot3_manipulation_gazebo:/home/hp/turtlebot3_ws/install/turtlebot3_gazebo:/home/hp/turtlebot3_ws/install/turtlebot3_description:/home/hp/turtlebot3_ws/install/turtlebot3_cartographer:/home/hp/turtlebot3_ws/install/turtlebot3_teleop:/home/hp/turtlebot3_ws/install/turtlebot3_example:/opt/ros/humble /usr/bin/cmake --build /home/hp/turtlebot3_ws/build/turtlebot3_node -- -j12 -l12
[0.223s] [35m[1mConsolidate compiler generated dependencies of target turtlebot3_node_lib[0m
[0.223s] [ 85%] Built target turtlebot3_node_lib
[0.223s] [35m[1mConsolidate compiler generated dependencies of target turtlebot3_ros[0m
[0.223s] [100%] Built target turtlebot3_ros
[0.227s] Invoked command in '/home/hp/turtlebot3_ws/build/turtlebot3_node' returned '0': CMAKE_PREFIX_PATH=/home/hp/turtlebot3_ws/install/turtlebot3_msgs:/home/hp/turtlebot3_ws/install/turtlebot3:/home/hp/turtlebot3_ws/install/turtlebot3_simulations:/home/hp/turtlebot3_ws/install/turtlebot3_bringup:/home/hp/turtlebot3_ws/install/turtlebot3_node:/home/hp/turtlebot3_ws/install/turtlebot3_navigation2:/home/hp/turtlebot3_ws/install/turtlebot3_fake_node:/home/hp/turtlebot3_ws/install/turtlebot3_manipulation_gazebo:/home/hp/turtlebot3_ws/install/turtlebot3_gazebo:/home/hp/turtlebot3_ws/install/turtlebot3_description:/home/hp/turtlebot3_ws/install/turtlebot3_cartographer:/home/hp/turtlebot3_ws/install/turtlebot3_teleop:/home/hp/turtlebot3_ws/install/turtlebot3_example:/opt/ros/humble /usr/bin/cmake --build /home/hp/turtlebot3_ws/build/turtlebot3_node -- -j12 -l12
[0.228s] Invoking command in '/home/hp/turtlebot3_ws/build/turtlebot3_node': CMAKE_PREFIX_PATH=/home/hp/turtlebot3_ws/install/turtlebot3_msgs:/home/hp/turtlebot3_ws/install/turtlebot3:/home/hp/turtlebot3_ws/install/turtlebot3_simulations:/home/hp/turtlebot3_ws/install/turtlebot3_bringup:/home/hp/turtlebot3_ws/install/turtlebot3_node:/home/hp/turtlebot3_ws/install/turtlebot3_navigation2:/home/hp/turtlebot3_ws/install/turtlebot3_fake_node:/home/hp/turtlebot3_ws/install/turtlebot3_manipulation_gazebo:/home/hp/turtlebot3_ws/install/turtlebot3_gazebo:/home/hp/turtlebot3_ws/install/turtlebot3_description:/home/hp/turtlebot3_ws/install/turtlebot3_cartographer:/home/hp/turtlebot3_ws/install/turtlebot3_teleop:/home/hp/turtlebot3_ws/install/turtlebot3_example:/opt/ros/humble /usr/bin/cmake --install /home/hp/turtlebot3_ws/build/turtlebot3_node
[0.233s] -- Install configuration: ""
[0.234s] -- Execute custom install script
[0.234s] -- Up-to-date symlink: /home/hp/turtlebot3_ws/install/turtlebot3_node/share/turtlebot3_node/param/burger.yaml
[0.234s] -- Up-to-date symlink: /home/hp/turtlebot3_ws/install/turtlebot3_node/share/turtlebot3_node/param/waffle.yaml
[0.234s] -- Up-to-date symlink: /home/hp/turtlebot3_ws/install/turtlebot3_node/share/turtlebot3_node/param/waffle_pi.yaml
[0.234s] -- Up-to-date symlink: /home/hp/turtlebot3_ws/install/turtlebot3_node/lib/turtlebot3_node/turtlebot3_ros
[0.234s] -- Up-to-date symlink: /home/hp/turtlebot3_ws/install/turtlebot3_node/share/ament_index/resource_index/package_run_dependencies/turtlebot3_node
[0.234s] -- Up-to-date symlink: /home/hp/turtlebot3_ws/install/turtlebot3_node/share/ament_index/resource_index/parent_prefix_path/turtlebot3_node
[0.235s] -- Up-to-date symlink: /home/hp/turtlebot3_ws/install/turtlebot3_node/share/turtlebot3_node/environment/ament_prefix_path.sh
[0.235s] -- Up-to-date symlink: /home/hp/turtlebot3_ws/install/turtlebot3_node/share/turtlebot3_node/environment/ament_prefix_path.dsv
[0.235s] -- Up-to-date symlink: /home/hp/turtlebot3_ws/install/turtlebot3_node/share/turtlebot3_node/environment/path.sh
[0.235s] -- Up-to-date symlink: /home/hp/turtlebot3_ws/install/turtlebot3_node/share/turtlebot3_node/environment/path.dsv
[0.235s] -- Up-to-date symlink: /home/hp/turtlebot3_ws/install/turtlebot3_node/share/turtlebot3_node/local_setup.bash
[0.235s] -- Up-to-date symlink: /home/hp/turtlebot3_ws/install/turtlebot3_node/share/turtlebot3_node/local_setup.sh
[0.235s] -- Up-to-date symlink: /home/hp/turtlebot3_ws/install/turtlebot3_node/share/turtlebot3_node/local_setup.zsh
[0.235s] -- Up-to-date symlink: /home/hp/turtlebot3_ws/install/turtlebot3_node/share/turtlebot3_node/local_setup.dsv
[0.236s] -- Symlinking: /home/hp/turtlebot3_ws/install/turtlebot3_node/share/turtlebot3_node/package.dsv
[0.242s] -- Up-to-date symlink: /home/hp/turtlebot3_ws/install/turtlebot3_node/share/ament_index/resource_index/packages/turtlebot3_node
[0.242s] -- Up-to-date symlink: /home/hp/turtlebot3_ws/install/turtlebot3_node/share/turtlebot3_node/cmake/ament_cmake_export_dependencies-extras.cmake
[0.242s] -- Up-to-date symlink: /home/hp/turtlebot3_ws/install/turtlebot3_node/share/turtlebot3_node/cmake/ament_cmake_export_include_directories-extras.cmake
[0.242s] -- Up-to-date symlink: /home/hp/turtlebot3_ws/install/turtlebot3_node/share/turtlebot3_node/cmake/turtlebot3_nodeConfig.cmake
[0.242s] -- Up-to-date symlink: /home/hp/turtlebot3_ws/install/turtlebot3_node/share/turtlebot3_node/cmake/turtlebot3_nodeConfig-version.cmake
[0.243s] -- Up-to-date symlink: /home/hp/turtlebot3_ws/install/turtlebot3_node/share/turtlebot3_node/package.xml
[0.244s] Invoked command in '/home/hp/turtlebot3_ws/build/turtlebot3_node' returned '0': CMAKE_PREFIX_PATH=/home/hp/turtlebot3_ws/install/turtlebot3_msgs:/home/hp/turtlebot3_ws/install/turtlebot3:/home/hp/turtlebot3_ws/install/turtlebot3_simulations:/home/hp/turtlebot3_ws/install/turtlebot3_bringup:/home/hp/turtlebot3_ws/install/turtlebot3_node:/home/hp/turtlebot3_ws/install/turtlebot3_navigation2:/home/hp/turtlebot3_ws/install/turtlebot3_fake_node:/home/hp/turtlebot3_ws/install/turtlebot3_manipulation_gazebo:/home/hp/turtlebot3_ws/install/turtlebot3_gazebo:/home/hp/turtlebot3_ws/install/turtlebot3_description:/home/hp/turtlebot3_ws/install/turtlebot3_cartographer:/home/hp/turtlebot3_ws/install/turtlebot3_teleop:/home/hp/turtlebot3_ws/install/turtlebot3_example:/opt/ros/humble /usr/bin/cmake --install /home/hp/turtlebot3_ws/build/turtlebot3_node
