[0.462s] Invoking command in '/home/kabboimran7/ros2_ws/src/turtle_control': PYTHONPATH=/home/kabboimran7/ros2_ws/build/turtle_control/prefix_override:/usr/lib/python3/dist-packages/colcon_core/task/python/colcon_distutils_commands:/home/kabboimran7/ros2_ws/install/turtle_control/lib/python3.10/site-packages:${PYTHONPATH} /usr/bin/python3 -W ignore:setup.py install is deprecated -W ignore:easy_install command is deprecated setup.py egg_info --egg-base ../../build/turtle_control build --build-base /home/kabboimran7/ros2_ws/build/turtle_control/build install --record /home/kabboimran7/ros2_ws/build/turtle_control/install.log --single-version-externally-managed
[0.572s] running egg_info
[0.572s] writing ../../build/turtle_control/turtle_control.egg-info/PKG-INFO
[0.573s] writing dependency_links to ../../build/turtle_control/turtle_control.egg-info/dependency_links.txt
[0.573s] writing entry points to ../../build/turtle_control/turtle_control.egg-info/entry_points.txt
[0.573s] writing requirements to ../../build/turtle_control/turtle_control.egg-info/requires.txt
[0.573s] writing top-level names to ../../build/turtle_control/turtle_control.egg-info/top_level.txt
[0.574s] reading manifest file '../../build/turtle_control/turtle_control.egg-info/SOURCES.txt'
[0.575s] adding license file 'LICENSE'
[0.575s] writing manifest file '../../build/turtle_control/turtle_control.egg-info/SOURCES.txt'
[0.575s] running build
[0.575s] running build_py
[0.576s] running install
[0.576s] running install_lib
[0.578s] running install_egg_info
[0.579s] removing '/home/kabboimran7/ros2_ws/install/turtle_control/lib/python3.10/site-packages/turtle_control-0.0.0-py3.10.egg-info' (and everything under it)
[0.579s] Copying ../../build/turtle_control/turtle_control.egg-info to /home/kabboimran7/ros2_ws/install/turtle_control/lib/python3.10/site-packages/turtle_control-0.0.0-py3.10.egg-info
[0.580s] running install_scripts
[0.592s] Installing figure8_driver script to /home/kabboimran7/ros2_ws/install/turtle_control/lib/turtle_control
[0.592s] Installing trace_toggle script to /home/kabboimran7/ros2_ws/install/turtle_control/lib/turtle_control
[0.592s] writing list of installed files to '/home/kabboimran7/ros2_ws/build/turtle_control/install.log'
[0.606s] Invoked command in '/home/kabboimran7/ros2_ws/src/turtle_control' returned '0': PYTHONPATH=/home/kabboimran7/ros2_ws/build/turtle_control/prefix_override:/usr/lib/python3/dist-packages/colcon_core/task/python/colcon_distutils_commands:/home/kabboimran7/ros2_ws/install/turtle_control/lib/python3.10/site-packages:${PYTHONPATH} /usr/bin/python3 -W ignore:setup.py install is deprecated -W ignore:easy_install command is deprecated setup.py egg_info --egg-base ../../build/turtle_control build --build-base /home/kabboimran7/ros2_ws/build/turtle_control/build install --record /home/kabboimran7/ros2_ws/build/turtle_control/install.log --single-version-externally-managed
