/usr/lib/python3.13/site-packages/setuptools/_distutils/dist.py:289: UserWarning: Unknown distribution option: 'tests_require'
  warnings.warn(msg)
running egg_info
creating ../../build/turtle_control/turtle_control.egg-info
writing ../../build/turtle_control/turtle_control.egg-info/PKG-INFO
writing dependency_links to ../../build/turtle_control/turtle_control.egg-info/dependency_links.txt
writing requirements to ../../build/turtle_control/turtle_control.egg-info/requires.txt
writing top-level names to ../../build/turtle_control/turtle_control.egg-info/top_level.txt
writing manifest file '../../build/turtle_control/turtle_control.egg-info/SOURCES.txt'
[2;36m[07/12/25 18:39:57][0m[2;36m [0m[1;31mERROR   [0m listing git files failed - pretending there aren't any                                                           ]8;id=216573;file:///usr/lib/python3.13/site-packages/setuptools_scm/_file_finders/git.py\[2mgit.py[0m]8;;\[2m:[0m]8;id=74546;file:///usr/lib/python3.13/site-packages/setuptools_scm/_file_finders/git.py#26\[2m26[0m]8;;\
reading manifest file '../../build/turtle_control/turtle_control.egg-info/SOURCES.txt'
writing manifest file '../../build/turtle_control/turtle_control.egg-info/SOURCES.txt'
running build
running build_py
creating /home/himel/ros2_ws/build/turtle_control/build/lib/turtle_control
copying turtle_control/__init__.py -> /home/himel/ros2_ws/build/turtle_control/build/lib/turtle_control
running install
running install_lib
creating /home/himel/ros2_ws/install/turtle_control/lib/python3.13/site-packages/turtle_control
copying /home/himel/ros2_ws/build/turtle_control/build/lib/turtle_control/__init__.py -> /home/himel/ros2_ws/install/turtle_control/lib/python3.13/site-packages/turtle_control
byte-compiling /home/himel/ros2_ws/install/turtle_control/lib/python3.13/site-packages/turtle_control/__init__.py to __init__.cpython-313.pyc
running install_data
creating /home/himel/ros2_ws/install/turtle_control/share/ament_index/resource_index/packages
copying resource/turtle_control -> /home/himel/ros2_ws/install/turtle_control/share/ament_index/resource_index/packages
copying package.xml -> /home/himel/ros2_ws/install/turtle_control/share/turtle_control
running install_egg_info
Copying ../../build/turtle_control/turtle_control.egg-info to /home/himel/ros2_ws/install/turtle_control/lib/python3.13/site-packages/turtle_control-0.0.0-py3.13.egg-info
running install_scripts
writing list of installed files to '/home/himel/ros2_ws/build/turtle_control/install.log'
