[1.287s] Invoking command in '/home/hp/turtlebot3_ws/build/turtlebot3_teleop': PYTHONPATH=/home/hp/turtlebot3_ws/build/turtlebot3_teleop/prefix_override:/usr/lib/python3/dist-packages/colcon_core/task/python/colcon_distutils_commands:/home/hp/turtlebot3_ws/install/turtlebot3_teleop/lib/python3.10/site-packages:${PYTHONPATH} /usr/bin/python3 -W ignore:setup.py install is deprecated -W ignore:easy_install command is deprecated setup.py develop --editable --build-directory /home/hp/turtlebot3_ws/build/turtlebot3_teleop/build --no-deps symlink_data
[1.505s] running develop
[1.634s] running egg_info
[1.634s] creating turtlebot3_teleop.egg-info
[1.634s] writing turtlebot3_teleop.egg-info/PKG-INFO
[1.634s] writing dependency_links to turtlebot3_teleop.egg-info/dependency_links.txt
[1.634s] writing entry points to turtlebot3_teleop.egg-info/entry_points.txt
[1.634s] writing requirements to turtlebot3_teleop.egg-info/requires.txt
[1.635s] writing top-level names to turtlebot3_teleop.egg-info/top_level.txt
[1.635s] writing manifest file 'turtlebot3_teleop.egg-info/SOURCES.txt'
[1.636s] reading manifest file 'turtlebot3_teleop.egg-info/SOURCES.txt'
[1.637s] writing manifest file 'turtlebot3_teleop.egg-info/SOURCES.txt'
[1.638s] running build_ext
[1.638s] Creating /home/hp/turtlebot3_ws/install/turtlebot3_teleop/lib/python3.10/site-packages/turtlebot3-teleop.egg-link (link to .)
[1.639s] Installing teleop_keyboard script to /home/hp/turtlebot3_ws/install/turtlebot3_teleop/lib/turtlebot3_teleop
[1.639s] 
[1.639s] Installed /home/hp/turtlebot3_ws/build/turtlebot3_teleop
[1.639s] running symlink_data
[1.639s] creating /home/hp/turtlebot3_ws/install/turtlebot3_teleop/share/ament_index
[1.639s] creating /home/hp/turtlebot3_ws/install/turtlebot3_teleop/share/ament_index/resource_index
[1.639s] creating /home/hp/turtlebot3_ws/install/turtlebot3_teleop/share/ament_index/resource_index/packages
[1.639s] symbolically linking /home/hp/turtlebot3_ws/build/turtlebot3_teleop/resource/turtlebot3_teleop -> /home/hp/turtlebot3_ws/install/turtlebot3_teleop/share/ament_index/resource_index/packages
[1.639s] symbolically linking /home/hp/turtlebot3_ws/build/turtlebot3_teleop/package.xml -> /home/hp/turtlebot3_ws/install/turtlebot3_teleop/share/turtlebot3_teleop
[1.660s] Invoked command in '/home/hp/turtlebot3_ws/build/turtlebot3_teleop' returned '0': PYTHONPATH=/home/hp/turtlebot3_ws/build/turtlebot3_teleop/prefix_override:/usr/lib/python3/dist-packages/colcon_core/task/python/colcon_distutils_commands:/home/hp/turtlebot3_ws/install/turtlebot3_teleop/lib/python3.10/site-packages:${PYTHONPATH} /usr/bin/python3 -W ignore:setup.py install is deprecated -W ignore:easy_install command is deprecated setup.py develop --editable --build-directory /home/hp/turtlebot3_ws/build/turtlebot3_teleop/build --no-deps symlink_data
