running egg_info
creating ../../build/turtlebot3_custom_control/turtlebot3_custom_control.egg-info
writing ../../build/turtlebot3_custom_control/turtlebot3_custom_control.egg-info/PKG-INFO
writing dependency_links to ../../build/turtlebot3_custom_control/turtlebot3_custom_control.egg-info/dependency_links.txt
writing entry points to ../../build/turtlebot3_custom_control/turtlebot3_custom_control.egg-info/entry_points.txt
writing requirements to ../../build/turtlebot3_custom_control/turtlebot3_custom_control.egg-info/requires.txt
writing top-level names to ../../build/turtlebot3_custom_control/turtlebot3_custom_control.egg-info/top_level.txt
writing manifest file '../../build/turtlebot3_custom_control/turtlebot3_custom_control.egg-info/SOURCES.txt'
reading manifest file '../../build/turtlebot3_custom_control/turtlebot3_custom_control.egg-info/SOURCES.txt'
writing manifest file '../../build/turtlebot3_custom_control/turtlebot3_custom_control.egg-info/SOURCES.txt'
running build
running build_py
creating /home/hp/turtlebot3_ws/build/turtlebot3_custom_control/build
creating /home/hp/turtlebot3_ws/build/turtlebot3_custom_control/build/lib
creating /home/hp/turtlebot3_ws/build/turtlebot3_custom_control/build/lib/turtlebot3_custom_control
copying turtlebot3_custom_control/__init__.py -> /home/hp/turtlebot3_ws/build/turtlebot3_custom_control/build/lib/turtlebot3_custom_control
copying turtlebot3_custom_control/keyboard_control.py -> /home/hp/turtlebot3_ws/build/turtlebot3_custom_control/build/lib/turtlebot3_custom_control
running install
running install_lib
creating /home/hp/turtlebot3_ws/install/turtlebot3_custom_control/lib/python3.10/site-packages/turtlebot3_custom_control
copying /home/hp/turtlebot3_ws/build/turtlebot3_custom_control/build/lib/turtlebot3_custom_control/__init__.py -> /home/hp/turtlebot3_ws/install/turtlebot3_custom_control/lib/python3.10/site-packages/turtlebot3_custom_control
copying /home/hp/turtlebot3_ws/build/turtlebot3_custom_control/build/lib/turtlebot3_custom_control/keyboard_control.py -> /home/hp/turtlebot3_ws/install/turtlebot3_custom_control/lib/python3.10/site-packages/turtlebot3_custom_control
byte-compiling /home/hp/turtlebot3_ws/install/turtlebot3_custom_control/lib/python3.10/site-packages/turtlebot3_custom_control/__init__.py to __init__.cpython-310.pyc
byte-compiling /home/hp/turtlebot3_ws/install/turtlebot3_custom_control/lib/python3.10/site-packages/turtlebot3_custom_control/keyboard_control.py to keyboard_control.cpython-310.pyc
running install_data
creating /home/hp/turtlebot3_ws/install/turtlebot3_custom_control/share/ament_index
creating /home/hp/turtlebot3_ws/install/turtlebot3_custom_control/share/ament_index/resource_index
creating /home/hp/turtlebot3_ws/install/turtlebot3_custom_control/share/ament_index/resource_index/packages
copying resource/turtlebot3_custom_control -> /home/hp/turtlebot3_ws/install/turtlebot3_custom_control/share/ament_index/resource_index/packages
copying package.xml -> /home/hp/turtlebot3_ws/install/turtlebot3_custom_control/share/turtlebot3_custom_control
running install_egg_info
Copying ../../build/turtlebot3_custom_control/turtlebot3_custom_control.egg-info to /home/hp/turtlebot3_ws/install/turtlebot3_custom_control/lib/python3.10/site-packages/turtlebot3_custom_control-0.0.0-py3.10.egg-info
running install_scripts
Installing keyboard_control script to /home/hp/turtlebot3_ws/install/turtlebot3_custom_control/lib/turtlebot3_custom_control
writing list of installed files to '/home/hp/turtlebot3_ws/build/turtlebot3_custom_control/install.log'
