[0.435s] Invoking command in '/home/hp/turtlebot3_ws/src/turtlebot3_custom_control': PYTHONPATH=/home/hp/turtlebot3_ws/build/turtlebot3_custom_control/prefix_override:/usr/lib/python3/dist-packages/colcon_core/task/python/colcon_distutils_commands:/home/hp/turtlebot3_ws/install/turtlebot3_custom_control/lib/python3.10/site-packages:${PYTHONPATH} /usr/bin/python3 -W ignore:setup.py install is deprecated -W ignore:easy_install command is deprecated setup.py egg_info --egg-base ../../build/turtlebot3_custom_control build --build-base /home/hp/turtlebot3_ws/build/turtlebot3_custom_control/build install --record /home/hp/turtlebot3_ws/build/turtlebot3_custom_control/install.log --single-version-externally-managed install_data
[0.611s] running egg_info
[0.611s] creating ../../build/turtlebot3_custom_control/turtlebot3_custom_control.egg-info
[0.612s] writing ../../build/turtlebot3_custom_control/turtlebot3_custom_control.egg-info/PKG-INFO
[0.612s] writing dependency_links to ../../build/turtlebot3_custom_control/turtlebot3_custom_control.egg-info/dependency_links.txt
[0.612s] writing entry points to ../../build/turtlebot3_custom_control/turtlebot3_custom_control.egg-info/entry_points.txt
[0.612s] writing requirements to ../../build/turtlebot3_custom_control/turtlebot3_custom_control.egg-info/requires.txt
[0.612s] writing top-level names to ../../build/turtlebot3_custom_control/turtlebot3_custom_control.egg-info/top_level.txt
[0.612s] writing manifest file '../../build/turtlebot3_custom_control/turtlebot3_custom_control.egg-info/SOURCES.txt'
[0.613s] reading manifest file '../../build/turtlebot3_custom_control/turtlebot3_custom_control.egg-info/SOURCES.txt'
[0.614s] writing manifest file '../../build/turtlebot3_custom_control/turtlebot3_custom_control.egg-info/SOURCES.txt'
[0.614s] running build
[0.614s] running build_py
[0.614s] creating /home/hp/turtlebot3_ws/build/turtlebot3_custom_control/build
[0.614s] creating /home/hp/turtlebot3_ws/build/turtlebot3_custom_control/build/lib
[0.614s] creating /home/hp/turtlebot3_ws/build/turtlebot3_custom_control/build/lib/turtlebot3_custom_control
[0.614s] copying turtlebot3_custom_control/__init__.py -> /home/hp/turtlebot3_ws/build/turtlebot3_custom_control/build/lib/turtlebot3_custom_control
[0.614s] copying turtlebot3_custom_control/keyboard_control.py -> /home/hp/turtlebot3_ws/build/turtlebot3_custom_control/build/lib/turtlebot3_custom_control
[0.614s] running install
[0.614s] running install_lib
[0.615s] creating /home/hp/turtlebot3_ws/install/turtlebot3_custom_control/lib/python3.10/site-packages/turtlebot3_custom_control
[0.615s] copying /home/hp/turtlebot3_ws/build/turtlebot3_custom_control/build/lib/turtlebot3_custom_control/__init__.py -> /home/hp/turtlebot3_ws/install/turtlebot3_custom_control/lib/python3.10/site-packages/turtlebot3_custom_control
[0.615s] copying /home/hp/turtlebot3_ws/build/turtlebot3_custom_control/build/lib/turtlebot3_custom_control/keyboard_control.py -> /home/hp/turtlebot3_ws/install/turtlebot3_custom_control/lib/python3.10/site-packages/turtlebot3_custom_control
[0.615s] byte-compiling /home/hp/turtlebot3_ws/install/turtlebot3_custom_control/lib/python3.10/site-packages/turtlebot3_custom_control/__init__.py to __init__.cpython-310.pyc
[0.615s] byte-compiling /home/hp/turtlebot3_ws/install/turtlebot3_custom_control/lib/python3.10/site-packages/turtlebot3_custom_control/keyboard_control.py to keyboard_control.cpython-310.pyc
[0.616s] running install_data
[0.616s] creating /home/hp/turtlebot3_ws/install/turtlebot3_custom_control/share/ament_index
[0.616s] creating /home/hp/turtlebot3_ws/install/turtlebot3_custom_control/share/ament_index/resource_index
[0.616s] creating /home/hp/turtlebot3_ws/install/turtlebot3_custom_control/share/ament_index/resource_index/packages
[0.616s] copying resource/turtlebot3_custom_control -> /home/hp/turtlebot3_ws/install/turtlebot3_custom_control/share/ament_index/resource_index/packages
[0.616s] copying package.xml -> /home/hp/turtlebot3_ws/install/turtlebot3_custom_control/share/turtlebot3_custom_control
[0.616s] running install_egg_info
[0.617s] Copying ../../build/turtlebot3_custom_control/turtlebot3_custom_control.egg-info to /home/hp/turtlebot3_ws/install/turtlebot3_custom_control/lib/python3.10/site-packages/turtlebot3_custom_control-0.0.0-py3.10.egg-info
[0.618s] running install_scripts
[0.633s] Installing keyboard_control script to /home/hp/turtlebot3_ws/install/turtlebot3_custom_control/lib/turtlebot3_custom_control
[0.633s] writing list of installed files to '/home/hp/turtlebot3_ws/build/turtlebot3_custom_control/install.log'
[0.650s] Invoked command in '/home/hp/turtlebot3_ws/src/turtlebot3_custom_control' returned '0': PYTHONPATH=/home/hp/turtlebot3_ws/build/turtlebot3_custom_control/prefix_override:/usr/lib/python3/dist-packages/colcon_core/task/python/colcon_distutils_commands:/home/hp/turtlebot3_ws/install/turtlebot3_custom_control/lib/python3.10/site-packages:${PYTHONPATH} /usr/bin/python3 -W ignore:setup.py install is deprecated -W ignore:easy_install command is deprecated setup.py egg_info --egg-base ../../build/turtlebot3_custom_control build --build-base /home/hp/turtlebot3_ws/build/turtlebot3_custom_control/build install --record /home/hp/turtlebot3_ws/build/turtlebot3_custom_control/install.log --single-version-externally-managed install_data
