/home/sameer/.local/lib/python3.10/site-packages/setuptools/_distutils/dist.py:289: UserWarning: Unknown distribution option: 'tests_require'
  warnings.warn(msg)
running egg_info
writing ../../build/turtle_control/turtle_control.egg-info/PKG-INFO
writing dependency_links to ../../build/turtle_control/turtle_control.egg-info/dependency_links.txt
writing entry points to ../../build/turtle_control/turtle_control.egg-info/entry_points.txt
writing requirements to ../../build/turtle_control/turtle_control.egg-info/requires.txt
writing top-level names to ../../build/turtle_control/turtle_control.egg-info/top_level.txt
reading manifest file '../../build/turtle_control/turtle_control.egg-info/SOURCES.txt'
writing manifest file '../../build/turtle_control/turtle_control.egg-info/SOURCES.txt'
running build
running build_py
running install
running install_lib
running install_data
running install_egg_info
removing '/home/sameer/ros2_ws/install/turtle_control/lib/python3.10/site-packages/turtle_control-0.0.0-py3.10.egg-info' (and everything under it)
Copying ../../build/turtle_control/turtle_control.egg-info to /home/sameer/ros2_ws/install/turtle_control/lib/python3.10/site-packages/turtle_control-0.0.0-py3.10.egg-info
running install_scripts
Installing figure8_driver script to /home/sameer/ros2_ws/install/turtle_control/lib/turtle_control
Installing trace_toggle script to /home/sameer/ros2_ws/install/turtle_control/lib/turtle_control
writing list of installed files to '/home/sameer/ros2_ws/build/turtle_control/install.log'
