[0.741s] Invoking command in '/home/sameer/ros2_ws/src/turtle_control': PYTHONPATH=/home/sameer/ros2_ws/build/turtle_control/prefix_override:/usr/lib/python3/dist-packages/colcon_core/task/python/colcon_distutils_commands:/home/sameer/ros2_ws/install/turtle_control/lib/python3.10/site-packages:${PYTHONPATH} /usr/bin/python3 -W ignore:setup.py install is deprecated -W ignore:easy_install command is deprecated setup.py egg_info --egg-base ../../build/turtle_control build --build-base /home/sameer/ros2_ws/build/turtle_control/build install --record /home/sameer/ros2_ws/build/turtle_control/install.log --single-version-externally-managed install_data
[0.895s] /home/sameer/.local/lib/python3.10/site-packages/setuptools/_distutils/dist.py:289: UserWarning: Unknown distribution option: 'tests_require'
[0.895s]   warnings.warn(msg)
[0.984s] running egg_info
[0.997s] writing ../../build/turtle_control/turtle_control.egg-info/PKG-INFO
[1.000s] writing dependency_links to ../../build/turtle_control/turtle_control.egg-info/dependency_links.txt
[1.001s] writing entry points to ../../build/turtle_control/turtle_control.egg-info/entry_points.txt
[1.001s] writing requirements to ../../build/turtle_control/turtle_control.egg-info/requires.txt
[1.001s] writing top-level names to ../../build/turtle_control/turtle_control.egg-info/top_level.txt
[1.032s] reading manifest file '../../build/turtle_control/turtle_control.egg-info/SOURCES.txt'
[1.034s] writing manifest file '../../build/turtle_control/turtle_control.egg-info/SOURCES.txt'
[1.034s] running build
[1.034s] running build_py
[1.035s] running install
[1.039s] running install_lib
[1.055s] running install_data
[1.055s] running install_egg_info
[1.069s] removing '/home/sameer/ros2_ws/install/turtle_control/lib/python3.10/site-packages/turtle_control-0.0.0-py3.10.egg-info' (and everything under it)
[1.069s] Copying ../../build/turtle_control/turtle_control.egg-info to /home/sameer/ros2_ws/install/turtle_control/lib/python3.10/site-packages/turtle_control-0.0.0-py3.10.egg-info
[1.070s] running install_scripts
[1.100s] Installing figure8_driver script to /home/sameer/ros2_ws/install/turtle_control/lib/turtle_control
[1.100s] Installing trace_toggle script to /home/sameer/ros2_ws/install/turtle_control/lib/turtle_control
[1.100s] writing list of installed files to '/home/sameer/ros2_ws/build/turtle_control/install.log'
[1.117s] Invoked command in '/home/sameer/ros2_ws/src/turtle_control' returned '0': PYTHONPATH=/home/sameer/ros2_ws/build/turtle_control/prefix_override:/usr/lib/python3/dist-packages/colcon_core/task/python/colcon_distutils_commands:/home/sameer/ros2_ws/install/turtle_control/lib/python3.10/site-packages:${PYTHONPATH} /usr/bin/python3 -W ignore:setup.py install is deprecated -W ignore:easy_install command is deprecated setup.py egg_info --egg-base ../../build/turtle_control build --build-base /home/sameer/ros2_ws/build/turtle_control/build install --record /home/sameer/ros2_ws/build/turtle_control/install.log --single-version-externally-managed install_data
