[0.426s] Invoking command in '/home/hp/turtle_ws/src/turtle_control': PYTHONPATH=/home/hp/turtle_ws/build/turtle_control/prefix_override:/usr/lib/python3/dist-packages/colcon_core/task/python/colcon_distutils_commands:/home/hp/turtle_ws/install/turtle_control/lib/python3.10/site-packages:${PYTHONPATH} /usr/bin/python3 -W ignore:setup.py install is deprecated -W ignore:easy_install command is deprecated setup.py egg_info --egg-base ../../build/turtle_control build --build-base /home/hp/turtle_ws/build/turtle_control/build install --record /home/hp/turtle_ws/build/turtle_control/install.log --single-version-externally-managed install_data
[0.596s] running egg_info
[0.596s] writing ../../build/turtle_control/turtle_control.egg-info/PKG-INFO
[0.597s] writing dependency_links to ../../build/turtle_control/turtle_control.egg-info/dependency_links.txt
[0.597s] writing entry points to ../../build/turtle_control/turtle_control.egg-info/entry_points.txt
[0.597s] writing requirements to ../../build/turtle_control/turtle_control.egg-info/requires.txt
[0.597s] writing top-level names to ../../build/turtle_control/turtle_control.egg-info/top_level.txt
[0.598s] reading manifest file '../../build/turtle_control/turtle_control.egg-info/SOURCES.txt'
[0.599s] writing manifest file '../../build/turtle_control/turtle_control.egg-info/SOURCES.txt'
[0.599s] running build
[0.599s] running build_py
[0.599s] running install
[0.599s] running install_lib
[0.600s] running install_data
[0.600s] running install_egg_info
[0.601s] removing '/home/hp/turtle_ws/install/turtle_control/lib/python3.10/site-packages/turtle_control-0.0.0-py3.10.egg-info' (and everything under it)
[0.601s] Copying ../../build/turtle_control/turtle_control.egg-info to /home/hp/turtle_ws/install/turtle_control/lib/python3.10/site-packages/turtle_control-0.0.0-py3.10.egg-info
[0.602s] running install_scripts
[0.617s] Installing turtle_controller script to /home/hp/turtle_ws/install/turtle_control/lib/turtle_control
[0.617s] writing list of installed files to '/home/hp/turtle_ws/build/turtle_control/install.log'
[0.633s] Invoked command in '/home/hp/turtle_ws/src/turtle_control' returned '0': PYTHONPATH=/home/hp/turtle_ws/build/turtle_control/prefix_override:/usr/lib/python3/dist-packages/colcon_core/task/python/colcon_distutils_commands:/home/hp/turtle_ws/install/turtle_control/lib/python3.10/site-packages:${PYTHONPATH} /usr/bin/python3 -W ignore:setup.py install is deprecated -W ignore:easy_install command is deprecated setup.py egg_info --egg-base ../../build/turtle_control build --build-base /home/hp/turtle_ws/build/turtle_control/build install --record /home/hp/turtle_ws/build/turtle_control/install.log --single-version-externally-managed install_data
