[0.493s] Invoking command in '/home/hp/turtlebot3_ws/build/turtlebot3_example': CMAKE_PREFIX_PATH=/home/hp/turtlebot3_ws/install/turtlebot3_msgs:/home/hp/turtlebot3_ws/install/turtlebot3:/home/hp/turtlebot3_ws/install/turtlebot3_simulations:/home/hp/turtlebot3_ws/install/turtlebot3_bringup:/home/hp/turtlebot3_ws/install/turtlebot3_node:/home/hp/turtlebot3_ws/install/turtlebot3_navigation2:/home/hp/turtlebot3_ws/install/turtlebot3_fake_node:/home/hp/turtlebot3_ws/install/turtlebot3_manipulation_gazebo:/home/hp/turtlebot3_ws/install/turtlebot3_gazebo:/home/hp/turtlebot3_ws/install/turtlebot3_description:/home/hp/turtlebot3_ws/install/turtlebot3_cartographer PYTHONPATH=/home/hp/turtlebot3_ws/build/turtlebot3_example/prefix_override:/usr/lib/python3/dist-packages/colcon_core/task/python/colcon_distutils_commands:/home/hp/turtlebot3_ws/install/turtlebot3_example/lib/python3.10/site-packages:${PYTHONPATH} /usr/bin/python3 -W ignore:setup.py install is deprecated -W ignore:easy_install command is deprecated setup.py develop --editable --build-directory /home/hp/turtlebot3_ws/build/turtlebot3_example/build --no-deps symlink_data
[0.690s] running develop
[0.820s] running egg_info
[0.820s] writing turtlebot3_example.egg-info/PKG-INFO
[0.821s] writing dependency_links to turtlebot3_example.egg-info/dependency_links.txt
[0.821s] writing entry points to turtlebot3_example.egg-info/entry_points.txt
[0.821s] writing requirements to turtlebot3_example.egg-info/requires.txt
[0.821s] writing top-level names to turtlebot3_example.egg-info/top_level.txt
[0.822s] reading manifest file 'turtlebot3_example.egg-info/SOURCES.txt'
[0.823s] writing manifest file 'turtlebot3_example.egg-info/SOURCES.txt'
[0.824s] running build_ext
[0.824s] Creating /home/hp/turtlebot3_ws/install/turtlebot3_example/lib/python3.10/site-packages/turtlebot3-example.egg-link (link to .)
[0.825s] Installing turtlebot3_absolute_move script to /home/hp/turtlebot3_ws/install/turtlebot3_example/lib/turtlebot3_example
[0.825s] Installing turtlebot3_interactive_marker script to /home/hp/turtlebot3_ws/install/turtlebot3_example/lib/turtlebot3_example
[0.825s] Installing turtlebot3_obstacle_detection script to /home/hp/turtlebot3_ws/install/turtlebot3_example/lib/turtlebot3_example
[0.825s] Installing turtlebot3_patrol_client script to /home/hp/turtlebot3_ws/install/turtlebot3_example/lib/turtlebot3_example
[0.825s] Installing turtlebot3_patrol_server script to /home/hp/turtlebot3_ws/install/turtlebot3_example/lib/turtlebot3_example
[0.825s] Installing turtlebot3_relative_move script to /home/hp/turtlebot3_ws/install/turtlebot3_example/lib/turtlebot3_example
[0.825s] 
[0.825s] Installed /home/hp/turtlebot3_ws/build/turtlebot3_example
[0.825s] running symlink_data
[0.843s] Invoked command in '/home/hp/turtlebot3_ws/build/turtlebot3_example' returned '0': CMAKE_PREFIX_PATH=/home/hp/turtlebot3_ws/install/turtlebot3_msgs:/home/hp/turtlebot3_ws/install/turtlebot3:/home/hp/turtlebot3_ws/install/turtlebot3_simulations:/home/hp/turtlebot3_ws/install/turtlebot3_bringup:/home/hp/turtlebot3_ws/install/turtlebot3_node:/home/hp/turtlebot3_ws/install/turtlebot3_navigation2:/home/hp/turtlebot3_ws/install/turtlebot3_fake_node:/home/hp/turtlebot3_ws/install/turtlebot3_manipulation_gazebo:/home/hp/turtlebot3_ws/install/turtlebot3_gazebo:/home/hp/turtlebot3_ws/install/turtlebot3_description:/home/hp/turtlebot3_ws/install/turtlebot3_cartographer PYTHONPATH=/home/hp/turtlebot3_ws/build/turtlebot3_example/prefix_override:/usr/lib/python3/dist-packages/colcon_core/task/python/colcon_distutils_commands:/home/hp/turtlebot3_ws/install/turtlebot3_example/lib/python3.10/site-packages:${PYTHONPATH} /usr/bin/python3 -W ignore:setup.py install is deprecated -W ignore:easy_install command is deprecated setup.py develop --editable --build-directory /home/hp/turtlebot3_ws/build/turtlebot3_example/build --no-deps symlink_data
