running egg_info
writing ../../build/turtle_control/turtle_control.egg-info/PKG-INFO
writing dependency_links to ../../build/turtle_control/turtle_control.egg-info/dependency_links.txt
writing entry points to ../../build/turtle_control/turtle_control.egg-info/entry_points.txt
writing requirements to ../../build/turtle_control/turtle_control.egg-info/requires.txt
writing top-level names to ../../build/turtle_control/turtle_control.egg-info/top_level.txt
reading manifest file '../../build/turtle_control/turtle_control.egg-info/SOURCES.txt'
writing manifest file '../../build/turtle_control/turtle_control.egg-info/SOURCES.txt'
running build
running build_py
copying turtle_control/figure8_driver.py -> /home/hp/ros2_ws/build/turtle_control/build/lib/turtle_control
running install
running install_lib
copying /home/hp/ros2_ws/build/turtle_control/build/lib/turtle_control/figure8_driver.py -> /home/hp/ros2_ws/install/turtle_control/lib/python3.10/site-packages/turtle_control
byte-compiling /home/hp/ros2_ws/install/turtle_control/lib/python3.10/site-packages/turtle_control/figure8_driver.py to figure8_driver.cpython-310.pyc
running install_data
running install_egg_info
removing '/home/hp/ros2_ws/install/turtle_control/lib/python3.10/site-packages/turtle_control-0.0.0-py3.10.egg-info' (and everything under it)
Copying ../../build/turtle_control/turtle_control.egg-info to /home/hp/ros2_ws/install/turtle_control/lib/python3.10/site-packages/turtle_control-0.0.0-py3.10.egg-info
running install_scripts
Installing figure8_driver script to /home/hp/ros2_ws/install/turtle_control/lib/turtle_control
writing list of installed files to '/home/hp/ros2_ws/build/turtle_control/install.log'
