[0.406s] Invoking command in '/home/hp/ros2_ws/src/turtle_control': PYTHONPATH=/home/hp/ros2_ws/build/turtle_control/prefix_override:/usr/lib/python3/dist-packages/colcon_core/task/python/colcon_distutils_commands:/home/hp/ros2_ws/install/turtle_control/lib/python3.10/site-packages:${PYTHONPATH} /usr/bin/python3 -W ignore:setup.py install is deprecated -W ignore:easy_install command is deprecated setup.py egg_info --egg-base ../../build/turtle_control build --build-base /home/hp/ros2_ws/build/turtle_control/build install --record /home/hp/ros2_ws/build/turtle_control/install.log --single-version-externally-managed install_data
[0.573s] running egg_info
[0.573s] writing ../../build/turtle_control/turtle_control.egg-info/PKG-INFO
[0.573s] writing dependency_links to ../../build/turtle_control/turtle_control.egg-info/dependency_links.txt
[0.574s] writing entry points to ../../build/turtle_control/turtle_control.egg-info/entry_points.txt
[0.574s] writing requirements to ../../build/turtle_control/turtle_control.egg-info/requires.txt
[0.574s] writing top-level names to ../../build/turtle_control/turtle_control.egg-info/top_level.txt
[0.575s] reading manifest file '../../build/turtle_control/turtle_control.egg-info/SOURCES.txt'
[0.576s] writing manifest file '../../build/turtle_control/turtle_control.egg-info/SOURCES.txt'
[0.576s] running build
[0.576s] running build_py
[0.576s] copying turtle_control/figure8_driver.py -> /home/hp/ros2_ws/build/turtle_control/build/lib/turtle_control
[0.576s] running install
[0.576s] running install_lib
[0.577s] copying /home/hp/ros2_ws/build/turtle_control/build/lib/turtle_control/figure8_driver.py -> /home/hp/ros2_ws/install/turtle_control/lib/python3.10/site-packages/turtle_control
[0.577s] byte-compiling /home/hp/ros2_ws/install/turtle_control/lib/python3.10/site-packages/turtle_control/figure8_driver.py to figure8_driver.cpython-310.pyc
[0.578s] running install_data
[0.578s] running install_egg_info
[0.579s] removing '/home/hp/ros2_ws/install/turtle_control/lib/python3.10/site-packages/turtle_control-0.0.0-py3.10.egg-info' (and everything under it)
[0.579s] Copying ../../build/turtle_control/turtle_control.egg-info to /home/hp/ros2_ws/install/turtle_control/lib/python3.10/site-packages/turtle_control-0.0.0-py3.10.egg-info
[0.580s] running install_scripts
[0.594s] Installing figure8_driver script to /home/hp/ros2_ws/install/turtle_control/lib/turtle_control
[0.594s] writing list of installed files to '/home/hp/ros2_ws/build/turtle_control/install.log'
[0.609s] Invoked command in '/home/hp/ros2_ws/src/turtle_control' returned '0': PYTHONPATH=/home/hp/ros2_ws/build/turtle_control/prefix_override:/usr/lib/python3/dist-packages/colcon_core/task/python/colcon_distutils_commands:/home/hp/ros2_ws/install/turtle_control/lib/python3.10/site-packages:${PYTHONPATH} /usr/bin/python3 -W ignore:setup.py install is deprecated -W ignore:easy_install command is deprecated setup.py egg_info --egg-base ../../build/turtle_control build --build-base /home/hp/ros2_ws/build/turtle_control/build install --record /home/hp/ros2_ws/build/turtle_control/install.log --single-version-externally-managed install_data
