[1.430s] Invoking command in '/home/himel/Recuitment_repo/Md-Ashfaqul-awal-22201868-autonomous/task2/src/turtle_control': DEBUGINFOD_URLS=https://debuginfod.archlinux.org LESS= -R -X -F PYTHONPATH=/home/himel/Recuitment_repo/Md-Ashfaqul-awal-22201868-autonomous/task2/src/build/turtle_control/prefix_override:/usr/lib/python3.13/site-packages/colcon_core/task/python/colcon_distutils_commands:/home/himel/Recuitment_repo/Md-Ashfaqul-awal-22201868-autonomous/task2/src/install/turtle_control/lib/python3.13/site-packages:${PYTHONPATH} _=/usr/bin/env /usr/bin/python -W ignore:setup.py install is deprecated -W ignore:easy_install command is deprecated setup.py egg_info --egg-base ../build/turtle_control build --build-base /home/himel/Recuitment_repo/Md-Ashfaqul-awal-22201868-autonomous/task2/src/build/turtle_control/build install --record /home/himel/Recuitment_repo/Md-Ashfaqul-awal-22201868-autonomous/task2/src/build/turtle_control/install.log --single-version-externally-managed install_data
[1.631s] /usr/lib/python3.13/site-packages/setuptools/_distutils/dist.py:289: UserWarning: Unknown distribution option: 'tests_require'
[1.631s]   warnings.warn(msg)
[1.948s] running egg_info
[1.982s] writing ../build/turtle_control/turtle_control.egg-info/PKG-INFO
[1.982s] writing dependency_links to ../build/turtle_control/turtle_control.egg-info/dependency_links.txt
[1.982s] writing entry points to ../build/turtle_control/turtle_control.egg-info/entry_points.txt
[1.983s] writing requirements to ../build/turtle_control/turtle_control.egg-info/requires.txt
[1.983s] writing top-level names to ../build/turtle_control/turtle_control.egg-info/top_level.txt
[2.298s] reading manifest file '../build/turtle_control/turtle_control.egg-info/SOURCES.txt'
[2.300s] writing manifest file '../build/turtle_control/turtle_control.egg-info/SOURCES.txt'
[2.300s] running build
[2.300s] running build_py
[2.300s] copying turtle_control/__init__.py -> /home/himel/Recuitment_repo/Md-Ashfaqul-awal-22201868-autonomous/task2/src/build/turtle_control/build/lib/turtle_control
[2.301s] running install
[2.309s] running install_lib
[2.348s] running install_data
[2.349s] copying resource/turtle_control -> /home/himel/Recuitment_repo/Md-Ashfaqul-awal-22201868-autonomous/task2/src/install/turtle_control/share/ament_index/resource_index/packages
[2.349s] copying package.xml -> /home/himel/Recuitment_repo/Md-Ashfaqul-awal-22201868-autonomous/task2/src/install/turtle_control/share/turtle_control
[2.349s] copying launch/bringup.launch.py -> /home/himel/Recuitment_repo/Md-Ashfaqul-awal-22201868-autonomous/task2/src/install/turtle_control/share/turtle_control/launch
[2.349s] running install_egg_info
[2.394s] removing '/home/himel/Recuitment_repo/Md-Ashfaqul-awal-22201868-autonomous/task2/src/install/turtle_control/lib/python3.13/site-packages/turtle_control-0.0.0-py3.13.egg-info' (and everything under it)
[2.394s] Copying ../build/turtle_control/turtle_control.egg-info to /home/himel/Recuitment_repo/Md-Ashfaqul-awal-22201868-autonomous/task2/src/install/turtle_control/lib/python3.13/site-packages/turtle_control-0.0.0-py3.13.egg-info
[2.395s] running install_scripts
[2.471s] Installing figure8_driver script to /home/himel/Recuitment_repo/Md-Ashfaqul-awal-22201868-autonomous/task2/src/install/turtle_control/lib/turtle_control
[2.471s] Installing trace_toggle_service script to /home/himel/Recuitment_repo/Md-Ashfaqul-awal-22201868-autonomous/task2/src/install/turtle_control/lib/turtle_control
[2.472s] writing list of installed files to '/home/himel/Recuitment_repo/Md-Ashfaqul-awal-22201868-autonomous/task2/src/build/turtle_control/install.log'
[2.516s] Invoked command in '/home/himel/Recuitment_repo/Md-Ashfaqul-awal-22201868-autonomous/task2/src/turtle_control' returned '0': DEBUGINFOD_URLS=https://debuginfod.archlinux.org LESS= -R -X -F PYTHONPATH=/home/himel/Recuitment_repo/Md-Ashfaqul-awal-22201868-autonomous/task2/src/build/turtle_control/prefix_override:/usr/lib/python3.13/site-packages/colcon_core/task/python/colcon_distutils_commands:/home/himel/Recuitment_repo/Md-Ashfaqul-awal-22201868-autonomous/task2/src/install/turtle_control/lib/python3.13/site-packages:${PYTHONPATH} _=/usr/bin/env /usr/bin/python -W ignore:setup.py install is deprecated -W ignore:easy_install command is deprecated setup.py egg_info --egg-base ../build/turtle_control build --build-base /home/himel/Recuitment_repo/Md-Ashfaqul-awal-22201868-autonomous/task2/src/build/turtle_control/build install --record /home/himel/Recuitment_repo/Md-Ashfaqul-awal-22201868-autonomous/task2/src/build/turtle_control/install.log --single-version-externally-managed install_data
