running egg_info
creating ../../build/turtle_control/turtle_control.egg-info
writing ../../build/turtle_control/turtle_control.egg-info/PKG-INFO
writing dependency_links to ../../build/turtle_control/turtle_control.egg-info/dependency_links.txt
writing entry points to ../../build/turtle_control/turtle_control.egg-info/entry_points.txt
writing requirements to ../../build/turtle_control/turtle_control.egg-info/requires.txt
writing top-level names to ../../build/turtle_control/turtle_control.egg-info/top_level.txt
writing manifest file '../../build/turtle_control/turtle_control.egg-info/SOURCES.txt'
reading manifest file '../../build/turtle_control/turtle_control.egg-info/SOURCES.txt'
adding license file 'LICENSE'
writing manifest file '../../build/turtle_control/turtle_control.egg-info/SOURCES.txt'
running build
running build_py
creating /home/kabboimran7/ros2_ws/build/turtle_control/build
creating /home/kabboimran7/ros2_ws/build/turtle_control/build/lib
creating /home/kabboimran7/ros2_ws/build/turtle_control/build/lib/turtle_control
copying turtle_control/__init__.py -> /home/kabboimran7/ros2_ws/build/turtle_control/build/lib/turtle_control
copying turtle_control/trace_toggle.py -> /home/kabboimran7/ros2_ws/build/turtle_control/build/lib/turtle_control
copying turtle_control/figure8_driver.py -> /home/kabboimran7/ros2_ws/build/turtle_control/build/lib/turtle_control
copying turtle_control/turtle_controller.py -> /home/kabboimran7/ros2_ws/build/turtle_control/build/lib/turtle_control
running install
running install_lib
creating /home/kabboimran7/ros2_ws/install/turtle_control/lib/python3.10/site-packages/turtle_control
copying /home/kabboimran7/ros2_ws/build/turtle_control/build/lib/turtle_control/__init__.py -> /home/kabboimran7/ros2_ws/install/turtle_control/lib/python3.10/site-packages/turtle_control
copying /home/kabboimran7/ros2_ws/build/turtle_control/build/lib/turtle_control/trace_toggle.py -> /home/kabboimran7/ros2_ws/install/turtle_control/lib/python3.10/site-packages/turtle_control
copying /home/kabboimran7/ros2_ws/build/turtle_control/build/lib/turtle_control/figure8_driver.py -> /home/kabboimran7/ros2_ws/install/turtle_control/lib/python3.10/site-packages/turtle_control
copying /home/kabboimran7/ros2_ws/build/turtle_control/build/lib/turtle_control/turtle_controller.py -> /home/kabboimran7/ros2_ws/install/turtle_control/lib/python3.10/site-packages/turtle_control
byte-compiling /home/kabboimran7/ros2_ws/install/turtle_control/lib/python3.10/site-packages/turtle_control/__init__.py to __init__.cpython-310.pyc
byte-compiling /home/kabboimran7/ros2_ws/install/turtle_control/lib/python3.10/site-packages/turtle_control/trace_toggle.py to trace_toggle.cpython-310.pyc
byte-compiling /home/kabboimran7/ros2_ws/install/turtle_control/lib/python3.10/site-packages/turtle_control/figure8_driver.py to figure8_driver.cpython-310.pyc
byte-compiling /home/kabboimran7/ros2_ws/install/turtle_control/lib/python3.10/site-packages/turtle_control/turtle_controller.py to turtle_controller.cpython-310.pyc
running install_egg_info
Copying ../../build/turtle_control/turtle_control.egg-info to /home/kabboimran7/ros2_ws/install/turtle_control/lib/python3.10/site-packages/turtle_control-0.0.0-py3.10.egg-info
running install_scripts
Installing figure8_driver script to /home/kabboimran7/ros2_ws/install/turtle_control/lib/turtle_control
Installing trace_toggle script to /home/kabboimran7/ros2_ws/install/turtle_control/lib/turtle_control
writing list of installed files to '/home/kabboimran7/ros2_ws/build/turtle_control/install.log'
