[0.464s] Invoking command in '/home/kabboimran7/ros2_ws/src/turtle_control': PYTHONPATH=/home/kabboimran7/ros2_ws/build/turtle_control/prefix_override:/usr/lib/python3/dist-packages/colcon_core/task/python/colcon_distutils_commands:/home/kabboimran7/ros2_ws/install/turtle_control/lib/python3.10/site-packages:${PYTHONPATH} /usr/bin/python3 -W ignore:setup.py install is deprecated -W ignore:easy_install command is deprecated setup.py egg_info --egg-base ../../build/turtle_control build --build-base /home/kabboimran7/ros2_ws/build/turtle_control/build install --record /home/kabboimran7/ros2_ws/build/turtle_control/install.log --single-version-externally-managed
[0.579s] running egg_info
[0.579s] creating ../../build/turtle_control/turtle_control.egg-info
[0.579s] writing ../../build/turtle_control/turtle_control.egg-info/PKG-INFO
[0.580s] writing dependency_links to ../../build/turtle_control/turtle_control.egg-info/dependency_links.txt
[0.580s] writing entry points to ../../build/turtle_control/turtle_control.egg-info/entry_points.txt
[0.580s] writing requirements to ../../build/turtle_control/turtle_control.egg-info/requires.txt
[0.580s] writing top-level names to ../../build/turtle_control/turtle_control.egg-info/top_level.txt
[0.580s] writing manifest file '../../build/turtle_control/turtle_control.egg-info/SOURCES.txt'
[0.581s] reading manifest file '../../build/turtle_control/turtle_control.egg-info/SOURCES.txt'
[0.581s] adding license file 'LICENSE'
[0.582s] writing manifest file '../../build/turtle_control/turtle_control.egg-info/SOURCES.txt'
[0.582s] running build
[0.582s] running build_py
[0.582s] creating /home/kabboimran7/ros2_ws/build/turtle_control/build
[0.582s] creating /home/kabboimran7/ros2_ws/build/turtle_control/build/lib
[0.583s] creating /home/kabboimran7/ros2_ws/build/turtle_control/build/lib/turtle_control
[0.583s] copying turtle_control/__init__.py -> /home/kabboimran7/ros2_ws/build/turtle_control/build/lib/turtle_control
[0.583s] copying turtle_control/trace_toggle.py -> /home/kabboimran7/ros2_ws/build/turtle_control/build/lib/turtle_control
[0.583s] copying turtle_control/figure8_driver.py -> /home/kabboimran7/ros2_ws/build/turtle_control/build/lib/turtle_control
[0.584s] copying turtle_control/turtle_controller.py -> /home/kabboimran7/ros2_ws/build/turtle_control/build/lib/turtle_control
[0.584s] running install
[0.584s] running install_lib
[0.585s] creating /home/kabboimran7/ros2_ws/install/turtle_control/lib/python3.10/site-packages/turtle_control
[0.585s] copying /home/kabboimran7/ros2_ws/build/turtle_control/build/lib/turtle_control/__init__.py -> /home/kabboimran7/ros2_ws/install/turtle_control/lib/python3.10/site-packages/turtle_control
[0.585s] copying /home/kabboimran7/ros2_ws/build/turtle_control/build/lib/turtle_control/trace_toggle.py -> /home/kabboimran7/ros2_ws/install/turtle_control/lib/python3.10/site-packages/turtle_control
[0.585s] copying /home/kabboimran7/ros2_ws/build/turtle_control/build/lib/turtle_control/figure8_driver.py -> /home/kabboimran7/ros2_ws/install/turtle_control/lib/python3.10/site-packages/turtle_control
[0.585s] copying /home/kabboimran7/ros2_ws/build/turtle_control/build/lib/turtle_control/turtle_controller.py -> /home/kabboimran7/ros2_ws/install/turtle_control/lib/python3.10/site-packages/turtle_control
[0.585s] byte-compiling /home/kabboimran7/ros2_ws/install/turtle_control/lib/python3.10/site-packages/turtle_control/__init__.py to __init__.cpython-310.pyc
[0.586s] byte-compiling /home/kabboimran7/ros2_ws/install/turtle_control/lib/python3.10/site-packages/turtle_control/trace_toggle.py to trace_toggle.cpython-310.pyc
[0.586s] byte-compiling /home/kabboimran7/ros2_ws/install/turtle_control/lib/python3.10/site-packages/turtle_control/figure8_driver.py to figure8_driver.cpython-310.pyc
[0.587s] byte-compiling /home/kabboimran7/ros2_ws/install/turtle_control/lib/python3.10/site-packages/turtle_control/turtle_controller.py to turtle_controller.cpython-310.pyc
[0.587s] running install_egg_info
[0.588s] Copying ../../build/turtle_control/turtle_control.egg-info to /home/kabboimran7/ros2_ws/install/turtle_control/lib/python3.10/site-packages/turtle_control-0.0.0-py3.10.egg-info
[0.589s] running install_scripts
[0.600s] Installing figure8_driver script to /home/kabboimran7/ros2_ws/install/turtle_control/lib/turtle_control
[0.601s] Installing trace_toggle script to /home/kabboimran7/ros2_ws/install/turtle_control/lib/turtle_control
[0.601s] writing list of installed files to '/home/kabboimran7/ros2_ws/build/turtle_control/install.log'
[0.616s] Invoked command in '/home/kabboimran7/ros2_ws/src/turtle_control' returned '0': PYTHONPATH=/home/kabboimran7/ros2_ws/build/turtle_control/prefix_override:/usr/lib/python3/dist-packages/colcon_core/task/python/colcon_distutils_commands:/home/kabboimran7/ros2_ws/install/turtle_control/lib/python3.10/site-packages:${PYTHONPATH} /usr/bin/python3 -W ignore:setup.py install is deprecated -W ignore:easy_install command is deprecated setup.py egg_info --egg-base ../../build/turtle_control build --build-base /home/kabboimran7/ros2_ws/build/turtle_control/build install --record /home/kabboimran7/ros2_ws/build/turtle_control/install.log --single-version-externally-managed
