[0.009s] Invoking command in '/home/hp/turtlebot3_ws/build/turtlebot3': AMENT_PREFIX_PATH=/home/hp/turtlebot3_ws/install/turtlebot3_bringup:/home/hp/turtlebot3_ws/install/turtlebot3_node:/home/hp/turtlebot3_ws/install/turtlebot3_example:/home/hp/turtlebot3_ws/install/turtlebot3_teleop:/home/hp/turtlebot3_ws/install/turtlebot3_navigation2:/home/hp/turtlebot3_ws/install/turtlebot3_msgs:/home/hp/turtlebot3_ws/install/turtlebot3_description:/home/hp/turtlebot3_ws/install/turtlebot3_cartographer:${AMENT_PREFIX_PATH} CMAKE_PREFIX_PATH=/home/hp/turtlebot3_ws/install/turtlebot3_bringup:/home/hp/turtlebot3_ws/install/turtlebot3_node:/home/hp/turtlebot3_ws/install/turtlebot3_navigation2:/home/hp/turtlebot3_ws/install/turtlebot3_msgs:/home/hp/turtlebot3_ws/install/turtlebot3_description:/home/hp/turtlebot3_ws/install/turtlebot3_cartographer:/opt/ros/humble LD_LIBRARY_PATH=/home/hp/turtlebot3_ws/install/turtlebot3_msgs/lib:${LD_LIBRARY_PATH} PYTHONPATH=/home/hp/turtlebot3_ws/build/turtlebot3_example:/home/hp/turtlebot3_ws/install/turtlebot3_example/lib/python3.10/site-packages:/home/hp/turtlebot3_ws/build/turtlebot3_teleop:/home/hp/turtlebot3_ws/install/turtlebot3_teleop/lib/python3.10/site-packages:/home/hp/turtlebot3_ws/install/turtlebot3_msgs/local/lib/python3.10/dist-packages:${PYTHONPATH} /usr/bin/cmake /home/hp/turtlebot3_ws/src/turtlebot3/turtlebot3 -DAMENT_CMAKE_SYMLINK_INSTALL=1 -DCMAKE_INSTALL_PREFIX=/home/hp/turtlebot3_ws/install/turtlebot3
[0.045s] -- The C compiler identification is GNU 11.4.0
[0.083s] -- The CXX compiler identification is GNU 11.4.0
[0.088s] -- Detecting C compiler ABI info
[0.133s] -- Detecting C compiler ABI info - done
[0.139s] -- Check for working C compiler: /usr/bin/cc - skipped
[0.139s] -- Detecting C compile features
[0.139s] -- Detecting C compile features - done
[0.141s] -- Detecting CXX compiler ABI info
[0.194s] -- Detecting CXX compiler ABI info - done
[0.200s] -- Check for working CXX compiler: /usr/bin/c++ - skipped
[0.200s] -- Detecting CXX compile features
[0.201s] -- Detecting CXX compile features - done
[0.203s] -- Found ament_cmake: 1.3.11 (/opt/ros/humble/share/ament_cmake/cmake)
[0.314s] -- Found Python3: /usr/bin/python3 (found version "3.10.12") found components: Interpreter 
[0.361s] -- Override CMake install command with custom implementation using symlinks instead of copying resources
[0.428s] -- Configuring done
[0.429s] -- Generating done
[0.430s] -- Build files have been written to: /home/hp/turtlebot3_ws/build/turtlebot3
[0.433s] Invoked command in '/home/hp/turtlebot3_ws/build/turtlebot3' returned '0': AMENT_PREFIX_PATH=/home/hp/turtlebot3_ws/install/turtlebot3_bringup:/home/hp/turtlebot3_ws/install/turtlebot3_node:/home/hp/turtlebot3_ws/install/turtlebot3_example:/home/hp/turtlebot3_ws/install/turtlebot3_teleop:/home/hp/turtlebot3_ws/install/turtlebot3_navigation2:/home/hp/turtlebot3_ws/install/turtlebot3_msgs:/home/hp/turtlebot3_ws/install/turtlebot3_description:/home/hp/turtlebot3_ws/install/turtlebot3_cartographer:${AMENT_PREFIX_PATH} CMAKE_PREFIX_PATH=/home/hp/turtlebot3_ws/install/turtlebot3_bringup:/home/hp/turtlebot3_ws/install/turtlebot3_node:/home/hp/turtlebot3_ws/install/turtlebot3_navigation2:/home/hp/turtlebot3_ws/install/turtlebot3_msgs:/home/hp/turtlebot3_ws/install/turtlebot3_description:/home/hp/turtlebot3_ws/install/turtlebot3_cartographer:/opt/ros/humble LD_LIBRARY_PATH=/home/hp/turtlebot3_ws/install/turtlebot3_msgs/lib:${LD_LIBRARY_PATH} PYTHONPATH=/home/hp/turtlebot3_ws/build/turtlebot3_example:/home/hp/turtlebot3_ws/install/turtlebot3_example/lib/python3.10/site-packages:/home/hp/turtlebot3_ws/build/turtlebot3_teleop:/home/hp/turtlebot3_ws/install/turtlebot3_teleop/lib/python3.10/site-packages:/home/hp/turtlebot3_ws/install/turtlebot3_msgs/local/lib/python3.10/dist-packages:${PYTHONPATH} /usr/bin/cmake /home/hp/turtlebot3_ws/src/turtlebot3/turtlebot3 -DAMENT_CMAKE_SYMLINK_INSTALL=1 -DCMAKE_INSTALL_PREFIX=/home/hp/turtlebot3_ws/install/turtlebot3
[0.434s] Invoking command in '/home/hp/turtlebot3_ws/build/turtlebot3': AMENT_PREFIX_PATH=/home/hp/turtlebot3_ws/install/turtlebot3_bringup:/home/hp/turtlebot3_ws/install/turtlebot3_node:/home/hp/turtlebot3_ws/install/turtlebot3_example:/home/hp/turtlebot3_ws/install/turtlebot3_teleop:/home/hp/turtlebot3_ws/install/turtlebot3_navigation2:/home/hp/turtlebot3_ws/install/turtlebot3_msgs:/home/hp/turtlebot3_ws/install/turtlebot3_description:/home/hp/turtlebot3_ws/install/turtlebot3_cartographer:${AMENT_PREFIX_PATH} CMAKE_PREFIX_PATH=/home/hp/turtlebot3_ws/install/turtlebot3_bringup:/home/hp/turtlebot3_ws/install/turtlebot3_node:/home/hp/turtlebot3_ws/install/turtlebot3_navigation2:/home/hp/turtlebot3_ws/install/turtlebot3_msgs:/home/hp/turtlebot3_ws/install/turtlebot3_description:/home/hp/turtlebot3_ws/install/turtlebot3_cartographer:/opt/ros/humble LD_LIBRARY_PATH=/home/hp/turtlebot3_ws/install/turtlebot3_msgs/lib:${LD_LIBRARY_PATH} PYTHONPATH=/home/hp/turtlebot3_ws/build/turtlebot3_example:/home/hp/turtlebot3_ws/install/turtlebot3_example/lib/python3.10/site-packages:/home/hp/turtlebot3_ws/build/turtlebot3_teleop:/home/hp/turtlebot3_ws/install/turtlebot3_teleop/lib/python3.10/site-packages:/home/hp/turtlebot3_ws/install/turtlebot3_msgs/local/lib/python3.10/dist-packages:${PYTHONPATH} /usr/bin/cmake --build /home/hp/turtlebot3_ws/build/turtlebot3 -- -j12 -l12
[0.458s] Invoked command in '/home/hp/turtlebot3_ws/build/turtlebot3' returned '0': AMENT_PREFIX_PATH=/home/hp/turtlebot3_ws/install/turtlebot3_bringup:/home/hp/turtlebot3_ws/install/turtlebot3_node:/home/hp/turtlebot3_ws/install/turtlebot3_example:/home/hp/turtlebot3_ws/install/turtlebot3_teleop:/home/hp/turtlebot3_ws/install/turtlebot3_navigation2:/home/hp/turtlebot3_ws/install/turtlebot3_msgs:/home/hp/turtlebot3_ws/install/turtlebot3_description:/home/hp/turtlebot3_ws/install/turtlebot3_cartographer:${AMENT_PREFIX_PATH} CMAKE_PREFIX_PATH=/home/hp/turtlebot3_ws/install/turtlebot3_bringup:/home/hp/turtlebot3_ws/install/turtlebot3_node:/home/hp/turtlebot3_ws/install/turtlebot3_navigation2:/home/hp/turtlebot3_ws/install/turtlebot3_msgs:/home/hp/turtlebot3_ws/install/turtlebot3_description:/home/hp/turtlebot3_ws/install/turtlebot3_cartographer:/opt/ros/humble LD_LIBRARY_PATH=/home/hp/turtlebot3_ws/install/turtlebot3_msgs/lib:${LD_LIBRARY_PATH} PYTHONPATH=/home/hp/turtlebot3_ws/build/turtlebot3_example:/home/hp/turtlebot3_ws/install/turtlebot3_example/lib/python3.10/site-packages:/home/hp/turtlebot3_ws/build/turtlebot3_teleop:/home/hp/turtlebot3_ws/install/turtlebot3_teleop/lib/python3.10/site-packages:/home/hp/turtlebot3_ws/install/turtlebot3_msgs/local/lib/python3.10/dist-packages:${PYTHONPATH} /usr/bin/cmake --build /home/hp/turtlebot3_ws/build/turtlebot3 -- -j12 -l12
[0.459s] Invoking command in '/home/hp/turtlebot3_ws/build/turtlebot3': AMENT_PREFIX_PATH=/home/hp/turtlebot3_ws/install/turtlebot3_bringup:/home/hp/turtlebot3_ws/install/turtlebot3_node:/home/hp/turtlebot3_ws/install/turtlebot3_example:/home/hp/turtlebot3_ws/install/turtlebot3_teleop:/home/hp/turtlebot3_ws/install/turtlebot3_navigation2:/home/hp/turtlebot3_ws/install/turtlebot3_msgs:/home/hp/turtlebot3_ws/install/turtlebot3_description:/home/hp/turtlebot3_ws/install/turtlebot3_cartographer:${AMENT_PREFIX_PATH} CMAKE_PREFIX_PATH=/home/hp/turtlebot3_ws/install/turtlebot3_bringup:/home/hp/turtlebot3_ws/install/turtlebot3_node:/home/hp/turtlebot3_ws/install/turtlebot3_navigation2:/home/hp/turtlebot3_ws/install/turtlebot3_msgs:/home/hp/turtlebot3_ws/install/turtlebot3_description:/home/hp/turtlebot3_ws/install/turtlebot3_cartographer:/opt/ros/humble LD_LIBRARY_PATH=/home/hp/turtlebot3_ws/install/turtlebot3_msgs/lib:${LD_LIBRARY_PATH} PYTHONPATH=/home/hp/turtlebot3_ws/build/turtlebot3_example:/home/hp/turtlebot3_ws/install/turtlebot3_example/lib/python3.10/site-packages:/home/hp/turtlebot3_ws/build/turtlebot3_teleop:/home/hp/turtlebot3_ws/install/turtlebot3_teleop/lib/python3.10/site-packages:/home/hp/turtlebot3_ws/install/turtlebot3_msgs/local/lib/python3.10/dist-packages:${PYTHONPATH} /usr/bin/cmake --install /home/hp/turtlebot3_ws/build/turtlebot3
[0.463s] -- Install configuration: ""
[0.464s] -- Execute custom install script
[0.464s] -- Symlinking: /home/hp/turtlebot3_ws/install/turtlebot3/share/ament_index/resource_index/package_run_dependencies/turtlebot3
[0.469s] -- Symlinking: /home/hp/turtlebot3_ws/install/turtlebot3/share/ament_index/resource_index/parent_prefix_path/turtlebot3
[0.475s] -- Symlinking: /home/hp/turtlebot3_ws/install/turtlebot3/share/turtlebot3/environment/ament_prefix_path.sh
[0.480s] -- Symlinking: /home/hp/turtlebot3_ws/install/turtlebot3/share/turtlebot3/environment/ament_prefix_path.dsv
[0.485s] -- Symlinking: /home/hp/turtlebot3_ws/install/turtlebot3/share/turtlebot3/environment/path.sh
[0.490s] -- Symlinking: /home/hp/turtlebot3_ws/install/turtlebot3/share/turtlebot3/environment/path.dsv
[0.495s] -- Symlinking: /home/hp/turtlebot3_ws/install/turtlebot3/share/turtlebot3/local_setup.bash
[0.500s] -- Symlinking: /home/hp/turtlebot3_ws/install/turtlebot3/share/turtlebot3/local_setup.sh
[0.505s] -- Symlinking: /home/hp/turtlebot3_ws/install/turtlebot3/share/turtlebot3/local_setup.zsh
[0.510s] -- Symlinking: /home/hp/turtlebot3_ws/install/turtlebot3/share/turtlebot3/local_setup.dsv
[0.515s] -- Symlinking: /home/hp/turtlebot3_ws/install/turtlebot3/share/turtlebot3/package.dsv
[0.520s] -- Symlinking: /home/hp/turtlebot3_ws/install/turtlebot3/share/ament_index/resource_index/packages/turtlebot3
[0.527s] -- Symlinking: /home/hp/turtlebot3_ws/install/turtlebot3/share/turtlebot3/cmake/turtlebot3Config.cmake
[0.533s] -- Symlinking: /home/hp/turtlebot3_ws/install/turtlebot3/share/turtlebot3/cmake/turtlebot3Config-version.cmake
[0.539s] -- Symlinking: /home/hp/turtlebot3_ws/install/turtlebot3/share/turtlebot3/package.xml
[0.546s] Invoked command in '/home/hp/turtlebot3_ws/build/turtlebot3' returned '0': AMENT_PREFIX_PATH=/home/hp/turtlebot3_ws/install/turtlebot3_bringup:/home/hp/turtlebot3_ws/install/turtlebot3_node:/home/hp/turtlebot3_ws/install/turtlebot3_example:/home/hp/turtlebot3_ws/install/turtlebot3_teleop:/home/hp/turtlebot3_ws/install/turtlebot3_navigation2:/home/hp/turtlebot3_ws/install/turtlebot3_msgs:/home/hp/turtlebot3_ws/install/turtlebot3_description:/home/hp/turtlebot3_ws/install/turtlebot3_cartographer:${AMENT_PREFIX_PATH} CMAKE_PREFIX_PATH=/home/hp/turtlebot3_ws/install/turtlebot3_bringup:/home/hp/turtlebot3_ws/install/turtlebot3_node:/home/hp/turtlebot3_ws/install/turtlebot3_navigation2:/home/hp/turtlebot3_ws/install/turtlebot3_msgs:/home/hp/turtlebot3_ws/install/turtlebot3_description:/home/hp/turtlebot3_ws/install/turtlebot3_cartographer:/opt/ros/humble LD_LIBRARY_PATH=/home/hp/turtlebot3_ws/install/turtlebot3_msgs/lib:${LD_LIBRARY_PATH} PYTHONPATH=/home/hp/turtlebot3_ws/build/turtlebot3_example:/home/hp/turtlebot3_ws/install/turtlebot3_example/lib/python3.10/site-packages:/home/hp/turtlebot3_ws/build/turtlebot3_teleop:/home/hp/turtlebot3_ws/install/turtlebot3_teleop/lib/python3.10/site-packages:/home/hp/turtlebot3_ws/install/turtlebot3_msgs/local/lib/python3.10/dist-packages:${PYTHONPATH} /usr/bin/cmake --install /home/hp/turtlebot3_ws/build/turtlebot3
