[1.326s] Invoking command in '/home/himel/Recuitment_repo/Md-Ashfaqul-awal-22201868-autonomous/task2/src/turtle_control': DEBUGINFOD_URLS=https://debuginfod.archlinux.org LESS= -R -X -F PYTHONPATH=/home/himel/Recuitment_repo/Md-Ashfaqul-awal-22201868-autonomous/task2/src/turtle_control/build/turtle_control/prefix_override:/usr/lib/python3.13/site-packages/colcon_core/task/python/colcon_distutils_commands:/home/himel/Recuitment_repo/Md-Ashfaqul-awal-22201868-autonomous/task2/src/turtle_control/install/turtle_control/lib/python3.13/site-packages:${PYTHONPATH} _=/usr/bin/env /usr/bin/python -W ignore:setup.py install is deprecated -W ignore:easy_install command is deprecated setup.py egg_info --egg-base build/turtle_control build --build-base /home/himel/Recuitment_repo/Md-Ashfaqul-awal-22201868-autonomous/task2/src/turtle_control/build/turtle_control/build install --record /home/himel/Recuitment_repo/Md-Ashfaqul-awal-22201868-autonomous/task2/src/turtle_control/build/turtle_control/install.log --single-version-externally-managed install_data
[1.526s] /usr/lib/python3.13/site-packages/setuptools/_distutils/dist.py:289: UserWarning: Unknown distribution option: 'tests_require'
[1.526s]   warnings.warn(msg)
[1.796s] running egg_info
[1.824s] creating build/turtle_control/turtle_control.egg-info
[1.825s] writing build/turtle_control/turtle_control.egg-info/PKG-INFO
[1.825s] writing dependency_links to build/turtle_control/turtle_control.egg-info/dependency_links.txt
[1.825s] writing entry points to build/turtle_control/turtle_control.egg-info/entry_points.txt
[1.825s] writing requirements to build/turtle_control/turtle_control.egg-info/requires.txt
[1.825s] writing top-level names to build/turtle_control/turtle_control.egg-info/top_level.txt
[1.825s] writing manifest file 'build/turtle_control/turtle_control.egg-info/SOURCES.txt'
[2.083s] reading manifest file 'build/turtle_control/turtle_control.egg-info/SOURCES.txt'
[2.084s] writing manifest file 'build/turtle_control/turtle_control.egg-info/SOURCES.txt'
[2.084s] running build
[2.084s] running build_py
[2.084s] creating /home/himel/Recuitment_repo/Md-Ashfaqul-awal-22201868-autonomous/task2/src/turtle_control/build/turtle_control/build/lib/turtle_control
[2.084s] copying turtle_control/trace_toggle_service.py -> /home/himel/Recuitment_repo/Md-Ashfaqul-awal-22201868-autonomous/task2/src/turtle_control/build/turtle_control/build/lib/turtle_control
[2.084s] copying turtle_control/__init__.py -> /home/himel/Recuitment_repo/Md-Ashfaqul-awal-22201868-autonomous/task2/src/turtle_control/build/turtle_control/build/lib/turtle_control
[2.084s] copying turtle_control/figure8_driver.py -> /home/himel/Recuitment_repo/Md-Ashfaqul-awal-22201868-autonomous/task2/src/turtle_control/build/turtle_control/build/lib/turtle_control
[2.085s] running install
[2.089s] running install_lib
[2.118s] creating /home/himel/Recuitment_repo/Md-Ashfaqul-awal-22201868-autonomous/task2/src/turtle_control/install/turtle_control/lib/python3.13/site-packages/turtle_control
[2.118s] copying /home/himel/Recuitment_repo/Md-Ashfaqul-awal-22201868-autonomous/task2/src/turtle_control/build/turtle_control/build/lib/turtle_control/trace_toggle_service.py -> /home/himel/Recuitment_repo/Md-Ashfaqul-awal-22201868-autonomous/task2/src/turtle_control/install/turtle_control/lib/python3.13/site-packages/turtle_control
[2.119s] copying /home/himel/Recuitment_repo/Md-Ashfaqul-awal-22201868-autonomous/task2/src/turtle_control/build/turtle_control/build/lib/turtle_control/__init__.py -> /home/himel/Recuitment_repo/Md-Ashfaqul-awal-22201868-autonomous/task2/src/turtle_control/install/turtle_control/lib/python3.13/site-packages/turtle_control
[2.119s] copying /home/himel/Recuitment_repo/Md-Ashfaqul-awal-22201868-autonomous/task2/src/turtle_control/build/turtle_control/build/lib/turtle_control/figure8_driver.py -> /home/himel/Recuitment_repo/Md-Ashfaqul-awal-22201868-autonomous/task2/src/turtle_control/install/turtle_control/lib/python3.13/site-packages/turtle_control
[2.119s] byte-compiling /home/himel/Recuitment_repo/Md-Ashfaqul-awal-22201868-autonomous/task2/src/turtle_control/install/turtle_control/lib/python3.13/site-packages/turtle_control/trace_toggle_service.py to trace_toggle_service.cpython-313.pyc
[2.119s] byte-compiling /home/himel/Recuitment_repo/Md-Ashfaqul-awal-22201868-autonomous/task2/src/turtle_control/install/turtle_control/lib/python3.13/site-packages/turtle_control/__init__.py to __init__.cpython-313.pyc
[2.120s] byte-compiling /home/himel/Recuitment_repo/Md-Ashfaqul-awal-22201868-autonomous/task2/src/turtle_control/install/turtle_control/lib/python3.13/site-packages/turtle_control/figure8_driver.py to figure8_driver.cpython-313.pyc
[2.120s] running install_data
[2.120s] creating /home/himel/Recuitment_repo/Md-Ashfaqul-awal-22201868-autonomous/task2/src/turtle_control/install/turtle_control/share/ament_index/resource_index/packages
[2.120s] copying resource/turtle_control -> /home/himel/Recuitment_repo/Md-Ashfaqul-awal-22201868-autonomous/task2/src/turtle_control/install/turtle_control/share/ament_index/resource_index/packages
[2.121s] copying package.xml -> /home/himel/Recuitment_repo/Md-Ashfaqul-awal-22201868-autonomous/task2/src/turtle_control/install/turtle_control/share/turtle_control
[2.121s] creating /home/himel/Recuitment_repo/Md-Ashfaqul-awal-22201868-autonomous/task2/src/turtle_control/install/turtle_control/share/turtle_control/launch
[2.121s] copying launch/bringup.launch.py -> /home/himel/Recuitment_repo/Md-Ashfaqul-awal-22201868-autonomous/task2/src/turtle_control/install/turtle_control/share/turtle_control/launch
[2.121s] running install_egg_info
[2.149s] Copying build/turtle_control/turtle_control.egg-info to /home/himel/Recuitment_repo/Md-Ashfaqul-awal-22201868-autonomous/task2/src/turtle_control/install/turtle_control/lib/python3.13/site-packages/turtle_control-0.0.0-py3.13.egg-info
[2.149s] running install_scripts
[2.208s] Installing figure8_driver script to /home/himel/Recuitment_repo/Md-Ashfaqul-awal-22201868-autonomous/task2/src/turtle_control/install/turtle_control/lib/turtle_control
[2.208s] Installing trace_toggle_service script to /home/himel/Recuitment_repo/Md-Ashfaqul-awal-22201868-autonomous/task2/src/turtle_control/install/turtle_control/lib/turtle_control
[2.208s] writing list of installed files to '/home/himel/Recuitment_repo/Md-Ashfaqul-awal-22201868-autonomous/task2/src/turtle_control/build/turtle_control/install.log'
[2.247s] Invoked command in '/home/himel/Recuitment_repo/Md-Ashfaqul-awal-22201868-autonomous/task2/src/turtle_control' returned '0': DEBUGINFOD_URLS=https://debuginfod.archlinux.org LESS= -R -X -F PYTHONPATH=/home/himel/Recuitment_repo/Md-Ashfaqul-awal-22201868-autonomous/task2/src/turtle_control/build/turtle_control/prefix_override:/usr/lib/python3.13/site-packages/colcon_core/task/python/colcon_distutils_commands:/home/himel/Recuitment_repo/Md-Ashfaqul-awal-22201868-autonomous/task2/src/turtle_control/install/turtle_control/lib/python3.13/site-packages:${PYTHONPATH} _=/usr/bin/env /usr/bin/python -W ignore:setup.py install is deprecated -W ignore:easy_install command is deprecated setup.py egg_info --egg-base build/turtle_control build --build-base /home/himel/Recuitment_repo/Md-Ashfaqul-awal-22201868-autonomous/task2/src/turtle_control/build/turtle_control/build install --record /home/himel/Recuitment_repo/Md-Ashfaqul-awal-22201868-autonomous/task2/src/turtle_control/build/turtle_control/install.log --single-version-externally-managed install_data
