[0.039s] Invoking command in '/home/hp/turtlebot3_ws/build/turtlebot3_navigation2': CMAKE_PREFIX_PATH=/opt/ros/humble /usr/bin/cmake /home/hp/turtlebot3_ws/src/turtlebot3/turtlebot3_navigation2 -DAMENT_CMAKE_SYMLINK_INSTALL=1 -DCMAKE_INSTALL_PREFIX=/home/hp/turtlebot3_ws/install/turtlebot3_navigation2
[1.054s] -- The C compiler identification is GNU 11.4.0
[1.605s] -- The CXX compiler identification is GNU 11.4.0
[1.654s] -- Detecting C compiler ABI info
[1.990s] -- Detecting C compiler ABI info - done
[1.997s] -- Check for working C compiler: /usr/bin/cc - skipped
[1.998s] -- Detecting C compile features
[2.018s] -- Detecting C compile features - done
[2.022s] -- Detecting CXX compiler ABI info
[2.110s] -- Detecting CXX compiler ABI info - done
[2.122s] -- Check for working CXX compiler: /usr/bin/c++ - skipped
[2.122s] -- Detecting CXX compile features
[2.123s] -- Detecting CXX compile features - done
[2.214s] -- Found ament_cmake: 1.3.11 (/opt/ros/humble/share/ament_cmake/cmake)
[2.506s] -- Found Python3: /usr/bin/python3 (found version "3.10.12") found components: Interpreter 
[2.604s] -- Override CMake install command with custom implementation using symlinks instead of copying resources
[2.785s] -- Configuring done
[2.788s] -- Generating done
[2.790s] -- Build files have been written to: /home/hp/turtlebot3_ws/build/turtlebot3_navigation2
[2.794s] Invoked command in '/home/hp/turtlebot3_ws/build/turtlebot3_navigation2' returned '0': CMAKE_PREFIX_PATH=/opt/ros/humble /usr/bin/cmake /home/hp/turtlebot3_ws/src/turtlebot3/turtlebot3_navigation2 -DAMENT_CMAKE_SYMLINK_INSTALL=1 -DCMAKE_INSTALL_PREFIX=/home/hp/turtlebot3_ws/install/turtlebot3_navigation2
[2.795s] Invoking command in '/home/hp/turtlebot3_ws/build/turtlebot3_navigation2': CMAKE_PREFIX_PATH=/opt/ros/humble /usr/bin/cmake --build /home/hp/turtlebot3_ws/build/turtlebot3_navigation2 -- -j12 -l12
[2.828s] Invoked command in '/home/hp/turtlebot3_ws/build/turtlebot3_navigation2' returned '0': CMAKE_PREFIX_PATH=/opt/ros/humble /usr/bin/cmake --build /home/hp/turtlebot3_ws/build/turtlebot3_navigation2 -- -j12 -l12
[2.829s] Invoking command in '/home/hp/turtlebot3_ws/build/turtlebot3_navigation2': CMAKE_PREFIX_PATH=/opt/ros/humble /usr/bin/cmake --install /home/hp/turtlebot3_ws/build/turtlebot3_navigation2
[2.834s] -- Install configuration: ""
[2.834s] -- Execute custom install script
[2.835s] -- Symlinking: /home/hp/turtlebot3_ws/install/turtlebot3_navigation2/share/turtlebot3_navigation2/launch/navigation2.launch.py
[2.841s] -- Symlinking: /home/hp/turtlebot3_ws/install/turtlebot3_navigation2/share/turtlebot3_navigation2/map/map.pgm
[2.847s] -- Symlinking: /home/hp/turtlebot3_ws/install/turtlebot3_navigation2/share/turtlebot3_navigation2/map/map.yaml
[2.854s] -- Symlinking: /home/hp/turtlebot3_ws/install/turtlebot3_navigation2/share/turtlebot3_navigation2/param/burger.yaml
[2.861s] -- Symlinking: /home/hp/turtlebot3_ws/install/turtlebot3_navigation2/share/turtlebot3_navigation2/param/burger_cam.yaml
[2.867s] -- Symlinking: /home/hp/turtlebot3_ws/install/turtlebot3_navigation2/share/turtlebot3_navigation2/param/humble/burger.yaml
[2.875s] -- Symlinking: /home/hp/turtlebot3_ws/install/turtlebot3_navigation2/share/turtlebot3_navigation2/param/humble/burger_cam.yaml
[2.881s] -- Symlinking: /home/hp/turtlebot3_ws/install/turtlebot3_navigation2/share/turtlebot3_navigation2/param/humble/waffle.yaml
[2.888s] -- Symlinking: /home/hp/turtlebot3_ws/install/turtlebot3_navigation2/share/turtlebot3_navigation2/param/humble/waffle_pi.yaml
[2.894s] -- Symlinking: /home/hp/turtlebot3_ws/install/turtlebot3_navigation2/share/turtlebot3_navigation2/param/waffle.yaml
[2.900s] -- Symlinking: /home/hp/turtlebot3_ws/install/turtlebot3_navigation2/share/turtlebot3_navigation2/param/waffle_pi.yaml
[2.907s] -- Symlinking: /home/hp/turtlebot3_ws/install/turtlebot3_navigation2/share/turtlebot3_navigation2/rviz/tb3_navigation2.rviz
[2.913s] -- Symlinking: /home/hp/turtlebot3_ws/install/turtlebot3_navigation2/share/ament_index/resource_index/package_run_dependencies/turtlebot3_navigation2
[2.920s] -- Symlinking: /home/hp/turtlebot3_ws/install/turtlebot3_navigation2/share/ament_index/resource_index/parent_prefix_path/turtlebot3_navigation2
[2.926s] -- Symlinking: /home/hp/turtlebot3_ws/install/turtlebot3_navigation2/share/turtlebot3_navigation2/environment/ament_prefix_path.sh
[2.932s] -- Symlinking: /home/hp/turtlebot3_ws/install/turtlebot3_navigation2/share/turtlebot3_navigation2/environment/ament_prefix_path.dsv
[2.938s] -- Symlinking: /home/hp/turtlebot3_ws/install/turtlebot3_navigation2/share/turtlebot3_navigation2/environment/path.sh
[2.944s] -- Symlinking: /home/hp/turtlebot3_ws/install/turtlebot3_navigation2/share/turtlebot3_navigation2/environment/path.dsv
[2.951s] -- Symlinking: /home/hp/turtlebot3_ws/install/turtlebot3_navigation2/share/turtlebot3_navigation2/local_setup.bash
[2.958s] -- Symlinking: /home/hp/turtlebot3_ws/install/turtlebot3_navigation2/share/turtlebot3_navigation2/local_setup.sh
[2.963s] -- Symlinking: /home/hp/turtlebot3_ws/install/turtlebot3_navigation2/share/turtlebot3_navigation2/local_setup.zsh
[2.969s] -- Symlinking: /home/hp/turtlebot3_ws/install/turtlebot3_navigation2/share/turtlebot3_navigation2/local_setup.dsv
[2.975s] -- Symlinking: /home/hp/turtlebot3_ws/install/turtlebot3_navigation2/share/turtlebot3_navigation2/package.dsv
[2.982s] -- Symlinking: /home/hp/turtlebot3_ws/install/turtlebot3_navigation2/share/ament_index/resource_index/packages/turtlebot3_navigation2
[2.986s] -- Symlinking: /home/hp/turtlebot3_ws/install/turtlebot3_navigation2/share/turtlebot3_navigation2/cmake/turtlebot3_navigation2Config.cmake
[2.992s] -- Symlinking: /home/hp/turtlebot3_ws/install/turtlebot3_navigation2/share/turtlebot3_navigation2/cmake/turtlebot3_navigation2Config-version.cmake
[2.998s] -- Symlinking: /home/hp/turtlebot3_ws/install/turtlebot3_navigation2/share/turtlebot3_navigation2/package.xml
[3.005s] Invoked command in '/home/hp/turtlebot3_ws/build/turtlebot3_navigation2' returned '0': CMAKE_PREFIX_PATH=/opt/ros/humble /usr/bin/cmake --install /home/hp/turtlebot3_ws/build/turtlebot3_navigation2
