[0.000000] (-) TimerEvent: {}
[0.000375] (turtle_control) JobQueued: {'identifier': 'turtle_control', 'dependencies': OrderedDict()}
[0.000397] (turtle_control) JobStarted: {'identifier': 'turtle_control'}
[0.099808] (-) TimerEvent: {}
[0.199988] (-) TimerEvent: {}
[0.300216] (-) TimerEvent: {}
[0.400445] (-) TimerEvent: {}
[0.412953] (turtle_control) Command: {'cmd': ['/usr/bin/python3', '-W', 'ignore:setup.py install is deprecated', '-W', 'ignore:easy_install command is deprecated', 'setup.py', 'egg_info', '--egg-base', '../../build/turtle_control', 'build', '--build-base', '/home/hp/ros2_ws/build/turtle_control/build', 'install', '--record', '/home/hp/ros2_ws/build/turtle_control/install.log', '--single-version-externally-managed', 'install_data'], 'cwd': '/home/hp/ros2_ws/src/turtle_control', 'env': {'USER': 'hp', 'LC_TIME': 'bn_BD', 'XDG_SESSION_TYPE': 'wayland', 'SHLVL': '1', 'LD_LIBRARY_PATH': '/opt/ros/humble/opt/rviz_ogre_vendor/lib:/opt/ros/humble/lib/x86_64-linux-gnu:/opt/ros/humble/lib', 'HOME': '/home/hp', 'OLDPWD': '/home/hp/ros2_ws/src/turtle_control/turtle_control', 'DESKTOP_SESSION': 'ubuntu', 'ROS_PYTHON_VERSION': '3', 'GNOME_SHELL_SESSION_MODE': 'ubuntu', 'GTK_MODULES': 'gail:atk-bridge', 'LC_MONETARY': 'bn_BD', 'SYSTEMD_EXEC_PID': '1272', 'DBUS_SESSION_BUS_ADDRESS': 'unix:path=/run/user/1000/bus', 'COLORTERM': 'truecolor', 'IM_CONFIG_PHASE': '1', 'WAYLAND_DISPLAY': 'wayland-0', 'COLCON_PREFIX_PATH': '/home/hp/ros2_ws/install', 'ROS_DISTRO': 'humble', 'LOGNAME': 'hp', '_': '/usr/bin/colcon', 'ROS_VERSION': '2', 'XDG_SESSION_CLASS': 'user', 'USERNAME': 'hp', 'TERM': 'xterm-256color', 'GNOME_DESKTOP_SESSION_ID': 'this-is-deprecated', 'ROS_LOCALHOST_ONLY': '0', 'PATH': '/opt/ros/humble/bin:/usr/local/sbin:/usr/local/bin:/usr/sbin:/usr/bin:/sbin:/bin:/usr/games:/usr/local/games:/snap/bin:/snap/bin', 'SESSION_MANAGER': 'local/hp-HP-280-Pro-G6-Microtower-PC:@/tmp/.ICE-unix/1247,unix/hp-HP-280-Pro-G6-Microtower-PC:/tmp/.ICE-unix/1247', 'XDG_MENU_PREFIX': 'gnome-', 'LC_ADDRESS': 'bn_BD', 'GNOME_TERMINAL_SCREEN': '/org/gnome/Terminal/screen/7635bbcc_ee5c_4caa_9b2e_0c757a22d73a', 'GNOME_SETUP_DISPLAY': ':1', 'XDG_RUNTIME_DIR': '/run/user/1000', 'DISPLAY': ':0', 'LANG': 'en_US.UTF-8', 'XDG_CURRENT_DESKTOP': 'ubuntu:GNOME', 'LC_TELEPHONE': 'bn_BD', 'XMODIFIERS': '@im=ibus', 'XDG_SESSION_DESKTOP': 'ubuntu', 'XAUTHORITY': '/run/user/1000/.mutter-Xwaylandauth.H8P292', 'GNOME_TERMINAL_SERVICE': ':1.115', 'SSH_AGENT_LAUNCHER': 'gnome-keyring', 'SSH_AUTH_SOCK': '/run/user/1000/keyring/ssh', 'AMENT_PREFIX_PATH': '/home/hp/ros2_ws/install/turtle_control:/opt/ros/humble', 'SHELL': '/bin/bash', 'LC_NAME': 'bn_BD', 'QT_ACCESSIBILITY': '1', 'GDMSESSION': 'ubuntu', 'LC_MEASUREMENT': 'bn_BD', 'LC_IDENTIFICATION': 'bn_BD', 'QT_IM_MODULE': 'ibus', 'PWD': '/home/hp/ros2_ws/build/turtle_control', 'XDG_CONFIG_DIRS': '/etc/xdg/xdg-ubuntu:/etc/xdg', 'XDG_DATA_DIRS': '/usr/share/ubuntu:/usr/local/share/:/usr/share/:/var/lib/snapd/desktop', 'PYTHONPATH': '/home/hp/ros2_ws/build/turtle_control/prefix_override:/usr/lib/python3/dist-packages/colcon_core/task/python/colcon_distutils_commands:/home/hp/ros2_ws/install/turtle_control/lib/python3.10/site-packages:/home/hp/ros2_ws/install/turtle_control/lib/python3.10/site-packages:/opt/ros/humble/lib/python3.10/site-packages:/opt/ros/humble/local/lib/python3.10/dist-packages', 'LC_NUMERIC': 'bn_BD', 'LC_PAPER': 'bn_BD', 'COLCON': '1', 'VTE_VERSION': '6800'}, 'shell': False}
[0.500561] (-) TimerEvent: {}
[0.580680] (turtle_control) StdoutLine: {'line': b'running egg_info\n'}
[0.581146] (turtle_control) StdoutLine: {'line': b'writing ../../build/turtle_control/turtle_control.egg-info/PKG-INFO\n'}
[0.581325] (turtle_control) StdoutLine: {'line': b'writing dependency_links to ../../build/turtle_control/turtle_control.egg-info/dependency_links.txt\n'}
[0.581507] (turtle_control) StdoutLine: {'line': b'writing entry points to ../../build/turtle_control/turtle_control.egg-info/entry_points.txt\n'}
[0.581696] (turtle_control) StdoutLine: {'line': b'writing requirements to ../../build/turtle_control/turtle_control.egg-info/requires.txt\n'}
[0.581800] (turtle_control) StdoutLine: {'line': b'writing top-level names to ../../build/turtle_control/turtle_control.egg-info/top_level.txt\n'}
[0.582979] (turtle_control) StdoutLine: {'line': b"reading manifest file '../../build/turtle_control/turtle_control.egg-info/SOURCES.txt'\n"}
[0.583575] (turtle_control) StdoutLine: {'line': b"writing manifest file '../../build/turtle_control/turtle_control.egg-info/SOURCES.txt'\n"}
[0.583715] (turtle_control) StdoutLine: {'line': b'running build\n'}
[0.583784] (turtle_control) StdoutLine: {'line': b'running build_py\n'}
[0.583833] (turtle_control) StdoutLine: {'line': b'copying turtle_control/figure8_driver.py -> /home/hp/ros2_ws/build/turtle_control/build/lib/turtle_control\n'}
[0.583960] (turtle_control) StdoutLine: {'line': b'running install\n'}
[0.584237] (turtle_control) StdoutLine: {'line': b'running install_lib\n'}
[0.584733] (turtle_control) StdoutLine: {'line': b'copying /home/hp/ros2_ws/build/turtle_control/build/lib/turtle_control/figure8_driver.py -> /home/hp/ros2_ws/install/turtle_control/lib/python3.10/site-packages/turtle_control\n'}
[0.585129] (turtle_control) StdoutLine: {'line': b'byte-compiling /home/hp/ros2_ws/install/turtle_control/lib/python3.10/site-packages/turtle_control/figure8_driver.py to figure8_driver.cpython-310.pyc\n'}
[0.585592] (turtle_control) StdoutLine: {'line': b'running install_data\n'}
[0.585796] (turtle_control) StdoutLine: {'line': b'running install_egg_info\n'}
[0.586995] (turtle_control) StdoutLine: {'line': b"removing '/home/hp/ros2_ws/install/turtle_control/lib/python3.10/site-packages/turtle_control-0.0.0-py3.10.egg-info' (and everything under it)\n"}
[0.587225] (turtle_control) StdoutLine: {'line': b'Copying ../../build/turtle_control/turtle_control.egg-info to /home/hp/ros2_ws/install/turtle_control/lib/python3.10/site-packages/turtle_control-0.0.0-py3.10.egg-info\n'}
[0.587825] (turtle_control) StdoutLine: {'line': b'running install_scripts\n'}
[0.600689] (-) TimerEvent: {}
[0.603406] (turtle_control) StdoutLine: {'line': b'Installing figure8_driver script to /home/hp/ros2_ws/install/turtle_control/lib/turtle_control\n'}
[0.603750] (turtle_control) StdoutLine: {'line': b"writing list of installed files to '/home/hp/ros2_ws/build/turtle_control/install.log'\n"}
[0.618735] (turtle_control) CommandEnded: {'returncode': 0}
[0.626291] (turtle_control) JobEnded: {'identifier': 'turtle_control', 'rc': 0}
[0.626754] (-) EventReactorShutdown: {}
