[1.273s] Invoking command in '/home/himel/Recuitment_repo/Md-Ashfaqul-awal-22201868-autonomous/task2/src/turtle_control': DEBUGINFOD_URLS=https://debuginfod.archlinux.org LESS= -R -X -F PYTHONPATH=/home/himel/Recuitment_repo/Md-Ashfaqul-awal-22201868-autonomous/task2/src/build/turtle_control/prefix_override:/usr/lib/python3.13/site-packages/colcon_core/task/python/colcon_distutils_commands:/home/himel/Recuitment_repo/Md-Ashfaqul-awal-22201868-autonomous/task2/src/install/turtle_control/lib/python3.13/site-packages:${PYTHONPATH} _=/usr/bin/env /usr/bin/python -W ignore:setup.py install is deprecated -W ignore:easy_install command is deprecated setup.py egg_info --egg-base ../build/turtle_control build --build-base /home/himel/Recuitment_repo/Md-Ashfaqul-awal-22201868-autonomous/task2/src/build/turtle_control/build install --record /home/himel/Recuitment_repo/Md-Ashfaqul-awal-22201868-autonomous/task2/src/build/turtle_control/install.log --single-version-externally-managed install_data
[1.457s] /usr/lib/python3.13/site-packages/setuptools/_distutils/dist.py:289: UserWarning: Unknown distribution option: 'tests_require'
[1.457s]   warnings.warn(msg)
[1.736s] running egg_info
[1.772s] creating ../build/turtle_control/turtle_control.egg-info
[1.773s] writing ../build/turtle_control/turtle_control.egg-info/PKG-INFO
[1.773s] writing dependency_links to ../build/turtle_control/turtle_control.egg-info/dependency_links.txt
[1.773s] writing entry points to ../build/turtle_control/turtle_control.egg-info/entry_points.txt
[1.773s] writing requirements to ../build/turtle_control/turtle_control.egg-info/requires.txt
[1.773s] writing top-level names to ../build/turtle_control/turtle_control.egg-info/top_level.txt
[1.773s] writing manifest file '../build/turtle_control/turtle_control.egg-info/SOURCES.txt'
[2.048s] reading manifest file '../build/turtle_control/turtle_control.egg-info/SOURCES.txt'
[2.049s] writing manifest file '../build/turtle_control/turtle_control.egg-info/SOURCES.txt'
[2.049s] running build
[2.049s] running build_py
[2.049s] creating /home/himel/Recuitment_repo/Md-Ashfaqul-awal-22201868-autonomous/task2/src/build/turtle_control/build/lib/turtle_control
[2.049s] copying turtle_control/trace_toggle_service.py -> /home/himel/Recuitment_repo/Md-Ashfaqul-awal-22201868-autonomous/task2/src/build/turtle_control/build/lib/turtle_control
[2.049s] copying turtle_control/__init__.py -> /home/himel/Recuitment_repo/Md-Ashfaqul-awal-22201868-autonomous/task2/src/build/turtle_control/build/lib/turtle_control
[2.049s] copying turtle_control/figure8_driver.py -> /home/himel/Recuitment_repo/Md-Ashfaqul-awal-22201868-autonomous/task2/src/build/turtle_control/build/lib/turtle_control
[2.050s] running install
[2.054s] running install_lib
[2.082s] creating /home/himel/Recuitment_repo/Md-Ashfaqul-awal-22201868-autonomous/task2/src/install/turtle_control/lib/python3.13/site-packages/turtle_control
[2.082s] copying /home/himel/Recuitment_repo/Md-Ashfaqul-awal-22201868-autonomous/task2/src/build/turtle_control/build/lib/turtle_control/trace_toggle_service.py -> /home/himel/Recuitment_repo/Md-Ashfaqul-awal-22201868-autonomous/task2/src/install/turtle_control/lib/python3.13/site-packages/turtle_control
[2.082s] copying /home/himel/Recuitment_repo/Md-Ashfaqul-awal-22201868-autonomous/task2/src/build/turtle_control/build/lib/turtle_control/__init__.py -> /home/himel/Recuitment_repo/Md-Ashfaqul-awal-22201868-autonomous/task2/src/install/turtle_control/lib/python3.13/site-packages/turtle_control
[2.082s] copying /home/himel/Recuitment_repo/Md-Ashfaqul-awal-22201868-autonomous/task2/src/build/turtle_control/build/lib/turtle_control/figure8_driver.py -> /home/himel/Recuitment_repo/Md-Ashfaqul-awal-22201868-autonomous/task2/src/install/turtle_control/lib/python3.13/site-packages/turtle_control
[2.082s] byte-compiling /home/himel/Recuitment_repo/Md-Ashfaqul-awal-22201868-autonomous/task2/src/install/turtle_control/lib/python3.13/site-packages/turtle_control/trace_toggle_service.py to trace_toggle_service.cpython-313.pyc
[2.083s] byte-compiling /home/himel/Recuitment_repo/Md-Ashfaqul-awal-22201868-autonomous/task2/src/install/turtle_control/lib/python3.13/site-packages/turtle_control/__init__.py to __init__.cpython-313.pyc
[2.083s] byte-compiling /home/himel/Recuitment_repo/Md-Ashfaqul-awal-22201868-autonomous/task2/src/install/turtle_control/lib/python3.13/site-packages/turtle_control/figure8_driver.py to figure8_driver.cpython-313.pyc
[2.083s] running install_data
[2.084s] creating /home/himel/Recuitment_repo/Md-Ashfaqul-awal-22201868-autonomous/task2/src/install/turtle_control/share/ament_index/resource_index/packages
[2.084s] copying resource/turtle_control -> /home/himel/Recuitment_repo/Md-Ashfaqul-awal-22201868-autonomous/task2/src/install/turtle_control/share/ament_index/resource_index/packages
[2.084s] copying package.xml -> /home/himel/Recuitment_repo/Md-Ashfaqul-awal-22201868-autonomous/task2/src/install/turtle_control/share/turtle_control
[2.084s] creating /home/himel/Recuitment_repo/Md-Ashfaqul-awal-22201868-autonomous/task2/src/install/turtle_control/share/turtle_control/launch
[2.084s] copying launch/bringup.launch.py -> /home/himel/Recuitment_repo/Md-Ashfaqul-awal-22201868-autonomous/task2/src/install/turtle_control/share/turtle_control/launch
[2.084s] running install_egg_info
[2.113s] Copying ../build/turtle_control/turtle_control.egg-info to /home/himel/Recuitment_repo/Md-Ashfaqul-awal-22201868-autonomous/task2/src/install/turtle_control/lib/python3.13/site-packages/turtle_control-0.0.0-py3.13.egg-info
[2.113s] running install_scripts
[2.170s] Installing figure8_driver script to /home/himel/Recuitment_repo/Md-Ashfaqul-awal-22201868-autonomous/task2/src/install/turtle_control/lib/turtle_control
[2.171s] Installing trace_toggle_service script to /home/himel/Recuitment_repo/Md-Ashfaqul-awal-22201868-autonomous/task2/src/install/turtle_control/lib/turtle_control
[2.171s] writing list of installed files to '/home/himel/Recuitment_repo/Md-Ashfaqul-awal-22201868-autonomous/task2/src/build/turtle_control/install.log'
[2.209s] Invoked command in '/home/himel/Recuitment_repo/Md-Ashfaqul-awal-22201868-autonomous/task2/src/turtle_control' returned '0': DEBUGINFOD_URLS=https://debuginfod.archlinux.org LESS= -R -X -F PYTHONPATH=/home/himel/Recuitment_repo/Md-Ashfaqul-awal-22201868-autonomous/task2/src/build/turtle_control/prefix_override:/usr/lib/python3.13/site-packages/colcon_core/task/python/colcon_distutils_commands:/home/himel/Recuitment_repo/Md-Ashfaqul-awal-22201868-autonomous/task2/src/install/turtle_control/lib/python3.13/site-packages:${PYTHONPATH} _=/usr/bin/env /usr/bin/python -W ignore:setup.py install is deprecated -W ignore:easy_install command is deprecated setup.py egg_info --egg-base ../build/turtle_control build --build-base /home/himel/Recuitment_repo/Md-Ashfaqul-awal-22201868-autonomous/task2/src/build/turtle_control/build install --record /home/himel/Recuitment_repo/Md-Ashfaqul-awal-22201868-autonomous/task2/src/build/turtle_control/install.log --single-version-externally-managed install_data
