[0.041s] Invoking command in '/home/hp/turtlebot3_ws/build/turtlebot3_cartographer': CMAKE_PREFIX_PATH=/opt/ros/humble /usr/bin/cmake /home/hp/turtlebot3_ws/src/turtlebot3/turtlebot3_cartographer -DAMENT_CMAKE_SYMLINK_INSTALL=1 -DCMAKE_INSTALL_PREFIX=/home/hp/turtlebot3_ws/install/turtlebot3_cartographer
[1.060s] -- The C compiler identification is GNU 11.4.0
[1.613s] -- The CXX compiler identification is GNU 11.4.0
[1.660s] -- Detecting C compiler ABI info
[1.996s] -- Detecting C compiler ABI info - done
[2.002s] -- Check for working C compiler: /usr/bin/cc - skipped
[2.002s] -- Detecting C compile features
[2.024s] -- Detecting C compile features - done
[2.027s] -- Detecting CXX compiler ABI info
[2.124s] -- Detecting CXX compiler ABI info - done
[2.130s] -- Check for working CXX compiler: /usr/bin/c++ - skipped
[2.130s] -- Detecting CXX compile features
[2.131s] -- Detecting CXX compile features - done
[2.221s] -- Found ament_cmake: 1.3.11 (/opt/ros/humble/share/ament_cmake/cmake)
[2.512s] -- Found Python3: /usr/bin/python3 (found version "3.10.12") found components: Interpreter 
[2.610s] -- Override CMake install command with custom implementation using symlinks instead of copying resources
[2.792s] -- Configuring done
[2.793s] -- Generating done
[2.795s] -- Build files have been written to: /home/hp/turtlebot3_ws/build/turtlebot3_cartographer
[2.798s] Invoked command in '/home/hp/turtlebot3_ws/build/turtlebot3_cartographer' returned '0': CMAKE_PREFIX_PATH=/opt/ros/humble /usr/bin/cmake /home/hp/turtlebot3_ws/src/turtlebot3/turtlebot3_cartographer -DAMENT_CMAKE_SYMLINK_INSTALL=1 -DCMAKE_INSTALL_PREFIX=/home/hp/turtlebot3_ws/install/turtlebot3_cartographer
[2.800s] Invoking command in '/home/hp/turtlebot3_ws/build/turtlebot3_cartographer': CMAKE_PREFIX_PATH=/opt/ros/humble /usr/bin/cmake --build /home/hp/turtlebot3_ws/build/turtlebot3_cartographer -- -j12 -l12
[2.826s] Invoked command in '/home/hp/turtlebot3_ws/build/turtlebot3_cartographer' returned '0': CMAKE_PREFIX_PATH=/opt/ros/humble /usr/bin/cmake --build /home/hp/turtlebot3_ws/build/turtlebot3_cartographer -- -j12 -l12
[2.834s] Invoking command in '/home/hp/turtlebot3_ws/build/turtlebot3_cartographer': CMAKE_PREFIX_PATH=/opt/ros/humble /usr/bin/cmake --install /home/hp/turtlebot3_ws/build/turtlebot3_cartographer
[2.839s] -- Install configuration: ""
[2.839s] -- Execute custom install script
[2.839s] -- Symlinking: /home/hp/turtlebot3_ws/install/turtlebot3_cartographer/share/turtlebot3_cartographer/config/turtlebot3_lds_2d.lua
[2.846s] -- Symlinking: /home/hp/turtlebot3_ws/install/turtlebot3_cartographer/share/turtlebot3_cartographer/launch/cartographer.launch.py
[2.852s] -- Symlinking: /home/hp/turtlebot3_ws/install/turtlebot3_cartographer/share/turtlebot3_cartographer/launch/occupancy_grid.launch.py
[2.858s] -- Symlinking: /home/hp/turtlebot3_ws/install/turtlebot3_cartographer/share/turtlebot3_cartographer/rviz/tb3_cartographer.rviz
[2.866s] -- Symlinking: /home/hp/turtlebot3_ws/install/turtlebot3_cartographer/share/ament_index/resource_index/package_run_dependencies/turtlebot3_cartographer
[2.871s] -- Symlinking: /home/hp/turtlebot3_ws/install/turtlebot3_cartographer/share/ament_index/resource_index/parent_prefix_path/turtlebot3_cartographer
[2.878s] -- Symlinking: /home/hp/turtlebot3_ws/install/turtlebot3_cartographer/share/turtlebot3_cartographer/environment/ament_prefix_path.sh
[2.884s] -- Symlinking: /home/hp/turtlebot3_ws/install/turtlebot3_cartographer/share/turtlebot3_cartographer/environment/ament_prefix_path.dsv
[2.891s] -- Symlinking: /home/hp/turtlebot3_ws/install/turtlebot3_cartographer/share/turtlebot3_cartographer/environment/path.sh
[2.897s] -- Symlinking: /home/hp/turtlebot3_ws/install/turtlebot3_cartographer/share/turtlebot3_cartographer/environment/path.dsv
[2.902s] -- Symlinking: /home/hp/turtlebot3_ws/install/turtlebot3_cartographer/share/turtlebot3_cartographer/local_setup.bash
[2.908s] -- Symlinking: /home/hp/turtlebot3_ws/install/turtlebot3_cartographer/share/turtlebot3_cartographer/local_setup.sh
[2.914s] -- Symlinking: /home/hp/turtlebot3_ws/install/turtlebot3_cartographer/share/turtlebot3_cartographer/local_setup.zsh
[2.919s] -- Symlinking: /home/hp/turtlebot3_ws/install/turtlebot3_cartographer/share/turtlebot3_cartographer/local_setup.dsv
[2.926s] -- Symlinking: /home/hp/turtlebot3_ws/install/turtlebot3_cartographer/share/turtlebot3_cartographer/package.dsv
[2.932s] -- Symlinking: /home/hp/turtlebot3_ws/install/turtlebot3_cartographer/share/ament_index/resource_index/packages/turtlebot3_cartographer
[2.938s] -- Symlinking: /home/hp/turtlebot3_ws/install/turtlebot3_cartographer/share/turtlebot3_cartographer/cmake/turtlebot3_cartographerConfig.cmake
[2.945s] -- Symlinking: /home/hp/turtlebot3_ws/install/turtlebot3_cartographer/share/turtlebot3_cartographer/cmake/turtlebot3_cartographerConfig-version.cmake
[2.951s] -- Symlinking: /home/hp/turtlebot3_ws/install/turtlebot3_cartographer/share/turtlebot3_cartographer/package.xml
[2.959s] Invoked command in '/home/hp/turtlebot3_ws/build/turtlebot3_cartographer' returned '0': CMAKE_PREFIX_PATH=/opt/ros/humble /usr/bin/cmake --install /home/hp/turtlebot3_ws/build/turtlebot3_cartographer
