[-1752509293716792576.000s] DEBUG:colcon:Command line arguments: ['/usr/bin/colcon', 'build', '--packages-select', 'turtle_control']
[-1752509293716792576.000s] DEBUG:colcon:Parsed command line arguments: Namespace(log_base=None, log_level=None, verb_name='build', build_base='build', install_base='install', merge_install=False, symlink_install=False, test_result_base=None, continue_on_error=False, executor='parallel', parallel_workers=8, event_handlers=None, ignore_user_meta=False, metas=['./colcon.meta'], base_paths=['.'], packages_ignore=None, packages_ignore_regex=None, paths=None, packages_up_to=None, packages_up_to_regex=None, packages_above=None, packages_above_and_dependencies=None, packages_above_depth=None, packages_select_by_dep=None, packages_skip_by_dep=None, packages_skip_up_to=None, packages_select_build_failed=False, packages_skip_build_finished=False, packages_select_test_failures=False, packages_skip_test_passed=False, packages_select=['turtle_control'], packages_skip=None, packages_select_regex=None, packages_skip_regex=None, packages_start=None, packages_end=None, cmake_args=None, cmake_target=None, cmake_target_skip_unavailable=False, cmake_clean_cache=False, cmake_clean_first=False, cmake_force_configure=False, ament_cmake_args=None, catkin_cmake_args=None, catkin_skip_building_tests=False, verb_parser=<colcon_defaults.argument_parser.defaults.DefaultArgumentsDecorator object at 0x7f4bb1eec410>, verb_extension=<colcon_core.verb.build.BuildVerb object at 0x7f4bb1e89a90>, main=<bound method BuildVerb.main of <colcon_core.verb.build.BuildVerb object at 0x7f4bb1e89a90>>)
[-1752509293716792576.000s] Level 1:colcon.colcon_core.package_discovery:discover_packages(colcon_meta) check parameters
[-1752509293716792576.000s] Level 1:colcon.colcon_core.package_discovery:discover_packages(recursive) check parameters
[-1752509293716792576.000s] Level 1:colcon.colcon_core.package_discovery:discover_packages(ignore) check parameters
[-1752509293716792576.000s] Level 1:colcon.colcon_core.package_discovery:discover_packages(path) check parameters
[-1752509293716792576.000s] Level 1:colcon.colcon_core.package_discovery:discover_packages(colcon_meta) discover
[-1752509293716792576.000s] Level 1:colcon.colcon_core.package_discovery:discover_packages(recursive) discover
[-1752509293716792576.000s] INFO:colcon.colcon_core.package_discovery:Crawling recursively for packages in '/home/himel/Recuitment_repo/Md-Ashfaqul-awal-22201868-autonomous/task2/src'
[-1752509293716792576.000s] Level 1:colcon.colcon_core.package_identification:_identify(.) by extensions ['ignore', 'ignore_ament_install']
[-1752509293716792576.000s] Level 1:colcon.colcon_core.package_identification:_identify(.) by extension 'ignore'
[-1752509293716792576.000s] Level 1:colcon.colcon_core.package_identification:_identify(.) by extension 'ignore_ament_install'
[-1752509293716792576.000s] Level 1:colcon.colcon_core.package_identification:_identify(.) by extensions ['colcon_pkg']
[-1752509293716792576.000s] Level 1:colcon.colcon_core.package_identification:_identify(.) by extension 'colcon_pkg'
[-1752509293716792576.000s] Level 1:colcon.colcon_core.package_identification:_identify(.) by extensions ['colcon_meta']
[-1752509293716792576.000s] Level 1:colcon.colcon_core.package_identification:_identify(.) by extension 'colcon_meta'
[-1752509293716792576.000s] Level 1:colcon.colcon_core.package_identification:_identify(.) by extensions ['ros']
[-1752509293716792576.000s] Level 1:colcon.colcon_core.package_identification:_identify(.) by extension 'ros'
[-1752509293716792576.000s] Level 1:colcon.colcon_core.package_identification:_identify(.) by extensions ['cmake', 'python']
[-1752509293716792576.000s] Level 1:colcon.colcon_core.package_identification:_identify(.) by extension 'cmake'
[-1752509293716792576.000s] Level 1:colcon.colcon_core.package_identification:_identify(.) by extension 'python'
[-1752509293716792576.000s] Level 1:colcon.colcon_core.package_identification:_identify(.) by extensions ['python_setup_py']
[-1752509293716792576.000s] Level 1:colcon.colcon_core.package_identification:_identify(.) by extension 'python_setup_py'
[-1752509293716792576.000s] Level 1:colcon.colcon_core.package_identification:_identify(build) by extensions ['ignore', 'ignore_ament_install']
[-1752509293716792576.000s] Level 1:colcon.colcon_core.package_identification:_identify(build) by extension 'ignore'
[-1752509293716792576.000s] Level 1:colcon.colcon_core.package_identification:_identify(build) ignored
[-1752509293716792576.000s] Level 1:colcon.colcon_core.package_identification:_identify(install) by extensions ['ignore', 'ignore_ament_install']
[-1752509293716792576.000s] Level 1:colcon.colcon_core.package_identification:_identify(install) by extension 'ignore'
[-1752509293716792576.000s] Level 1:colcon.colcon_core.package_identification:_identify(install) ignored
[-1752509293716792576.000s] Level 1:colcon.colcon_core.package_identification:_identify(log) by extensions ['ignore', 'ignore_ament_install']
[-1752509293716792576.000s] Level 1:colcon.colcon_core.package_identification:_identify(log) by extension 'ignore'
[-1752509293716792576.000s] Level 1:colcon.colcon_core.package_identification:_identify(log) ignored
[-1752509293716792576.000s] Level 1:colcon.colcon_core.package_identification:_identify(turtle_control) by extensions ['ignore', 'ignore_ament_install']
[-1752509293716792576.000s] Level 1:colcon.colcon_core.package_identification:_identify(turtle_control) by extension 'ignore'
[-1752509293716792576.000s] Level 1:colcon.colcon_core.package_identification:_identify(turtle_control) by extension 'ignore_ament_install'
[-1752509293716792576.000s] Level 1:colcon.colcon_core.package_identification:_identify(turtle_control) by extensions ['colcon_pkg']
[-1752509293716792576.000s] Level 1:colcon.colcon_core.package_identification:_identify(turtle_control) by extension 'colcon_pkg'
[-1752509293716792576.000s] Level 1:colcon.colcon_core.package_identification:_identify(turtle_control) by extensions ['colcon_meta']
[-1752509293716792576.000s] Level 1:colcon.colcon_core.package_identification:_identify(turtle_control) by extension 'colcon_meta'
[-1752509293716792576.000s] Level 1:colcon.colcon_core.package_identification:_identify(turtle_control) by extensions ['ros']
[-1752509293716792576.000s] Level 1:colcon.colcon_core.package_identification:_identify(turtle_control) by extension 'ros'
[-1752509293716792576.000s] DEBUG:colcon.colcon_core.package_identification:Package 'turtle_control' with type 'ros.ament_python' and name 'turtle_control'
[-1752509293716792576.000s] Level 1:colcon.colcon_core.package_discovery:discover_packages(recursive) using defaults
[-1752509293716792576.000s] Level 1:colcon.colcon_core.package_discovery:discover_packages(ignore) discover
[-1752509293716792576.000s] Level 1:colcon.colcon_core.package_discovery:discover_packages(ignore) using defaults
[-1752509293716792576.000s] Level 1:colcon.colcon_core.package_discovery:discover_packages(path) discover
[-1752509293716792576.000s] Level 1:colcon.colcon_core.package_discovery:discover_packages(path) using defaults
[-1752509293716792576.000s] Level 5:colcon.colcon_core.verb:set package 'turtle_control' build argument 'cmake_args' from command line to 'None'
[-1752509293716792576.000s] Level 5:colcon.colcon_core.verb:set package 'turtle_control' build argument 'cmake_target' from command line to 'None'
[-1752509293716792576.000s] Level 5:colcon.colcon_core.verb:set package 'turtle_control' build argument 'cmake_target_skip_unavailable' from command line to 'False'
[-1752509293716792576.000s] Level 5:colcon.colcon_core.verb:set package 'turtle_control' build argument 'cmake_clean_cache' from command line to 'False'
[-1752509293716792576.000s] Level 5:colcon.colcon_core.verb:set package 'turtle_control' build argument 'cmake_clean_first' from command line to 'False'
[-1752509293716792576.000s] Level 5:colcon.colcon_core.verb:set package 'turtle_control' build argument 'cmake_force_configure' from command line to 'False'
[-1752509293716792576.000s] Level 5:colcon.colcon_core.verb:set package 'turtle_control' build argument 'ament_cmake_args' from command line to 'None'
[-1752509293716792576.000s] Level 5:colcon.colcon_core.verb:set package 'turtle_control' build argument 'catkin_cmake_args' from command line to 'None'
[-1752509293716792576.000s] Level 5:colcon.colcon_core.verb:set package 'turtle_control' build argument 'catkin_skip_building_tests' from command line to 'False'
[-1752509293716792576.000s] DEBUG:colcon.colcon_core.verb:Building package 'turtle_control' with the following arguments: {'ament_cmake_args': None, 'build_base': '/home/himel/Recuitment_repo/Md-Ashfaqul-awal-22201868-autonomous/task2/src/build/turtle_control', 'catkin_cmake_args': None, 'catkin_skip_building_tests': False, 'cmake_args': None, 'cmake_clean_cache': False, 'cmake_clean_first': False, 'cmake_force_configure': False, 'cmake_target': None, 'cmake_target_skip_unavailable': False, 'install_base': '/home/himel/Recuitment_repo/Md-Ashfaqul-awal-22201868-autonomous/task2/src/install/turtle_control', 'merge_install': False, 'path': '/home/himel/Recuitment_repo/Md-Ashfaqul-awal-22201868-autonomous/task2/src/turtle_control', 'symlink_install': False, 'test_result_base': None}
[-1752509293716792576.000s] INFO:colcon.colcon_core.executor:Executing jobs using 'parallel' executor
[-1752509293716792576.000s] DEBUG:colcon.colcon_parallel_executor.executor.parallel:run_until_complete
[-1752509293716792576.000s] INFO:colcon.colcon_ros.task.ament_python.build:Building ROS package in '/home/himel/Recuitment_repo/Md-Ashfaqul-awal-22201868-autonomous/task2/src/turtle_control' with build type 'ament_python'
[-1752509293716792576.000s] Level 1:colcon.colcon_core.shell:create_environment_hook('turtle_control', 'ament_prefix_path')
[-1752509293716792576.000s] INFO:colcon.colcon_core.plugin_system:Skipping extension 'colcon_core.shell.bat': Not used on non-Windows systems
[-1752509293716792576.000s] INFO:colcon.colcon_core.shell:Creating environment hook '/home/himel/Recuitment_repo/Md-Ashfaqul-awal-22201868-autonomous/task2/src/install/turtle_control/share/turtle_control/hook/ament_prefix_path.ps1'
[-1752509293716792576.000s] INFO:colcon.colcon_core.shell:Creating environment descriptor '/home/himel/Recuitment_repo/Md-Ashfaqul-awal-22201868-autonomous/task2/src/install/turtle_control/share/turtle_control/hook/ament_prefix_path.dsv'
[-1752509293716792576.000s] INFO:colcon.colcon_core.shell:Creating environment hook '/home/himel/Recuitment_repo/Md-Ashfaqul-awal-22201868-autonomous/task2/src/install/turtle_control/share/turtle_control/hook/ament_prefix_path.sh'
[-1752509293716792576.000s] INFO:colcon.colcon_core.shell:Skip shell extension 'powershell' for command environment: Not usable outside of PowerShell
[-1752509293716792576.000s] DEBUG:colcon.colcon_core.shell:Skip shell extension 'dsv' for command environment
[-1752509293716792576.000s] INFO:colcon.colcon_core.task.python.build:Building Python package in '/home/himel/Recuitment_repo/Md-Ashfaqul-awal-22201868-autonomous/task2/src/turtle_control'
[-1752509293716792576.000s] INFO:colcon.colcon_core.shell:Skip shell extension 'powershell' for command environment: Not usable outside of PowerShell
[-1752509293716792576.000s] DEBUG:colcon.colcon_core.shell:Skip shell extension 'dsv' for command environment
[-1752509293716792576.000s] DEBUG:colcon.colcon_core.event_handler.log_command:Invoking command in '/home/himel/Recuitment_repo/Md-Ashfaqul-awal-22201868-autonomous/task2/src/turtle_control': DEBUGINFOD_URLS=https://debuginfod.archlinux.org LESS= -R -X -F PYTHONPATH=/home/himel/Recuitment_repo/Md-Ashfaqul-awal-22201868-autonomous/task2/src/build/turtle_control/prefix_override:/usr/lib/python3.13/site-packages/colcon_core/task/python/colcon_distutils_commands:/home/himel/Recuitment_repo/Md-Ashfaqul-awal-22201868-autonomous/task2/src/install/turtle_control/lib/python3.13/site-packages:${PYTHONPATH} _=/usr/bin/env /usr/bin/python -W ignore:setup.py install is deprecated -W ignore:easy_install command is deprecated setup.py egg_info --egg-base ../build/turtle_control build --build-base /home/himel/Recuitment_repo/Md-Ashfaqul-awal-22201868-autonomous/task2/src/build/turtle_control/build install --record /home/himel/Recuitment_repo/Md-Ashfaqul-awal-22201868-autonomous/task2/src/build/turtle_control/install.log --single-version-externally-managed install_data
[-1752509293716792576.000s] DEBUG:colcon.colcon_core.event_handler.log_command:Invoked command in '/home/himel/Recuitment_repo/Md-Ashfaqul-awal-22201868-autonomous/task2/src/turtle_control' returned '0': DEBUGINFOD_URLS=https://debuginfod.archlinux.org LESS= -R -X -F PYTHONPATH=/home/himel/Recuitment_repo/Md-Ashfaqul-awal-22201868-autonomous/task2/src/build/turtle_control/prefix_override:/usr/lib/python3.13/site-packages/colcon_core/task/python/colcon_distutils_commands:/home/himel/Recuitment_repo/Md-Ashfaqul-awal-22201868-autonomous/task2/src/install/turtle_control/lib/python3.13/site-packages:${PYTHONPATH} _=/usr/bin/env /usr/bin/python -W ignore:setup.py install is deprecated -W ignore:easy_install command is deprecated setup.py egg_info --egg-base ../build/turtle_control build --build-base /home/himel/Recuitment_repo/Md-Ashfaqul-awal-22201868-autonomous/task2/src/build/turtle_control/build install --record /home/himel/Recuitment_repo/Md-Ashfaqul-awal-22201868-autonomous/task2/src/build/turtle_control/install.log --single-version-externally-managed install_data
[-1752509293716792576.000s] Level 1:colcon.colcon_core.environment:checking '/home/himel/Recuitment_repo/Md-Ashfaqul-awal-22201868-autonomous/task2/src/install/turtle_control' for CMake module files
[-1752509293716792576.000s] Level 1:colcon.colcon_core.environment:checking '/home/himel/Recuitment_repo/Md-Ashfaqul-awal-22201868-autonomous/task2/src/install/turtle_control' for CMake config files
[-1752509293716792576.000s] Level 1:colcon.colcon_core.environment:checking '/home/himel/Recuitment_repo/Md-Ashfaqul-awal-22201868-autonomous/task2/src/install/turtle_control/lib'
[-1752509293716792576.000s] Level 1:colcon.colcon_core.environment:checking '/home/himel/Recuitment_repo/Md-Ashfaqul-awal-22201868-autonomous/task2/src/install/turtle_control/bin'
[-1752509293716792576.000s] Level 1:colcon.colcon_core.environment:checking '/home/himel/Recuitment_repo/Md-Ashfaqul-awal-22201868-autonomous/task2/src/install/turtle_control/lib/pkgconfig/turtle_control.pc'
[-1752509293716792576.000s] Level 1:colcon.colcon_core.environment:checking '/home/himel/Recuitment_repo/Md-Ashfaqul-awal-22201868-autonomous/task2/src/install/turtle_control/lib/python3.13/site-packages'
[-1752509293716792576.000s] Level 1:colcon.colcon_core.shell:create_environment_hook('turtle_control', 'pythonpath')
[-1752509293716792576.000s] INFO:colcon.colcon_core.shell:Creating environment hook '/home/himel/Recuitment_repo/Md-Ashfaqul-awal-22201868-autonomous/task2/src/install/turtle_control/share/turtle_control/hook/pythonpath.ps1'
[-1752509293716792576.000s] INFO:colcon.colcon_core.shell:Creating environment descriptor '/home/himel/Recuitment_repo/Md-Ashfaqul-awal-22201868-autonomous/task2/src/install/turtle_control/share/turtle_control/hook/pythonpath.dsv'
[-1752509293716792576.000s] INFO:colcon.colcon_core.shell:Creating environment hook '/home/himel/Recuitment_repo/Md-Ashfaqul-awal-22201868-autonomous/task2/src/install/turtle_control/share/turtle_control/hook/pythonpath.sh'
[-1752509293716792576.000s] Level 1:colcon.colcon_core.environment:checking '/home/himel/Recuitment_repo/Md-Ashfaqul-awal-22201868-autonomous/task2/src/install/turtle_control/bin'
[-1752509293716792576.000s] Level 1:colcon.colcon_core.environment:create_environment_scripts_only(turtle_control)
[-1752509293716792576.000s] INFO:colcon.colcon_core.shell:Creating package script '/home/himel/Recuitment_repo/Md-Ashfaqul-awal-22201868-autonomous/task2/src/install/turtle_control/share/turtle_control/package.ps1'
[-1752509293716792576.000s] INFO:colcon.colcon_core.shell:Creating package descriptor '/home/himel/Recuitment_repo/Md-Ashfaqul-awal-22201868-autonomous/task2/src/install/turtle_control/share/turtle_control/package.dsv'
[-1752509293716792576.000s] INFO:colcon.colcon_core.shell:Creating package script '/home/himel/Recuitment_repo/Md-Ashfaqul-awal-22201868-autonomous/task2/src/install/turtle_control/share/turtle_control/package.sh'
[-1752509293716792576.000s] INFO:colcon.colcon_core.shell:Creating package script '/home/himel/Recuitment_repo/Md-Ashfaqul-awal-22201868-autonomous/task2/src/install/turtle_control/share/turtle_control/package.bash'
[-1752509293716792576.000s] INFO:colcon.colcon_core.shell:Creating package script '/home/himel/Recuitment_repo/Md-Ashfaqul-awal-22201868-autonomous/task2/src/install/turtle_control/share/turtle_control/package.zsh'
[-1752509293716792576.000s] Level 1:colcon.colcon_core.environment:create_file_with_runtime_dependencies(/home/himel/Recuitment_repo/Md-Ashfaqul-awal-22201868-autonomous/task2/src/install/turtle_control/share/colcon-core/packages/turtle_control)
[-1752509293716792576.000s] DEBUG:colcon.colcon_parallel_executor.executor.parallel:closing loop
[-1752509293716792576.000s] DEBUG:colcon.colcon_parallel_executor.executor.parallel:loop closed
[-1752509293716792576.000s] DEBUG:colcon.colcon_parallel_executor.executor.parallel:run_until_complete finished with '0'
[-1752509293716792576.000s] DEBUG:colcon.colcon_core.event_reactor:joining thread
[-1752509293716792576.000s] INFO:colcon.colcon_core.plugin_system:Skipping extension 'colcon_notification.desktop_notification.terminal_notifier': Not used on non-Darwin systems
[-1752509293716792576.000s] INFO:colcon.colcon_core.plugin_system:Skipping extension 'colcon_notification.desktop_notification.win32': Not used on non-Windows systems
[-1752509293716792576.000s] INFO:colcon.colcon_notification.desktop_notification:Sending desktop notification using 'notify2'
[-1752509293716792576.000s] DEBUG:colcon.colcon_core.event_reactor:joined thread
[-1752509293716792576.000s] INFO:colcon.colcon_core.shell:Creating prefix script '/home/himel/Recuitment_repo/Md-Ashfaqul-awal-22201868-autonomous/task2/src/install/local_setup.ps1'
[-1752509293716792576.000s] INFO:colcon.colcon_core.shell:Creating prefix util module '/home/himel/Recuitment_repo/Md-Ashfaqul-awal-22201868-autonomous/task2/src/install/_local_setup_util_ps1.py'
[-1752509293716792576.000s] INFO:colcon.colcon_core.shell:Creating prefix chain script '/home/himel/Recuitment_repo/Md-Ashfaqul-awal-22201868-autonomous/task2/src/install/setup.ps1'
[-1752509293716792576.000s] INFO:colcon.colcon_core.shell:Creating prefix script '/home/himel/Recuitment_repo/Md-Ashfaqul-awal-22201868-autonomous/task2/src/install/local_setup.sh'
[-1752509293716792576.000s] INFO:colcon.colcon_core.shell:Creating prefix util module '/home/himel/Recuitment_repo/Md-Ashfaqul-awal-22201868-autonomous/task2/src/install/_local_setup_util_sh.py'
[-1752509293716792576.000s] INFO:colcon.colcon_core.shell:Creating prefix chain script '/home/himel/Recuitment_repo/Md-Ashfaqul-awal-22201868-autonomous/task2/src/install/setup.sh'
[-1752509293716792576.000s] INFO:colcon.colcon_core.shell:Creating prefix script '/home/himel/Recuitment_repo/Md-Ashfaqul-awal-22201868-autonomous/task2/src/install/local_setup.bash'
[-1752509293716792576.000s] INFO:colcon.colcon_core.shell:Creating prefix chain script '/home/himel/Recuitment_repo/Md-Ashfaqul-awal-22201868-autonomous/task2/src/install/setup.bash'
[-1752509293716792576.000s] INFO:colcon.colcon_core.shell:Creating prefix script '/home/himel/Recuitment_repo/Md-Ashfaqul-awal-22201868-autonomous/task2/src/install/local_setup.zsh'
[-1752509293716792576.000s] INFO:colcon.colcon_core.shell:Creating prefix chain script '/home/himel/Recuitment_repo/Md-Ashfaqul-awal-22201868-autonomous/task2/src/install/setup.zsh'
