[0.042s] Invoking command in '/home/hp/turtlebot3_ws/build/turtlebot3_description': CMAKE_PREFIX_PATH=/opt/ros/humble /usr/bin/cmake /home/hp/turtlebot3_ws/src/turtlebot3/turtlebot3_description -DAMENT_CMAKE_SYMLINK_INSTALL=1 -DCMAKE_INSTALL_PREFIX=/home/hp/turtlebot3_ws/install/turtlebot3_description
[1.062s] -- The C compiler identification is GNU 11.4.0
[1.614s] -- The CXX compiler identification is GNU 11.4.0
[1.662s] -- Detecting C compiler ABI info
[1.993s] -- Detecting C compiler ABI info - done
[2.005s] -- Check for working C compiler: /usr/bin/cc - skipped
[2.005s] -- Detecting C compile features
[2.027s] -- Detecting C compile features - done
[2.030s] -- Detecting CXX compiler ABI info
[2.119s] -- Detecting CXX compiler ABI info - done
[2.125s] -- Check for working CXX compiler: /usr/bin/c++ - skipped
[2.125s] -- Detecting CXX compile features
[2.125s] -- Detecting CXX compile features - done
[2.223s] -- Found ament_cmake: 1.3.11 (/opt/ros/humble/share/ament_cmake/cmake)
[2.515s] -- Found Python3: /usr/bin/python3 (found version "3.10.12") found components: Interpreter 
[2.612s] -- Override CMake install command with custom implementation using symlinks instead of copying resources
[2.773s] -- Found urdf: 2.6.1 (/opt/ros/humble/share/urdf/cmake)
[3.464s] -- Configuring done
[3.466s] -- Generating done
[3.467s] -- Build files have been written to: /home/hp/turtlebot3_ws/build/turtlebot3_description
[3.471s] Invoked command in '/home/hp/turtlebot3_ws/build/turtlebot3_description' returned '0': CMAKE_PREFIX_PATH=/opt/ros/humble /usr/bin/cmake /home/hp/turtlebot3_ws/src/turtlebot3/turtlebot3_description -DAMENT_CMAKE_SYMLINK_INSTALL=1 -DCMAKE_INSTALL_PREFIX=/home/hp/turtlebot3_ws/install/turtlebot3_description
[3.472s] Invoking command in '/home/hp/turtlebot3_ws/build/turtlebot3_description': CMAKE_PREFIX_PATH=/opt/ros/humble /usr/bin/cmake --build /home/hp/turtlebot3_ws/build/turtlebot3_description -- -j12 -l12
[3.496s] Invoked command in '/home/hp/turtlebot3_ws/build/turtlebot3_description' returned '0': CMAKE_PREFIX_PATH=/opt/ros/humble /usr/bin/cmake --build /home/hp/turtlebot3_ws/build/turtlebot3_description -- -j12 -l12
[3.497s] Invoking command in '/home/hp/turtlebot3_ws/build/turtlebot3_description': CMAKE_PREFIX_PATH=/opt/ros/humble /usr/bin/cmake --install /home/hp/turtlebot3_ws/build/turtlebot3_description
[3.502s] -- Install configuration: ""
[3.502s] -- Execute custom install script
[3.503s] -- Symlinking: /home/hp/turtlebot3_ws/install/turtlebot3_description/share/turtlebot3_description/meshes/bases/burger_base.stl
[3.508s] -- Symlinking: /home/hp/turtlebot3_ws/install/turtlebot3_description/share/turtlebot3_description/meshes/bases/waffle_base.stl
[3.514s] -- Symlinking: /home/hp/turtlebot3_ws/install/turtlebot3_description/share/turtlebot3_description/meshes/bases/waffle_pi_base.stl
[3.519s] -- Symlinking: /home/hp/turtlebot3_ws/install/turtlebot3_description/share/turtlebot3_description/meshes/sensors/astra.dae
[3.524s] -- Symlinking: /home/hp/turtlebot3_ws/install/turtlebot3_description/share/turtlebot3_description/meshes/sensors/astra.jpg
[3.530s] -- Symlinking: /home/hp/turtlebot3_ws/install/turtlebot3_description/share/turtlebot3_description/meshes/sensors/lds.stl
[3.535s] -- Symlinking: /home/hp/turtlebot3_ws/install/turtlebot3_description/share/turtlebot3_description/meshes/sensors/r200.dae
[3.540s] -- Symlinking: /home/hp/turtlebot3_ws/install/turtlebot3_description/share/turtlebot3_description/meshes/sensors/r200.jpg
[3.545s] -- Symlinking: /home/hp/turtlebot3_ws/install/turtlebot3_description/share/turtlebot3_description/meshes/wheels/left_tire.stl
[3.550s] -- Symlinking: /home/hp/turtlebot3_ws/install/turtlebot3_description/share/turtlebot3_description/meshes/wheels/right_tire.stl
[3.555s] -- Symlinking: /home/hp/turtlebot3_ws/install/turtlebot3_description/share/turtlebot3_description/rviz/model.rviz
[3.560s] -- Symlinking: /home/hp/turtlebot3_ws/install/turtlebot3_description/share/turtlebot3_description/urdf/common_properties.urdf
[3.565s] -- Symlinking: /home/hp/turtlebot3_ws/install/turtlebot3_description/share/turtlebot3_description/urdf/turtlebot3_burger.urdf
[3.570s] -- Symlinking: /home/hp/turtlebot3_ws/install/turtlebot3_description/share/turtlebot3_description/urdf/turtlebot3_waffle.urdf
[3.575s] -- Symlinking: /home/hp/turtlebot3_ws/install/turtlebot3_description/share/turtlebot3_description/urdf/turtlebot3_waffle_pi.urdf
[3.581s] -- Symlinking: /home/hp/turtlebot3_ws/install/turtlebot3_description/share/ament_index/resource_index/package_run_dependencies/turtlebot3_description
[3.586s] -- Symlinking: /home/hp/turtlebot3_ws/install/turtlebot3_description/share/ament_index/resource_index/parent_prefix_path/turtlebot3_description
[3.591s] -- Symlinking: /home/hp/turtlebot3_ws/install/turtlebot3_description/share/turtlebot3_description/environment/ament_prefix_path.sh
[3.597s] -- Symlinking: /home/hp/turtlebot3_ws/install/turtlebot3_description/share/turtlebot3_description/environment/ament_prefix_path.dsv
[3.602s] -- Symlinking: /home/hp/turtlebot3_ws/install/turtlebot3_description/share/turtlebot3_description/environment/path.sh
[3.608s] -- Symlinking: /home/hp/turtlebot3_ws/install/turtlebot3_description/share/turtlebot3_description/environment/path.dsv
[3.614s] -- Symlinking: /home/hp/turtlebot3_ws/install/turtlebot3_description/share/turtlebot3_description/local_setup.bash
[3.620s] -- Symlinking: /home/hp/turtlebot3_ws/install/turtlebot3_description/share/turtlebot3_description/local_setup.sh
[3.625s] -- Symlinking: /home/hp/turtlebot3_ws/install/turtlebot3_description/share/turtlebot3_description/local_setup.zsh
[3.631s] -- Symlinking: /home/hp/turtlebot3_ws/install/turtlebot3_description/share/turtlebot3_description/local_setup.dsv
[3.636s] -- Symlinking: /home/hp/turtlebot3_ws/install/turtlebot3_description/share/turtlebot3_description/package.dsv
[3.641s] -- Symlinking: /home/hp/turtlebot3_ws/install/turtlebot3_description/share/ament_index/resource_index/packages/turtlebot3_description
[3.646s] -- Symlinking: /home/hp/turtlebot3_ws/install/turtlebot3_description/share/turtlebot3_description/cmake/turtlebot3_descriptionConfig.cmake
[3.651s] -- Symlinking: /home/hp/turtlebot3_ws/install/turtlebot3_description/share/turtlebot3_description/cmake/turtlebot3_descriptionConfig-version.cmake
[3.656s] -- Symlinking: /home/hp/turtlebot3_ws/install/turtlebot3_description/share/turtlebot3_description/package.xml
[3.664s] Invoked command in '/home/hp/turtlebot3_ws/build/turtlebot3_description' returned '0': CMAKE_PREFIX_PATH=/opt/ros/humble /usr/bin/cmake --install /home/hp/turtlebot3_ws/build/turtlebot3_description
