[1.586s] Invoking command in '/home/himel/ros2_ws/src/turtle_control': DEBUGINFOD_URLS=https://debuginfod.archlinux.org LESS= -R -X -F PYTHONPATH=/home/himel/ros2_ws/build/turtle_control/prefix_override:/usr/lib/python3.13/site-packages/colcon_core/task/python/colcon_distutils_commands:/home/himel/ros2_ws/install/turtle_control/lib/python3.13/site-packages:${PYTHONPATH} _=/usr/bin/env /usr/bin/python -W ignore:setup.py install is deprecated -W ignore:easy_install command is deprecated setup.py egg_info --egg-base ../../build/turtle_control build --build-base /home/himel/ros2_ws/build/turtle_control/build install --record /home/himel/ros2_ws/build/turtle_control/install.log --single-version-externally-managed install_data
[1.789s] /usr/lib/python3.13/site-packages/setuptools/_distutils/dist.py:289: UserWarning: Unknown distribution option: 'tests_require'
[1.789s]   warnings.warn(msg)
[2.104s] running egg_info
[2.140s] writing ../../build/turtle_control/turtle_control.egg-info/PKG-INFO
[2.140s] writing dependency_links to ../../build/turtle_control/turtle_control.egg-info/dependency_links.txt
[2.140s] writing entry points to ../../build/turtle_control/turtle_control.egg-info/entry_points.txt
[2.141s] writing requirements to ../../build/turtle_control/turtle_control.egg-info/requires.txt
[2.141s] writing top-level names to ../../build/turtle_control/turtle_control.egg-info/top_level.txt
[2.287s] [2;36m[07/12/25 18:54:02][0m[2;36m [0m[1;31mERROR   [0m listing git files failed - pretending there aren't any                                                           ]8;id=866574;file:///usr/lib/python3.13/site-packages/setuptools_scm/_file_finders/git.py\[2mgit.py[0m]8;;\[2m:[0m]8;id=448808;file:///usr/lib/python3.13/site-packages/setuptools_scm/_file_finders/git.py#26\[2m26[0m]8;;\
[2.454s] reading manifest file '../../build/turtle_control/turtle_control.egg-info/SOURCES.txt'
[2.455s] writing manifest file '../../build/turtle_control/turtle_control.egg-info/SOURCES.txt'
[2.455s] running build
[2.455s] running build_py
[2.455s] copying turtle_control/__init__.py -> /home/himel/ros2_ws/build/turtle_control/build/lib/turtle_control
[2.455s] running install
[2.461s] running install_lib
[2.496s] running install_data
[2.496s] copying resource/turtle_control -> /home/himel/ros2_ws/install/turtle_control/share/ament_index/resource_index/packages
[2.497s] copying package.xml -> /home/himel/ros2_ws/install/turtle_control/share/turtle_control
[2.497s] running install_egg_info
[2.532s] removing '/home/himel/ros2_ws/install/turtle_control/lib/python3.13/site-packages/turtle_control-0.0.0-py3.13.egg-info' (and everything under it)
[2.532s] Copying ../../build/turtle_control/turtle_control.egg-info to /home/himel/ros2_ws/install/turtle_control/lib/python3.13/site-packages/turtle_control-0.0.0-py3.13.egg-info
[2.533s] running install_scripts
[2.604s] Installing figure8_driver script to /home/himel/ros2_ws/install/turtle_control/lib/turtle_control
[2.604s] Installing trace_toggle_service script to /home/himel/ros2_ws/install/turtle_control/lib/turtle_control
[2.605s] writing list of installed files to '/home/himel/ros2_ws/build/turtle_control/install.log'
[2.651s] Invoked command in '/home/himel/ros2_ws/src/turtle_control' returned '0': DEBUGINFOD_URLS=https://debuginfod.archlinux.org LESS= -R -X -F PYTHONPATH=/home/himel/ros2_ws/build/turtle_control/prefix_override:/usr/lib/python3.13/site-packages/colcon_core/task/python/colcon_distutils_commands:/home/himel/ros2_ws/install/turtle_control/lib/python3.13/site-packages:${PYTHONPATH} _=/usr/bin/env /usr/bin/python -W ignore:setup.py install is deprecated -W ignore:easy_install command is deprecated setup.py egg_info --egg-base ../../build/turtle_control build --build-base /home/himel/ros2_ws/build/turtle_control/build install --record /home/himel/ros2_ws/build/turtle_control/install.log --single-version-externally-managed install_data
