[1.333s] Invoking command in '/home/himel/Recuitment_repo/Md-Ashfaqul-awal-22201868-autonomous/task2/src/turtle_control': DEBUGINFOD_URLS=https://debuginfod.archlinux.org LESS= -R -X -F PYTHONPATH=/home/himel/Recuitment_repo/Md-Ashfaqul-awal-22201868-autonomous/task2/build/turtle_control/prefix_override:/usr/lib/python3.13/site-packages/colcon_core/task/python/colcon_distutils_commands:/home/himel/Recuitment_repo/Md-Ashfaqul-awal-22201868-autonomous/task2/install/turtle_control/lib/python3.13/site-packages:${PYTHONPATH} _=/usr/bin/env /usr/bin/python -W ignore:setup.py install is deprecated -W ignore:easy_install command is deprecated setup.py egg_info --egg-base ../../build/turtle_control build --build-base /home/himel/Recuitment_repo/Md-Ashfaqul-awal-22201868-autonomous/task2/build/turtle_control/build install --record /home/himel/Recuitment_repo/Md-Ashfaqul-awal-22201868-autonomous/task2/build/turtle_control/install.log --single-version-externally-managed install_data
[1.495s] /usr/lib/python3.13/site-packages/setuptools/_distutils/dist.py:289: UserWarning: Unknown distribution option: 'tests_require'
[1.495s]   warnings.warn(msg)
[1.750s] running egg_info
[1.780s] writing ../../build/turtle_control/turtle_control.egg-info/PKG-INFO
[1.780s] writing dependency_links to ../../build/turtle_control/turtle_control.egg-info/dependency_links.txt
[1.780s] writing entry points to ../../build/turtle_control/turtle_control.egg-info/entry_points.txt
[1.780s] writing requirements to ../../build/turtle_control/turtle_control.egg-info/requires.txt
[1.780s] writing top-level names to ../../build/turtle_control/turtle_control.egg-info/top_level.txt
[2.079s] reading manifest file '../../build/turtle_control/turtle_control.egg-info/SOURCES.txt'
[2.080s] writing manifest file '../../build/turtle_control/turtle_control.egg-info/SOURCES.txt'
[2.080s] running build
[2.081s] running build_py
[2.081s] copying turtle_control/__init__.py -> /home/himel/Recuitment_repo/Md-Ashfaqul-awal-22201868-autonomous/task2/build/turtle_control/build/lib/turtle_control
[2.081s] running install
[2.088s] running install_lib
[2.120s] running install_data
[2.120s] copying resource/turtle_control -> /home/himel/Recuitment_repo/Md-Ashfaqul-awal-22201868-autonomous/task2/install/turtle_control/share/ament_index/resource_index/packages
[2.120s] copying package.xml -> /home/himel/Recuitment_repo/Md-Ashfaqul-awal-22201868-autonomous/task2/install/turtle_control/share/turtle_control
[2.120s] copying launch/bringup.launch.py -> /home/himel/Recuitment_repo/Md-Ashfaqul-awal-22201868-autonomous/task2/install/turtle_control/share/turtle_control/launch
[2.120s] running install_egg_info
[2.154s] removing '/home/himel/Recuitment_repo/Md-Ashfaqul-awal-22201868-autonomous/task2/install/turtle_control/lib/python3.13/site-packages/turtle_control-0.0.0-py3.13.egg-info' (and everything under it)
[2.154s] Copying ../../build/turtle_control/turtle_control.egg-info to /home/himel/Recuitment_repo/Md-Ashfaqul-awal-22201868-autonomous/task2/install/turtle_control/lib/python3.13/site-packages/turtle_control-0.0.0-py3.13.egg-info
[2.155s] running install_scripts
[2.240s] Installing figure8_driver script to /home/himel/Recuitment_repo/Md-Ashfaqul-awal-22201868-autonomous/task2/install/turtle_control/lib/turtle_control
[2.240s] Installing trace_toggle_service script to /home/himel/Recuitment_repo/Md-Ashfaqul-awal-22201868-autonomous/task2/install/turtle_control/lib/turtle_control
[2.241s] writing list of installed files to '/home/himel/Recuitment_repo/Md-Ashfaqul-awal-22201868-autonomous/task2/build/turtle_control/install.log'
[2.276s] Invoked command in '/home/himel/Recuitment_repo/Md-Ashfaqul-awal-22201868-autonomous/task2/src/turtle_control' returned '0': DEBUGINFOD_URLS=https://debuginfod.archlinux.org LESS= -R -X -F PYTHONPATH=/home/himel/Recuitment_repo/Md-Ashfaqul-awal-22201868-autonomous/task2/build/turtle_control/prefix_override:/usr/lib/python3.13/site-packages/colcon_core/task/python/colcon_distutils_commands:/home/himel/Recuitment_repo/Md-Ashfaqul-awal-22201868-autonomous/task2/install/turtle_control/lib/python3.13/site-packages:${PYTHONPATH} _=/usr/bin/env /usr/bin/python -W ignore:setup.py install is deprecated -W ignore:easy_install command is deprecated setup.py egg_info --egg-base ../../build/turtle_control build --build-base /home/himel/Recuitment_repo/Md-Ashfaqul-awal-22201868-autonomous/task2/build/turtle_control/build install --record /home/himel/Recuitment_repo/Md-Ashfaqul-awal-22201868-autonomous/task2/build/turtle_control/install.log --single-version-externally-managed install_data
