[1.218s] Invoking command in '/home/himel/Recuitment_repo/Md-Ashfaqul-awal-22201868-autonomous/task2/src/turtle_control': DEBUGINFOD_URLS=https://debuginfod.archlinux.org LESS= -R -X -F PYTHONPATH=/home/himel/Recuitment_repo/Md-Ashfaqul-awal-22201868-autonomous/task2/src/build/turtle_control/prefix_override:/usr/lib/python3.13/site-packages/colcon_core/task/python/colcon_distutils_commands:/home/himel/Recuitment_repo/Md-Ashfaqul-awal-22201868-autonomous/task2/src/install/turtle_control/lib/python3.13/site-packages:${PYTHONPATH} _=/usr/bin/env /usr/bin/python -W ignore:setup.py install is deprecated -W ignore:easy_install command is deprecated setup.py egg_info --egg-base ../build/turtle_control build --build-base /home/himel/Recuitment_repo/Md-Ashfaqul-awal-22201868-autonomous/task2/src/build/turtle_control/build install --record /home/himel/Recuitment_repo/Md-Ashfaqul-awal-22201868-autonomous/task2/src/build/turtle_control/install.log --single-version-externally-managed install_data
[1.376s] /usr/lib/python3.13/site-packages/setuptools/_distutils/dist.py:289: UserWarning: Unknown distribution option: 'tests_require'
[1.376s]   warnings.warn(msg)
[1.629s] running egg_info
[1.657s] writing ../build/turtle_control/turtle_control.egg-info/PKG-INFO
[1.657s] writing dependency_links to ../build/turtle_control/turtle_control.egg-info/dependency_links.txt
[1.657s] writing entry points to ../build/turtle_control/turtle_control.egg-info/entry_points.txt
[1.658s] writing requirements to ../build/turtle_control/turtle_control.egg-info/requires.txt
[1.658s] writing top-level names to ../build/turtle_control/turtle_control.egg-info/top_level.txt
[1.903s] reading manifest file '../build/turtle_control/turtle_control.egg-info/SOURCES.txt'
[1.904s] writing manifest file '../build/turtle_control/turtle_control.egg-info/SOURCES.txt'
[1.904s] running build
[1.904s] running build_py
[1.904s] copying turtle_control/__init__.py -> /home/himel/Recuitment_repo/Md-Ashfaqul-awal-22201868-autonomous/task2/src/build/turtle_control/build/lib/turtle_control
[1.904s] running install
[1.909s] running install_lib
[1.937s] running install_data
[1.937s] copying resource/turtle_control -> /home/himel/Recuitment_repo/Md-Ashfaqul-awal-22201868-autonomous/task2/src/install/turtle_control/share/ament_index/resource_index/packages
[1.937s] copying package.xml -> /home/himel/Recuitment_repo/Md-Ashfaqul-awal-22201868-autonomous/task2/src/install/turtle_control/share/turtle_control
[1.937s] copying launch/bringup.launch.py -> /home/himel/Recuitment_repo/Md-Ashfaqul-awal-22201868-autonomous/task2/src/install/turtle_control/share/turtle_control/launch
[1.937s] running install_egg_info
[1.968s] removing '/home/himel/Recuitment_repo/Md-Ashfaqul-awal-22201868-autonomous/task2/src/install/turtle_control/lib/python3.13/site-packages/turtle_control-0.0.0-py3.13.egg-info' (and everything under it)
[1.968s] Copying ../build/turtle_control/turtle_control.egg-info to /home/himel/Recuitment_repo/Md-Ashfaqul-awal-22201868-autonomous/task2/src/install/turtle_control/lib/python3.13/site-packages/turtle_control-0.0.0-py3.13.egg-info
[1.969s] running install_scripts
[2.043s] Installing figure8_driver script to /home/himel/Recuitment_repo/Md-Ashfaqul-awal-22201868-autonomous/task2/src/install/turtle_control/lib/turtle_control
[2.043s] Installing trace_toggle_service script to /home/himel/Recuitment_repo/Md-Ashfaqul-awal-22201868-autonomous/task2/src/install/turtle_control/lib/turtle_control
[2.044s] writing list of installed files to '/home/himel/Recuitment_repo/Md-Ashfaqul-awal-22201868-autonomous/task2/src/build/turtle_control/install.log'
[2.081s] Invoked command in '/home/himel/Recuitment_repo/Md-Ashfaqul-awal-22201868-autonomous/task2/src/turtle_control' returned '0': DEBUGINFOD_URLS=https://debuginfod.archlinux.org LESS= -R -X -F PYTHONPATH=/home/himel/Recuitment_repo/Md-Ashfaqul-awal-22201868-autonomous/task2/src/build/turtle_control/prefix_override:/usr/lib/python3.13/site-packages/colcon_core/task/python/colcon_distutils_commands:/home/himel/Recuitment_repo/Md-Ashfaqul-awal-22201868-autonomous/task2/src/install/turtle_control/lib/python3.13/site-packages:${PYTHONPATH} _=/usr/bin/env /usr/bin/python -W ignore:setup.py install is deprecated -W ignore:easy_install command is deprecated setup.py egg_info --egg-base ../build/turtle_control build --build-base /home/himel/Recuitment_repo/Md-Ashfaqul-awal-22201868-autonomous/task2/src/build/turtle_control/build install --record /home/himel/Recuitment_repo/Md-Ashfaqul-awal-22201868-autonomous/task2/src/build/turtle_control/install.log --single-version-externally-managed install_data
