[-1752323878451119616.000s] DEBUG:colcon:Command line arguments: ['/usr/bin/colcon', 'build']
[-1752323878451119616.000s] DEBUG:colcon:Parsed command line arguments: Namespace(log_base=None, log_level=None, verb_name='build', build_base='build', install_base='install', merge_install=False, symlink_install=False, test_result_base=None, continue_on_error=False, executor='parallel', parallel_workers=8, event_handlers=None, ignore_user_meta=False, metas=['./colcon.meta'], base_paths=['.'], packages_ignore=None, packages_ignore_regex=None, paths=None, packages_up_to=None, packages_up_to_regex=None, packages_above=None, packages_above_and_dependencies=None, packages_above_depth=None, packages_select_by_dep=None, packages_skip_by_dep=None, packages_skip_up_to=None, packages_select_build_failed=False, packages_skip_build_finished=False, packages_select_test_failures=False, packages_skip_test_passed=False, packages_select=None, packages_skip=None, packages_select_regex=None, packages_skip_regex=None, packages_start=None, packages_end=None, cmake_args=None, cmake_target=None, cmake_target_skip_unavailable=False, cmake_clean_cache=False, cmake_clean_first=False, cmake_force_configure=False, ament_cmake_args=None, catkin_cmake_args=None, catkin_skip_building_tests=False, verb_parser=<colcon_defaults.argument_parser.defaults.DefaultArgumentsDecorator object at 0x7fce1d5d8550>, verb_extension=<colcon_core.verb.build.BuildVerb object at 0x7fce1d5a5940>, main=<bound method BuildVerb.main of <colcon_core.verb.build.BuildVerb object at 0x7fce1d5a5940>>)
[-1752323878451119616.000s] Level 1:colcon.colcon_core.package_discovery:discover_packages(colcon_meta) check parameters
[-1752323878451119616.000s] Level 1:colcon.colcon_core.package_discovery:discover_packages(recursive) check parameters
[-1752323878451119616.000s] Level 1:colcon.colcon_core.package_discovery:discover_packages(ignore) check parameters
[-1752323878451119616.000s] Level 1:colcon.colcon_core.package_discovery:discover_packages(path) check parameters
[-1752323878451119616.000s] Level 1:colcon.colcon_core.package_discovery:discover_packages(colcon_meta) discover
[-1752323878451119616.000s] Level 1:colcon.colcon_core.package_discovery:discover_packages(recursive) discover
[-1752323878451119616.000s] INFO:colcon.colcon_core.package_discovery:Crawling recursively for packages in '/home/himel/ros2_ws/build'
[-1752323878451119616.000s] Level 1:colcon.colcon_core.package_identification:_identify(.) by extensions ['ignore', 'ignore_ament_install']
[-1752323878451119616.000s] Level 1:colcon.colcon_core.package_identification:_identify(.) by extension 'ignore'
[-1752323878451119616.000s] Level 1:colcon.colcon_core.package_identification:_identify(.) ignored
[-1752323878451119616.000s] Level 1:colcon.colcon_core.package_discovery:discover_packages(recursive) using defaults
[-1752323878451119616.000s] Level 1:colcon.colcon_core.package_discovery:discover_packages(ignore) discover
[-1752323878451119616.000s] Level 1:colcon.colcon_core.package_discovery:discover_packages(ignore) using defaults
[-1752323878451119616.000s] Level 1:colcon.colcon_core.package_discovery:discover_packages(path) discover
[-1752323878451119616.000s] Level 1:colcon.colcon_core.package_discovery:discover_packages(path) using defaults
[-1752323878451119616.000s] INFO:colcon.colcon_core.executor:Executing jobs using 'parallel' executor
[-1752323878451119616.000s] DEBUG:colcon.colcon_parallel_executor.executor.parallel:run_until_complete
[-1752323878451119616.000s] DEBUG:colcon.colcon_parallel_executor.executor.parallel:closing loop
[-1752323878451119616.000s] DEBUG:colcon.colcon_parallel_executor.executor.parallel:loop closed
[-1752323878451119616.000s] DEBUG:colcon.colcon_parallel_executor.executor.parallel:run_until_complete finished with '0'
[-1752323878451119616.000s] DEBUG:colcon.colcon_core.event_reactor:joining thread
[-1752323878451119616.000s] INFO:colcon.colcon_core.plugin_system:Skipping extension 'colcon_notification.desktop_notification.terminal_notifier': Not used on non-Darwin systems
[-1752323878451119616.000s] INFO:colcon.colcon_core.plugin_system:Skipping extension 'colcon_notification.desktop_notification.win32': Not used on non-Windows systems
[-1752323878451119616.000s] INFO:colcon.colcon_notification.desktop_notification:Sending desktop notification using 'notify2'
[-1752323878451119616.000s] DEBUG:colcon.colcon_core.event_reactor:joined thread
[-1752323878451119616.000s] INFO:colcon.colcon_core.plugin_system:Skipping extension 'colcon_core.shell.bat': Not used on non-Windows systems
[-1752323878451119616.000s] INFO:colcon.colcon_core.shell:Creating prefix script '/home/himel/ros2_ws/build/install/local_setup.ps1'
[-1752323878451119616.000s] INFO:colcon.colcon_core.shell:Creating prefix util module '/home/himel/ros2_ws/build/install/_local_setup_util_ps1.py'
[-1752323878451119616.000s] INFO:colcon.colcon_core.shell:Creating prefix chain script '/home/himel/ros2_ws/build/install/setup.ps1'
[-1752323878451119616.000s] INFO:colcon.colcon_core.shell:Creating prefix script '/home/himel/ros2_ws/build/install/local_setup.sh'
[-1752323878451119616.000s] INFO:colcon.colcon_core.shell:Creating prefix util module '/home/himel/ros2_ws/build/install/_local_setup_util_sh.py'
[-1752323878451119616.000s] INFO:colcon.colcon_core.shell:Creating prefix chain script '/home/himel/ros2_ws/build/install/setup.sh'
[-1752323878451119616.000s] INFO:colcon.colcon_core.shell:Creating prefix script '/home/himel/ros2_ws/build/install/local_setup.bash'
[-1752323878451119616.000s] INFO:colcon.colcon_core.shell:Creating prefix chain script '/home/himel/ros2_ws/build/install/setup.bash'
[-1752323878451119616.000s] INFO:colcon.colcon_core.shell:Creating prefix script '/home/himel/ros2_ws/build/install/local_setup.zsh'
[-1752323878451119616.000s] INFO:colcon.colcon_core.shell:Creating prefix chain script '/home/himel/ros2_ws/build/install/setup.zsh'
