[0.040s] Invoking command in '/home/hp/turtlebot3_ws/build/turtlebot3_gazebo': CMAKE_PREFIX_PATH=/opt/ros/humble /usr/bin/cmake /home/hp/turtlebot3_ws/src/turtlebot3_simulations/turtlebot3_gazebo -DAMENT_CMAKE_SYMLINK_INSTALL=1 -DCMAKE_INSTALL_PREFIX=/home/hp/turtlebot3_ws/install/turtlebot3_gazebo
[1.057s] -- The C compiler identification is GNU 11.4.0
[1.611s] -- The CXX compiler identification is GNU 11.4.0
[1.658s] -- Detecting C compiler ABI info
[1.989s] -- Detecting C compiler ABI info - done
[2.001s] -- Check for working C compiler: /usr/bin/cc - skipped
[2.001s] -- Detecting C compile features
[2.022s] -- Detecting C compile features - done
[2.026s] -- Detecting CXX compiler ABI info
[2.115s] -- Detecting CXX compiler ABI info - done
[2.121s] -- Check for working CXX compiler: /usr/bin/c++ - skipped
[2.121s] -- Detecting CXX compile features
[2.121s] -- Detecting CXX compile features - done
[2.219s] -- Found ament_cmake: 1.3.11 (/opt/ros/humble/share/ament_cmake/cmake)
[2.510s] -- Found Python3: /usr/bin/python3 (found version "3.10.12") found components: Interpreter 
[2.608s] -- Override CMake install command with custom implementation using symlinks instead of copying resources
[3.040s] [33mCMake Warning (dev) at /usr/share/cmake-3.22/Modules/FindPackageHandleStandardArgs.cmake:438 (message):
[3.040s]   The package name passed to `find_package_handle_standard_args` (PkgConfig)
[3.040s]   does not match the name of the calling package (gazebo).  This can lead to
[3.040s]   problems in calling code that expects `find_package` result variables
[3.040s]   (e.g., `_FOUND`) to follow a certain pattern.
[3.040s] Call Stack (most recent call first):
[3.040s]   /usr/share/cmake-3.22/Modules/FindPkgConfig.cmake:99 (find_package_handle_standard_args)
[3.040s]   /usr/lib/x86_64-linux-gnu/cmake/gazebo/gazebo-config.cmake:72 (include)
[3.041s]   CMakeLists.txt:23 (find_package)
[3.041s] This warning is for project developers.  Use -Wno-dev to suppress it.
[3.041s] [0m
[3.041s] -- Found PkgConfig: /usr/bin/pkg-config (found version "0.29.2") 
[3.043s] -- Checking for module 'bullet>=2.82'
[3.310s] --   Found bullet, version 3.05
[3.651s] -- Found fcl: /usr/include (found suitable version "0.7.0", minimum required is "0.5.0") 
[3.745s] -- Found assimp: /usr/include (found version "5.2.0") 
[4.030s] -- Found DART: /usr/include (Required is at least version "6.6") found components: dart 
[5.184s] -- Found Boost: /usr/lib/x86_64-linux-gnu/cmake/Boost-1.74.0/BoostConfig.cmake (found suitable version "1.74.0", minimum required is "1.40.0") found components: thread system filesystem program_options regex iostreams date_time 
[5.299s] -- Found Protobuf: /usr/lib/x86_64-linux-gnu/libprotobuf.so (found version "3.12.4") 
[5.324s] -- Looking for ignition-math6 -- found version 6.15.1
[5.485s] -- Searching for dependencies of ignition-math6
[5.508s] -- Looking for OGRE...
[5.508s] -- OGRE_PREFIX_WATCH changed.
[5.511s] -- Checking for module 'OGRE'
[5.519s] --   Found OGRE, version 1.9.0
[5.552s] -- Found Ogre Ghadamon (1.9.0)
[5.602s] -- Found OGRE: optimized;/usr/lib/x86_64-linux-gnu/libOgreMain.so;debug;/usr/lib/x86_64-linux-gnu/libOgreMain.so
[5.609s] -- Looking for OGRE_Paging...
[5.613s] -- Found OGRE_Paging: optimized;/usr/lib/x86_64-linux-gnu/libOgrePaging.so;debug;/usr/lib/x86_64-linux-gnu/libOgrePaging.so
[5.614s] -- Looking for OGRE_Terrain...
[5.629s] -- Found OGRE_Terrain: optimized;/usr/lib/x86_64-linux-gnu/libOgreTerrain.so;debug;/usr/lib/x86_64-linux-gnu/libOgreTerrain.so
[5.629s] -- Looking for OGRE_Property...
[5.645s] -- Found OGRE_Property: optimized;/usr/lib/x86_64-linux-gnu/libOgreProperty.so;debug;/usr/lib/x86_64-linux-gnu/libOgreProperty.so
[5.646s] -- Looking for OGRE_RTShaderSystem...
[5.651s] -- Found OGRE_RTShaderSystem: optimized;/usr/lib/x86_64-linux-gnu/libOgreRTShaderSystem.so;debug;/usr/lib/x86_64-linux-gnu/libOgreRTShaderSystem.so
[5.651s] -- Looking for OGRE_Volume...
[5.654s] -- Found OGRE_Volume: optimized;/usr/lib/x86_64-linux-gnu/libOgreVolume.so;debug;/usr/lib/x86_64-linux-gnu/libOgreVolume.so
[5.654s] -- Looking for OGRE_Overlay...
[5.658s] -- Found OGRE_Overlay: optimized;/usr/lib/x86_64-linux-gnu/libOgreOverlay.so;debug;/usr/lib/x86_64-linux-gnu/libOgreOverlay.so
[5.775s] -- Looking for ignition-math6 -- found version 6.15.1
[5.838s] -- Looking for ignition-transport8 -- found version 8.2.1
[5.838s] -- Searching for dependencies of ignition-transport8
[5.884s] -- Found Protobuf: /usr/lib/x86_64-linux-gnu/libprotobuf.so (found suitable version "3.12.4", minimum required is "3") 
[5.891s] -- Config-file not installed for ZeroMQ -- checking for pkg-config
[5.894s] -- Checking for module 'libzmq >= 4'
[5.987s] --   Found libzmq , version 4.3.4
[6.011s] -- Found ZeroMQ: TRUE (Required is at least version "4") 
[6.015s] -- Checking for module 'uuid'
[6.032s] --   Found uuid, version 2.37.2
[6.051s] -- Found UUID: TRUE  
[6.069s] -- Looking for ignition-msgs5 -- found version 5.8.1
[6.069s] -- Searching for dependencies of ignition-msgs5
[6.083s] -- Looking for ignition-math6 -- found version 6.15.1
[6.086s] -- Checking for module 'tinyxml2'
[6.112s] --   Found tinyxml2, version 9.0.0
[6.152s] -- Looking for ignition-msgs5 -- found version 5.8.1
[6.157s] -- Looking for ignition-common3 -- found version 3.14.0
[6.158s] -- Searching for dependencies of ignition-common3
[6.158s] -- Looking for dlfcn.h - found
[6.159s] -- Looking for libdl - found
[6.160s] -- Found DL: TRUE  
[6.168s] -- Found tinyobjloader: /usr/lib/x86_64-linux-gnu/cmake/tinyobjloader/tinyobjloader-config.cmake (found version "2.0.0") 
[6.169s] -- Searching for <ignition-common3> component [graphics]
[6.171s] -- Looking for ignition-common3-graphics -- found version 3.14.0
[6.171s] -- Searching for dependencies of ignition-common3-graphics
[6.172s] -- Looking for ignition-math6 -- found version 6.15.1
[6.185s] -- Looking for ignition-fuel_tools4 -- found version 4.4.0
[6.186s] -- Searching for dependencies of ignition-fuel_tools4
[6.268s] -- Found CURL: /usr/lib/x86_64-linux-gnu/libcurl.so (found version "7.81.0")  
[6.314s] -- Checking for module 'jsoncpp'
[6.322s] --   Found jsoncpp, version 1.9.5
[6.342s] -- Found JSONCPP: TRUE  
[6.364s] -- Checking for module 'libzip'
[6.384s] --   Found libzip, version 1.7.3
[6.403s] -- Found ZIP: TRUE  
[6.403s] -- Looking for ignition-common3 -- found version 3.14.0
[6.404s] -- Looking for ignition-math6 -- found version 6.15.1
[6.404s] -- Looking for ignition-msgs5 -- found version 5.8.1
[6.488s] -- Found gazebo_ros_pkgs: 3.9.0 (/opt/ros/humble/share/gazebo_ros_pkgs/cmake)
[6.489s] -- Found geometry_msgs: 4.9.0 (/opt/ros/humble/share/geometry_msgs/cmake)
[6.510s] -- Found rosidl_generator_c: 3.1.6 (/opt/ros/humble/share/rosidl_generator_c/cmake)
[6.514s] -- Found rosidl_adapter: 3.1.6 (/opt/ros/humble/share/rosidl_adapter/cmake)
[6.519s] -- Found rosidl_generator_cpp: 3.1.6 (/opt/ros/humble/share/rosidl_generator_cpp/cmake)
[6.529s] -- Using all available rosidl_typesupport_c: rosidl_typesupport_fastrtps_c;rosidl_typesupport_introspection_c
[6.544s] -- Using all available rosidl_typesupport_cpp: rosidl_typesupport_fastrtps_cpp;rosidl_typesupport_introspection_cpp
[6.616s] -- Found nav_msgs: 4.9.0 (/opt/ros/humble/share/nav_msgs/cmake)
[7.019s] -- Found rclcpp: 16.0.12 (/opt/ros/humble/share/rclcpp/cmake)
[7.105s] -- Found rmw_implementation_cmake: 6.1.2 (/opt/ros/humble/share/rmw_implementation_cmake/cmake)
[7.119s] -- Found rmw_fastrtps_cpp: 6.2.7 (/opt/ros/humble/share/rmw_fastrtps_cpp/cmake)
[7.360s] -- Found OpenSSL: /usr/lib/x86_64-linux-gnu/libcrypto.so (found version "3.0.2")  
[7.381s] -- Found FastRTPS: /opt/ros/humble/include  
[7.410s] -- Using RMW implementation 'rmw_fastrtps_cpp' as default
[7.461s] -- Found Threads: TRUE  
[7.519s] -- Found sensor_msgs: 4.9.0 (/opt/ros/humble/share/sensor_msgs/cmake)
[7.559s] -- Found tf2: 0.25.13 (/opt/ros/humble/share/tf2/cmake)
[7.621s] -- Configuring done
[7.736s] -- Generating done
[7.743s] -- Build files have been written to: /home/hp/turtlebot3_ws/build/turtlebot3_gazebo
[7.752s] Invoked command in '/home/hp/turtlebot3_ws/build/turtlebot3_gazebo' returned '0': CMAKE_PREFIX_PATH=/opt/ros/humble /usr/bin/cmake /home/hp/turtlebot3_ws/src/turtlebot3_simulations/turtlebot3_gazebo -DAMENT_CMAKE_SYMLINK_INSTALL=1 -DCMAKE_INSTALL_PREFIX=/home/hp/turtlebot3_ws/install/turtlebot3_gazebo
[7.753s] Invoking command in '/home/hp/turtlebot3_ws/build/turtlebot3_gazebo': CMAKE_PREFIX_PATH=/opt/ros/humble /usr/bin/cmake --build /home/hp/turtlebot3_ws/build/turtlebot3_gazebo -- -j12 -l12
[7.806s] [  8%] [32mBuilding CXX object CMakeFiles/obstacles.dir/src/obstacles.cpp.o[0m
[7.806s] [ 16%] [32mBuilding CXX object CMakeFiles/obstacle1.dir/src/obstacle1.cpp.o[0m
[7.806s] [ 33%] [32mBuilding CXX object CMakeFiles/turtlebot3_drive.dir/src/turtlebot3_drive.cpp.o[0m
[7.806s] [ 33%] [32mBuilding CXX object CMakeFiles/traffic_bar_plugin.dir/src/traffic_bar_plugin.cpp.o[0m
[7.807s] [ 41%] [32mBuilding CXX object CMakeFiles/obstacle2.dir/src/obstacle2.cpp.o[0m
[7.811s] [ 50%] [32mBuilding CXX object CMakeFiles/traffic_light_plugin.dir/src/traffic_light_plugin.cpp.o[0m
[24.315s] [ 58%] [32m[1mLinking CXX executable turtlebot3_drive[0m
[25.638s] [ 58%] Built target turtlebot3_drive
[31.484s] [ 66%] [32m[1mLinking CXX shared library libobstacle2.so[0m
[31.619s] [ 75%] [32m[1mLinking CXX shared library libtraffic_bar_plugin.so[0m
[31.770s] [ 75%] Built target obstacle2
[31.847s] [ 75%] Built target traffic_bar_plugin
[31.935s] [ 83%] [32m[1mLinking CXX shared library libtraffic_light_plugin.so[0m
[32.179s] [ 83%] Built target traffic_light_plugin
[32.792s] [ 91%] [32m[1mLinking CXX shared library libobstacles.so[0m
[32.976s] [ 91%] Built target obstacles
[33.326s] [100%] [32m[1mLinking CXX shared library libobstacle1.so[0m
[33.493s] [100%] Built target obstacle1
[33.501s] Invoked command in '/home/hp/turtlebot3_ws/build/turtlebot3_gazebo' returned '0': CMAKE_PREFIX_PATH=/opt/ros/humble /usr/bin/cmake --build /home/hp/turtlebot3_ws/build/turtlebot3_gazebo -- -j12 -l12
[33.503s] Invoking command in '/home/hp/turtlebot3_ws/build/turtlebot3_gazebo': CMAKE_PREFIX_PATH=/opt/ros/humble /usr/bin/cmake --install /home/hp/turtlebot3_ws/build/turtlebot3_gazebo
[33.508s] -- Install configuration: ""
[33.508s] -- Execute custom install script
[33.509s] -- Symlinking: /home/hp/turtlebot3_ws/install/turtlebot3_gazebo/lib/turtlebot3_gazebo/turtlebot3_drive
[33.515s] -- Symlinking: /home/hp/turtlebot3_ws/install/turtlebot3_gazebo/share/turtlebot3_gazebo//launch/empty_world.launch.py
[33.521s] -- Symlinking: /home/hp/turtlebot3_ws/install/turtlebot3_gazebo/share/turtlebot3_gazebo//launch/multi_robot.launch.py
[33.526s] -- Symlinking: /home/hp/turtlebot3_ws/install/turtlebot3_gazebo/share/turtlebot3_gazebo//launch/multi_spawn_turtlebot3.launch.py
[33.533s] -- Symlinking: /home/hp/turtlebot3_ws/install/turtlebot3_gazebo/share/turtlebot3_gazebo//launch/robot_state_publisher.launch.py
[33.539s] -- Symlinking: /home/hp/turtlebot3_ws/install/turtlebot3_gazebo/share/turtlebot3_gazebo//launch/spawn_turtlebot3.launch.py
[33.544s] -- Symlinking: /home/hp/turtlebot3_ws/install/turtlebot3_gazebo/share/turtlebot3_gazebo//launch/turtlebot3_autorace_2020.launch.py
[33.550s] -- Symlinking: /home/hp/turtlebot3_ws/install/turtlebot3_gazebo/share/turtlebot3_gazebo//launch/turtlebot3_dqn_stage1.launch.py
[33.556s] -- Symlinking: /home/hp/turtlebot3_ws/install/turtlebot3_gazebo/share/turtlebot3_gazebo//launch/turtlebot3_dqn_stage2.launch.py
[33.561s] -- Symlinking: /home/hp/turtlebot3_ws/install/turtlebot3_gazebo/share/turtlebot3_gazebo//launch/turtlebot3_dqn_stage3.launch.py
[33.567s] -- Symlinking: /home/hp/turtlebot3_ws/install/turtlebot3_gazebo/share/turtlebot3_gazebo//launch/turtlebot3_dqn_stage4.launch.py
[33.573s] -- Symlinking: /home/hp/turtlebot3_ws/install/turtlebot3_gazebo/share/turtlebot3_gazebo//launch/turtlebot3_house.launch.py
[33.579s] -- Symlinking: /home/hp/turtlebot3_ws/install/turtlebot3_gazebo/share/turtlebot3_gazebo//launch/turtlebot3_world.launch.py
[33.586s] -- Symlinking: /home/hp/turtlebot3_ws/install/turtlebot3_gazebo/share/turtlebot3_gazebo//models/turtlebot3_autorace_2020/checker/materials/checker.png
[33.592s] -- Symlinking: /home/hp/turtlebot3_ws/install/turtlebot3_gazebo/share/turtlebot3_gazebo//models/turtlebot3_autorace_2020/checker/materials/scripts/checker.material
[33.598s] -- Symlinking: /home/hp/turtlebot3_ws/install/turtlebot3_gazebo/share/turtlebot3_gazebo//models/turtlebot3_autorace_2020/checker/materials/textures/checker.png
[33.604s] -- Symlinking: /home/hp/turtlebot3_ws/install/turtlebot3_gazebo/share/turtlebot3_gazebo//models/turtlebot3_autorace_2020/checker/model.config
[33.610s] -- Symlinking: /home/hp/turtlebot3_ws/install/turtlebot3_gazebo/share/turtlebot3_gazebo//models/turtlebot3_autorace_2020/checker/model.sdf
[33.616s] -- Symlinking: /home/hp/turtlebot3_ws/install/turtlebot3_gazebo/share/turtlebot3_gazebo//models/turtlebot3_autorace_2020/course/materials/scripts/course.material
[33.622s] -- Symlinking: /home/hp/turtlebot3_ws/install/turtlebot3_gazebo/share/turtlebot3_gazebo//models/turtlebot3_autorace_2020/course/materials/textures/course.png
[33.629s] -- Symlinking: /home/hp/turtlebot3_ws/install/turtlebot3_gazebo/share/turtlebot3_gazebo//models/turtlebot3_autorace_2020/course/model.config
[33.635s] -- Symlinking: /home/hp/turtlebot3_ws/install/turtlebot3_gazebo/share/turtlebot3_gazebo//models/turtlebot3_autorace_2020/course/model.sdf
[33.641s] -- Symlinking: /home/hp/turtlebot3_ws/install/turtlebot3_gazebo/share/turtlebot3_gazebo//models/turtlebot3_autorace_2020/traffic_bar/materials/scripts/traffic_bar.material
[33.647s] -- Symlinking: /home/hp/turtlebot3_ws/install/turtlebot3_gazebo/share/turtlebot3_gazebo//models/turtlebot3_autorace_2020/traffic_bar/materials/textures/traffic_bar.png
[33.653s] -- Symlinking: /home/hp/turtlebot3_ws/install/turtlebot3_gazebo/share/turtlebot3_gazebo//models/turtlebot3_autorace_2020/traffic_bar/model.config
[33.660s] -- Symlinking: /home/hp/turtlebot3_ws/install/turtlebot3_gazebo/share/turtlebot3_gazebo//models/turtlebot3_autorace_2020/traffic_bar/model.sdf
[33.666s] -- Symlinking: /home/hp/turtlebot3_ws/install/turtlebot3_gazebo/share/turtlebot3_gazebo//models/turtlebot3_autorace_2020/traffic_construction/materials/scripts/traffic_construction.material
[33.673s] -- Symlinking: /home/hp/turtlebot3_ws/install/turtlebot3_gazebo/share/turtlebot3_gazebo//models/turtlebot3_autorace_2020/traffic_construction/materials/textures/traffic_construction.png
[33.679s] -- Symlinking: /home/hp/turtlebot3_ws/install/turtlebot3_gazebo/share/turtlebot3_gazebo//models/turtlebot3_autorace_2020/traffic_construction/model.config
[33.685s] -- Symlinking: /home/hp/turtlebot3_ws/install/turtlebot3_gazebo/share/turtlebot3_gazebo//models/turtlebot3_autorace_2020/traffic_construction/model.sdf
[33.691s] -- Symlinking: /home/hp/turtlebot3_ws/install/turtlebot3_gazebo/share/turtlebot3_gazebo//models/turtlebot3_autorace_2020/traffic_intersection/materials/scripts/traffic_intersection.material
[33.696s] -- Symlinking: /home/hp/turtlebot3_ws/install/turtlebot3_gazebo/share/turtlebot3_gazebo//models/turtlebot3_autorace_2020/traffic_intersection/materials/textures/traffic_intersection.png
[33.702s] -- Symlinking: /home/hp/turtlebot3_ws/install/turtlebot3_gazebo/share/turtlebot3_gazebo//models/turtlebot3_autorace_2020/traffic_intersection/model.config
[33.707s] -- Symlinking: /home/hp/turtlebot3_ws/install/turtlebot3_gazebo/share/turtlebot3_gazebo//models/turtlebot3_autorace_2020/traffic_intersection/model.sdf
[33.713s] -- Symlinking: /home/hp/turtlebot3_ws/install/turtlebot3_gazebo/share/turtlebot3_gazebo//models/turtlebot3_autorace_2020/traffic_left/materials/scripts/traffic_is_left.material
[33.719s] -- Symlinking: /home/hp/turtlebot3_ws/install/turtlebot3_gazebo/share/turtlebot3_gazebo//models/turtlebot3_autorace_2020/traffic_left/materials/textures/traffic_left.png
[33.725s] -- Symlinking: /home/hp/turtlebot3_ws/install/turtlebot3_gazebo/share/turtlebot3_gazebo//models/turtlebot3_autorace_2020/traffic_left/model.config
[33.730s] -- Symlinking: /home/hp/turtlebot3_ws/install/turtlebot3_gazebo/share/turtlebot3_gazebo//models/turtlebot3_autorace_2020/traffic_left/model.sdf
[33.736s] -- Symlinking: /home/hp/turtlebot3_ws/install/turtlebot3_gazebo/share/turtlebot3_gazebo//models/turtlebot3_autorace_2020/traffic_light/materials/scripts/traffic_light.material
[33.742s] -- Symlinking: /home/hp/turtlebot3_ws/install/turtlebot3_gazebo/share/turtlebot3_gazebo//models/turtlebot3_autorace_2020/traffic_light/materials/textures/traffic_light.png
[33.748s] -- Symlinking: /home/hp/turtlebot3_ws/install/turtlebot3_gazebo/share/turtlebot3_gazebo//models/turtlebot3_autorace_2020/traffic_light/materials/textures/traffic_light_green.png
[33.753s] -- Symlinking: /home/hp/turtlebot3_ws/install/turtlebot3_gazebo/share/turtlebot3_gazebo//models/turtlebot3_autorace_2020/traffic_light/materials/textures/traffic_light_red.png
[33.760s] -- Symlinking: /home/hp/turtlebot3_ws/install/turtlebot3_gazebo/share/turtlebot3_gazebo//models/turtlebot3_autorace_2020/traffic_light/materials/textures/traffic_light_yellow.png
[33.766s] -- Symlinking: /home/hp/turtlebot3_ws/install/turtlebot3_gazebo/share/turtlebot3_gazebo//models/turtlebot3_autorace_2020/traffic_light/model.config
[33.772s] -- Symlinking: /home/hp/turtlebot3_ws/install/turtlebot3_gazebo/share/turtlebot3_gazebo//models/turtlebot3_autorace_2020/traffic_light/model.sdf
[33.778s] -- Symlinking: /home/hp/turtlebot3_ws/install/turtlebot3_gazebo/share/turtlebot3_gazebo//models/turtlebot3_autorace_2020/traffic_noentry/materials/scripts/traffic_noentry.material
[33.784s] -- Symlinking: /home/hp/turtlebot3_ws/install/turtlebot3_gazebo/share/turtlebot3_gazebo//models/turtlebot3_autorace_2020/traffic_noentry/materials/textures/traffic_noentry.png
[33.790s] -- Symlinking: /home/hp/turtlebot3_ws/install/turtlebot3_gazebo/share/turtlebot3_gazebo//models/turtlebot3_autorace_2020/traffic_noentry/model.config
[33.796s] -- Symlinking: /home/hp/turtlebot3_ws/install/turtlebot3_gazebo/share/turtlebot3_gazebo//models/turtlebot3_autorace_2020/traffic_noentry/model.sdf
[33.802s] -- Symlinking: /home/hp/turtlebot3_ws/install/turtlebot3_gazebo/share/turtlebot3_gazebo//models/turtlebot3_autorace_2020/traffic_parking/materials/scripts/traffic_parking.material
[33.808s] -- Symlinking: /home/hp/turtlebot3_ws/install/turtlebot3_gazebo/share/turtlebot3_gazebo//models/turtlebot3_autorace_2020/traffic_parking/materials/textures/traffic_parking.png
[33.814s] -- Symlinking: /home/hp/turtlebot3_ws/install/turtlebot3_gazebo/share/turtlebot3_gazebo//models/turtlebot3_autorace_2020/traffic_parking/model.config
[33.820s] -- Symlinking: /home/hp/turtlebot3_ws/install/turtlebot3_gazebo/share/turtlebot3_gazebo//models/turtlebot3_autorace_2020/traffic_parking/model.sdf
[33.826s] -- Symlinking: /home/hp/turtlebot3_ws/install/turtlebot3_gazebo/share/turtlebot3_gazebo//models/turtlebot3_autorace_2020/traffic_pl_left/materials/scripts/traffic_pl_left.material
[33.832s] -- Symlinking: /home/hp/turtlebot3_ws/install/turtlebot3_gazebo/share/turtlebot3_gazebo//models/turtlebot3_autorace_2020/traffic_pl_left/materials/textures/traffic_pl_left.png
[33.837s] -- Symlinking: /home/hp/turtlebot3_ws/install/turtlebot3_gazebo/share/turtlebot3_gazebo//models/turtlebot3_autorace_2020/traffic_pl_left/model.config
[33.843s] -- Symlinking: /home/hp/turtlebot3_ws/install/turtlebot3_gazebo/share/turtlebot3_gazebo//models/turtlebot3_autorace_2020/traffic_pl_left/model.sdf
[33.849s] -- Symlinking: /home/hp/turtlebot3_ws/install/turtlebot3_gazebo/share/turtlebot3_gazebo//models/turtlebot3_autorace_2020/traffic_right/materials/scripts/traffic_right.material
[33.855s] -- Symlinking: /home/hp/turtlebot3_ws/install/turtlebot3_gazebo/share/turtlebot3_gazebo//models/turtlebot3_autorace_2020/traffic_right/materials/textures/traffic_right.png
[33.862s] -- Symlinking: /home/hp/turtlebot3_ws/install/turtlebot3_gazebo/share/turtlebot3_gazebo//models/turtlebot3_autorace_2020/traffic_right/model.config
[33.868s] -- Symlinking: /home/hp/turtlebot3_ws/install/turtlebot3_gazebo/share/turtlebot3_gazebo//models/turtlebot3_autorace_2020/traffic_right/model.sdf
[33.875s] -- Symlinking: /home/hp/turtlebot3_ws/install/turtlebot3_gazebo/share/turtlebot3_gazebo//models/turtlebot3_autorace_2020/traffic_stop/materials/scripts/traffic_stop.material
[33.881s] -- Symlinking: /home/hp/turtlebot3_ws/install/turtlebot3_gazebo/share/turtlebot3_gazebo//models/turtlebot3_autorace_2020/traffic_stop/materials/textures/traffic_stop.png
[33.887s] -- Symlinking: /home/hp/turtlebot3_ws/install/turtlebot3_gazebo/share/turtlebot3_gazebo//models/turtlebot3_autorace_2020/traffic_stop/model.config
[33.893s] -- Symlinking: /home/hp/turtlebot3_ws/install/turtlebot3_gazebo/share/turtlebot3_gazebo//models/turtlebot3_autorace_2020/traffic_stop/model.sdf
[33.899s] -- Symlinking: /home/hp/turtlebot3_ws/install/turtlebot3_gazebo/share/turtlebot3_gazebo//models/turtlebot3_autorace_2020/traffic_tunnel/materials/scripts/tunnel.material
[33.905s] -- Symlinking: /home/hp/turtlebot3_ws/install/turtlebot3_gazebo/share/turtlebot3_gazebo//models/turtlebot3_autorace_2020/traffic_tunnel/materials/textures/tunnel.png
[33.911s] -- Symlinking: /home/hp/turtlebot3_ws/install/turtlebot3_gazebo/share/turtlebot3_gazebo//models/turtlebot3_autorace_2020/traffic_tunnel/model.config
[33.916s] -- Symlinking: /home/hp/turtlebot3_ws/install/turtlebot3_gazebo/share/turtlebot3_gazebo//models/turtlebot3_autorace_2020/traffic_tunnel/model.sdf
[33.923s] -- Symlinking: /home/hp/turtlebot3_ws/install/turtlebot3_gazebo/share/turtlebot3_gazebo//models/turtlebot3_burger/model-1_4.sdf
[33.929s] -- Symlinking: /home/hp/turtlebot3_ws/install/turtlebot3_gazebo/share/turtlebot3_gazebo//models/turtlebot3_burger/model.config
[33.935s] -- Symlinking: /home/hp/turtlebot3_ws/install/turtlebot3_gazebo/share/turtlebot3_gazebo//models/turtlebot3_burger/model.sdf
[33.942s] -- Symlinking: /home/hp/turtlebot3_ws/install/turtlebot3_gazebo/share/turtlebot3_gazebo//models/turtlebot3_burger_cam/model-1_4.sdf
[33.948s] -- Symlinking: /home/hp/turtlebot3_ws/install/turtlebot3_gazebo/share/turtlebot3_gazebo//models/turtlebot3_burger_cam/model.config
[33.954s] -- Symlinking: /home/hp/turtlebot3_ws/install/turtlebot3_gazebo/share/turtlebot3_gazebo//models/turtlebot3_burger_cam/model.sdf
[33.961s] -- Symlinking: /home/hp/turtlebot3_ws/install/turtlebot3_gazebo/share/turtlebot3_gazebo//models/turtlebot3_common/meshes/bases/burger_base.stl
[33.966s] -- Symlinking: /home/hp/turtlebot3_ws/install/turtlebot3_gazebo/share/turtlebot3_gazebo//models/turtlebot3_common/meshes/bases/waffle_base.stl
[33.972s] -- Symlinking: /home/hp/turtlebot3_ws/install/turtlebot3_gazebo/share/turtlebot3_gazebo//models/turtlebot3_common/meshes/bases/waffle_pi_base.stl
[33.978s] -- Symlinking: /home/hp/turtlebot3_ws/install/turtlebot3_gazebo/share/turtlebot3_gazebo//models/turtlebot3_common/meshes/burger_base.dae
[33.984s] -- Symlinking: /home/hp/turtlebot3_ws/install/turtlebot3_gazebo/share/turtlebot3_gazebo//models/turtlebot3_common/meshes/lds.dae
[33.989s] -- Symlinking: /home/hp/turtlebot3_ws/install/turtlebot3_gazebo/share/turtlebot3_gazebo//models/turtlebot3_common/meshes/r200.dae
[33.995s] -- Symlinking: /home/hp/turtlebot3_ws/install/turtlebot3_gazebo/share/turtlebot3_gazebo//models/turtlebot3_common/meshes/sensors/astra.dae
[34.000s] -- Symlinking: /home/hp/turtlebot3_ws/install/turtlebot3_gazebo/share/turtlebot3_gazebo//models/turtlebot3_common/meshes/sensors/astra.jpg
[34.006s] -- Symlinking: /home/hp/turtlebot3_ws/install/turtlebot3_gazebo/share/turtlebot3_gazebo//models/turtlebot3_common/meshes/sensors/lds.stl
[34.011s] -- Symlinking: /home/hp/turtlebot3_ws/install/turtlebot3_gazebo/share/turtlebot3_gazebo//models/turtlebot3_common/meshes/sensors/r200.dae
[34.017s] -- Symlinking: /home/hp/turtlebot3_ws/install/turtlebot3_gazebo/share/turtlebot3_gazebo//models/turtlebot3_common/meshes/sensors/r200.jpg
[34.022s] -- Symlinking: /home/hp/turtlebot3_ws/install/turtlebot3_gazebo/share/turtlebot3_gazebo//models/turtlebot3_common/meshes/tire.dae
[34.028s] -- Symlinking: /home/hp/turtlebot3_ws/install/turtlebot3_gazebo/share/turtlebot3_gazebo//models/turtlebot3_common/meshes/waffle_base.dae
[34.033s] -- Symlinking: /home/hp/turtlebot3_ws/install/turtlebot3_gazebo/share/turtlebot3_gazebo//models/turtlebot3_common/meshes/waffle_pi_base.dae
[34.039s] -- Symlinking: /home/hp/turtlebot3_ws/install/turtlebot3_gazebo/share/turtlebot3_gazebo//models/turtlebot3_common/meshes/wheels/left_tire.stl
[34.045s] -- Symlinking: /home/hp/turtlebot3_ws/install/turtlebot3_gazebo/share/turtlebot3_gazebo//models/turtlebot3_common/meshes/wheels/right_tire.stl
[34.050s] -- Symlinking: /home/hp/turtlebot3_ws/install/turtlebot3_gazebo/share/turtlebot3_gazebo//models/turtlebot3_common/model.config
[34.056s] -- Symlinking: /home/hp/turtlebot3_ws/install/turtlebot3_gazebo/share/turtlebot3_gazebo//models/turtlebot3_dqn_world/goal_box/model.config
[34.062s] -- Symlinking: /home/hp/turtlebot3_ws/install/turtlebot3_gazebo/share/turtlebot3_gazebo//models/turtlebot3_dqn_world/goal_box/model.sdf
[34.067s] -- Symlinking: /home/hp/turtlebot3_ws/install/turtlebot3_gazebo/share/turtlebot3_gazebo//models/turtlebot3_dqn_world/inner_walls/model.config
[34.073s] -- Symlinking: /home/hp/turtlebot3_ws/install/turtlebot3_gazebo/share/turtlebot3_gazebo//models/turtlebot3_dqn_world/inner_walls/model.sdf
[34.078s] -- Symlinking: /home/hp/turtlebot3_ws/install/turtlebot3_gazebo/share/turtlebot3_gazebo//models/turtlebot3_dqn_world/model.config
[34.084s] -- Symlinking: /home/hp/turtlebot3_ws/install/turtlebot3_gazebo/share/turtlebot3_gazebo//models/turtlebot3_dqn_world/model.sdf
[34.089s] -- Symlinking: /home/hp/turtlebot3_ws/install/turtlebot3_gazebo/share/turtlebot3_gazebo//models/turtlebot3_dqn_world/obstacle1/model.config
[34.095s] -- Symlinking: /home/hp/turtlebot3_ws/install/turtlebot3_gazebo/share/turtlebot3_gazebo//models/turtlebot3_dqn_world/obstacle1/model.sdf
[34.100s] -- Symlinking: /home/hp/turtlebot3_ws/install/turtlebot3_gazebo/share/turtlebot3_gazebo//models/turtlebot3_dqn_world/obstacle2/model.config
[34.105s] -- Symlinking: /home/hp/turtlebot3_ws/install/turtlebot3_gazebo/share/turtlebot3_gazebo//models/turtlebot3_dqn_world/obstacle2/model.sdf
[34.111s] -- Symlinking: /home/hp/turtlebot3_ws/install/turtlebot3_gazebo/share/turtlebot3_gazebo//models/turtlebot3_dqn_world/obstacles/model.config
[34.116s] -- Symlinking: /home/hp/turtlebot3_ws/install/turtlebot3_gazebo/share/turtlebot3_gazebo//models/turtlebot3_dqn_world/obstacles/model.sdf
[34.122s] -- Symlinking: /home/hp/turtlebot3_ws/install/turtlebot3_gazebo/share/turtlebot3_gazebo//models/turtlebot3_house/model.config
[34.128s] -- Symlinking: /home/hp/turtlebot3_ws/install/turtlebot3_gazebo/share/turtlebot3_gazebo//models/turtlebot3_house/model.sdf
[34.133s] -- Symlinking: /home/hp/turtlebot3_ws/install/turtlebot3_gazebo/share/turtlebot3_gazebo//models/turtlebot3_waffle/model-1_4.sdf
[34.139s] -- Symlinking: /home/hp/turtlebot3_ws/install/turtlebot3_gazebo/share/turtlebot3_gazebo//models/turtlebot3_waffle/model.config
[34.145s] -- Symlinking: /home/hp/turtlebot3_ws/install/turtlebot3_gazebo/share/turtlebot3_gazebo//models/turtlebot3_waffle/model.sdf
[34.150s] -- Symlinking: /home/hp/turtlebot3_ws/install/turtlebot3_gazebo/share/turtlebot3_gazebo//models/turtlebot3_waffle_pi/model-1_4_.sdf
[34.156s] -- Symlinking: /home/hp/turtlebot3_ws/install/turtlebot3_gazebo/share/turtlebot3_gazebo//models/turtlebot3_waffle_pi/model.config
[34.161s] -- Symlinking: /home/hp/turtlebot3_ws/install/turtlebot3_gazebo/share/turtlebot3_gazebo//models/turtlebot3_waffle_pi/model.sdf
[34.167s] -- Symlinking: /home/hp/turtlebot3_ws/install/turtlebot3_gazebo/share/turtlebot3_gazebo//models/turtlebot3_world/meshes/hexagon.dae
[34.173s] -- Symlinking: /home/hp/turtlebot3_ws/install/turtlebot3_gazebo/share/turtlebot3_gazebo//models/turtlebot3_world/meshes/wall.dae
[34.178s] -- Symlinking: /home/hp/turtlebot3_ws/install/turtlebot3_gazebo/share/turtlebot3_gazebo//models/turtlebot3_world/model-1_4.sdf
[34.184s] -- Symlinking: /home/hp/turtlebot3_ws/install/turtlebot3_gazebo/share/turtlebot3_gazebo//models/turtlebot3_world/model.config
[34.190s] -- Symlinking: /home/hp/turtlebot3_ws/install/turtlebot3_gazebo/share/turtlebot3_gazebo//models/turtlebot3_world/model.sdf
[34.196s] -- Symlinking: /home/hp/turtlebot3_ws/install/turtlebot3_gazebo/share/turtlebot3_gazebo//rviz/tb3_gazebo.rviz
[34.201s] -- Symlinking: /home/hp/turtlebot3_ws/install/turtlebot3_gazebo/share/turtlebot3_gazebo//urdf/common_properties.urdf
[34.206s] -- Symlinking: /home/hp/turtlebot3_ws/install/turtlebot3_gazebo/share/turtlebot3_gazebo//urdf/turtlebot3_burger.urdf
[34.211s] -- Symlinking: /home/hp/turtlebot3_ws/install/turtlebot3_gazebo/share/turtlebot3_gazebo//urdf/turtlebot3_burger_cam.urdf
[34.216s] -- Symlinking: /home/hp/turtlebot3_ws/install/turtlebot3_gazebo/share/turtlebot3_gazebo//urdf/turtlebot3_waffle.urdf
[34.221s] -- Symlinking: /home/hp/turtlebot3_ws/install/turtlebot3_gazebo/share/turtlebot3_gazebo//urdf/turtlebot3_waffle_pi.urdf
[34.227s] -- Symlinking: /home/hp/turtlebot3_ws/install/turtlebot3_gazebo/share/turtlebot3_gazebo//worlds/empty_world.world
[34.232s] -- Symlinking: /home/hp/turtlebot3_ws/install/turtlebot3_gazebo/share/turtlebot3_gazebo//worlds/turtlebot3_autorace_2020.world
[34.237s] -- Symlinking: /home/hp/turtlebot3_ws/install/turtlebot3_gazebo/share/turtlebot3_gazebo//worlds/turtlebot3_dqn_stage1.world
[34.242s] -- Symlinking: /home/hp/turtlebot3_ws/install/turtlebot3_gazebo/share/turtlebot3_gazebo//worlds/turtlebot3_dqn_stage2.world
[34.247s] -- Symlinking: /home/hp/turtlebot3_ws/install/turtlebot3_gazebo/share/turtlebot3_gazebo//worlds/turtlebot3_dqn_stage3.world
[34.252s] -- Symlinking: /home/hp/turtlebot3_ws/install/turtlebot3_gazebo/share/turtlebot3_gazebo//worlds/turtlebot3_dqn_stage4.world
[34.258s] -- Symlinking: /home/hp/turtlebot3_ws/install/turtlebot3_gazebo/share/turtlebot3_gazebo//worlds/turtlebot3_house.world
[34.263s] -- Symlinking: /home/hp/turtlebot3_ws/install/turtlebot3_gazebo/share/turtlebot3_gazebo//worlds/turtlebot3_world.world
[34.268s] -- Symlinking: /home/hp/turtlebot3_ws/install/turtlebot3_gazebo/include//turtlebot3_gazebo/obstacle1.hpp
[34.273s] -- Symlinking: /home/hp/turtlebot3_ws/install/turtlebot3_gazebo/include//turtlebot3_gazebo/obstacle2.hpp
[34.278s] -- Symlinking: /home/hp/turtlebot3_ws/install/turtlebot3_gazebo/include//turtlebot3_gazebo/obstacles.hpp
[34.284s] -- Symlinking: /home/hp/turtlebot3_ws/install/turtlebot3_gazebo/include//turtlebot3_gazebo/traffic_bar_plugin.hpp
[34.289s] -- Symlinking: /home/hp/turtlebot3_ws/install/turtlebot3_gazebo/include//turtlebot3_gazebo/traffic_light_plugin.hpp
[34.294s] -- Symlinking: /home/hp/turtlebot3_ws/install/turtlebot3_gazebo/include//turtlebot3_gazebo/turtlebot3_drive.hpp
[34.299s] -- Symlinking: /home/hp/turtlebot3_ws/install/turtlebot3_gazebo/share/ament_index/resource_index/package_run_dependencies/turtlebot3_gazebo
[34.304s] -- Symlinking: /home/hp/turtlebot3_ws/install/turtlebot3_gazebo/share/ament_index/resource_index/parent_prefix_path/turtlebot3_gazebo
[34.309s] -- Symlinking: /home/hp/turtlebot3_ws/install/turtlebot3_gazebo/share/turtlebot3_gazebo/environment/ament_prefix_path.sh
[34.314s] -- Symlinking: /home/hp/turtlebot3_ws/install/turtlebot3_gazebo/share/turtlebot3_gazebo/environment/ament_prefix_path.dsv
[34.320s] -- Symlinking: /home/hp/turtlebot3_ws/install/turtlebot3_gazebo/share/turtlebot3_gazebo/environment/path.sh
[34.325s] -- Symlinking: /home/hp/turtlebot3_ws/install/turtlebot3_gazebo/share/turtlebot3_gazebo/environment/path.dsv
[34.329s] -- Symlinking: /home/hp/turtlebot3_ws/install/turtlebot3_gazebo/share/turtlebot3_gazebo/local_setup.bash
[34.334s] -- Symlinking: /home/hp/turtlebot3_ws/install/turtlebot3_gazebo/share/turtlebot3_gazebo/local_setup.sh
[34.339s] -- Symlinking: /home/hp/turtlebot3_ws/install/turtlebot3_gazebo/share/turtlebot3_gazebo/local_setup.zsh
[34.345s] -- Symlinking: /home/hp/turtlebot3_ws/install/turtlebot3_gazebo/share/turtlebot3_gazebo/local_setup.dsv
[34.350s] -- Symlinking: /home/hp/turtlebot3_ws/install/turtlebot3_gazebo/share/turtlebot3_gazebo/package.dsv
[34.355s] -- Symlinking: /home/hp/turtlebot3_ws/install/turtlebot3_gazebo/share/ament_index/resource_index/packages/turtlebot3_gazebo
[34.361s] -- Symlinking: /home/hp/turtlebot3_ws/install/turtlebot3_gazebo/share/turtlebot3_gazebo/cmake/ament_cmake_export_include_directories-extras.cmake
[34.366s] -- Symlinking: /home/hp/turtlebot3_ws/install/turtlebot3_gazebo/share/turtlebot3_gazebo/cmake/ament_cmake_export_dependencies-extras.cmake
[34.371s] -- Symlinking: /home/hp/turtlebot3_ws/install/turtlebot3_gazebo/share/turtlebot3_gazebo/cmake/turtlebot3_gazeboConfig.cmake
[34.377s] -- Symlinking: /home/hp/turtlebot3_ws/install/turtlebot3_gazebo/share/turtlebot3_gazebo/cmake/turtlebot3_gazeboConfig-version.cmake
[34.382s] -- Symlinking: /home/hp/turtlebot3_ws/install/turtlebot3_gazebo/share/turtlebot3_gazebo/package.xml
[34.388s] Invoked command in '/home/hp/turtlebot3_ws/build/turtlebot3_gazebo' returned '0': CMAKE_PREFIX_PATH=/opt/ros/humble /usr/bin/cmake --install /home/hp/turtlebot3_ws/build/turtlebot3_gazebo
