[0.825s] Invoking command in '/home/sameer/turtle_ws/src/turtle_control': PYTHONPATH=/home/sameer/turtle_ws/build/turtle_control/prefix_override:/usr/lib/python3/dist-packages/colcon_core/task/python/colcon_distutils_commands:/home/sameer/turtle_ws/install/turtle_control/lib/python3.10/site-packages:${PYTHONPATH} /usr/bin/python3 -W ignore:setup.py install is deprecated -W ignore:easy_install command is deprecated setup.py egg_info --egg-base ../../build/turtle_control build --build-base /home/sameer/turtle_ws/build/turtle_control/build install --record /home/sameer/turtle_ws/build/turtle_control/install.log --single-version-externally-managed install_data
[1.039s] /home/sameer/.local/lib/python3.10/site-packages/setuptools/_distutils/dist.py:289: UserWarning: Unknown distribution option: 'tests_require'
[1.039s]   warnings.warn(msg)
[1.150s] running egg_info
[1.171s] writing ../../build/turtle_control/turtle_control.egg-info/PKG-INFO
[1.171s] writing dependency_links to ../../build/turtle_control/turtle_control.egg-info/dependency_links.txt
[1.172s] writing entry points to ../../build/turtle_control/turtle_control.egg-info/entry_points.txt
[1.172s] writing requirements to ../../build/turtle_control/turtle_control.egg-info/requires.txt
[1.172s] writing top-level names to ../../build/turtle_control/turtle_control.egg-info/top_level.txt
[1.221s] reading manifest file '../../build/turtle_control/turtle_control.egg-info/SOURCES.txt'
[1.223s] writing manifest file '../../build/turtle_control/turtle_control.egg-info/SOURCES.txt'
[1.224s] running build
[1.224s] running build_py
[1.224s] copying turtle_control/turtle_controller.py -> /home/sameer/turtle_ws/build/turtle_control/build/lib/turtle_control
[1.224s] running install
[1.234s] running install_lib
[1.257s] running install_data
[1.258s] running install_egg_info
[1.279s] removing '/home/sameer/turtle_ws/install/turtle_control/lib/python3.10/site-packages/turtle_control-0.0.0-py3.10.egg-info' (and everything under it)
[1.279s] Copying ../../build/turtle_control/turtle_control.egg-info to /home/sameer/turtle_ws/install/turtle_control/lib/python3.10/site-packages/turtle_control-0.0.0-py3.10.egg-info
[1.280s] running install_scripts
[1.323s] Installing turtle_controller script to /home/sameer/turtle_ws/install/turtle_control/lib/turtle_control
[1.323s] writing list of installed files to '/home/sameer/turtle_ws/build/turtle_control/install.log'
[1.364s] Invoked command in '/home/sameer/turtle_ws/src/turtle_control' returned '0': PYTHONPATH=/home/sameer/turtle_ws/build/turtle_control/prefix_override:/usr/lib/python3/dist-packages/colcon_core/task/python/colcon_distutils_commands:/home/sameer/turtle_ws/install/turtle_control/lib/python3.10/site-packages:${PYTHONPATH} /usr/bin/python3 -W ignore:setup.py install is deprecated -W ignore:easy_install command is deprecated setup.py egg_info --egg-base ../../build/turtle_control build --build-base /home/sameer/turtle_ws/build/turtle_control/build install --record /home/sameer/turtle_ws/build/turtle_control/install.log --single-version-externally-managed install_data
